{"numTotalTestSuites":6,"numPassedTestSuites":4,"numFailedTestSuites":2,"numPendingTestSuites":0,"numTotalTests":46,"numPassedTests":45,"numFailedTests":1,"numPendingTests":0,"numTodoTests":0,"snapshot":{"added":0,"failure":false,"filesAdded":0,"filesRemoved":0,"filesRemovedList":[],"filesUnmatched":0,"filesUpdated":0,"matched":0,"total":0,"unchecked":0,"uncheckedKeysByFile":[],"unmatched":0,"updated":0,"didUpdate":false},"startTime":1776886641655,"success":false,"testResults":[{"assertionResults":[{"ancestorTitles":["auth-security-runtime"],"fullName":"auth-security-runtime starts and resolves TOTP enrollment from the session","status":"passed","title":"starts and resolves TOTP enrollment from the session","duration":2.3722999999999956,"failureMessages":[],"meta":{},"tags":[]},{"ancestorTitles":["auth-security-runtime"],"fullName":"auth-security-runtime consumes matching recovery codes and persists the remaining set","status":"passed","title":"consumes matching recovery codes and persists the remaining set","duration":0.7737999999999374,"failureMessages":[],"meta":{},"tags":[]},{"ancestorTitles":["auth-security-runtime"],"fullName":"auth-security-runtime builds security summary with oauth email suggestion and separated local auth identifiers","status":"passed","title":"builds security summary with oauth email suggestion and separated local auth identifiers","duration":6.065899999999942,"failureMessages":[],"meta":{},"tags":[]},{"ancestorTitles":["auth-security-runtime"],"fullName":"auth-security-runtime prefers the most recent verified oauth email when building security summary","status":"passed","title":"prefers the most recent verified oauth email when building security summary","duration":0.35019999999997253,"failureMessages":[],"meta":{},"tags":[]},{"ancestorTitles":["auth-security-runtime"],"fullName":"auth-security-runtime falls back to the most recent unverified oauth email when no verified email exists","status":"passed","title":"falls back to the most recent unverified oauth email when no verified email exists","duration":0.27680000000009386,"failureMessages":[],"meta":{},"tags":[]},{"ancestorTitles":["auth-security-runtime"],"fullName":"auth-security-runtime returns null oauth email suggestion when identities do not provide email","status":"passed","title":"returns null oauth email suggestion when identities do not provide email","duration":0.24329999999997654,"failureMessages":[],"meta":{},"tags":[]},{"ancestorTitles":["auth-security-runtime"],"fullName":"auth-security-runtime marks local auth pending only when local auth requires totp and totp is still disabled","status":"passed","title":"marks local auth pending only when local auth requires totp and totp is still disabled","duration":0.25890000000003965,"failureMessages":[],"meta":{},"tags":[]},{"ancestorTitles":["auth-security-runtime"],"fullName":"auth-security-runtime does not mark local auth pending when totp is already enabled","status":"passed","title":"does not mark local auth pending when totp is already enabled","duration":0.2335000000000491,"failureMessages":[],"meta":{},"tags":[]},{"ancestorTitles":["auth-security-runtime"],"fullName":"auth-security-runtime returns null local auth fields when local auth is not configured","status":"passed","title":"returns null local auth fields when local auth is not configured","duration":0.2479000000000724,"failureMessages":[],"meta":{},"tags":[]},{"ancestorTitles":["auth-security-runtime"],"fullName":"auth-security-runtime uses username as compatibility identifier when local auth has no email","status":"passed","title":"uses username as compatibility identifier when local auth has no email","duration":0.21850000000006276,"failureMessages":[],"meta":{},"tags":[]},{"ancestorTitles":["auth-security-runtime"],"fullName":"auth-security-runtime prefers local auth email over username in compatibility identifier","status":"passed","title":"prefers local auth email over username in compatibility identifier","duration":0.1511000000000422,"failureMessages":[],"meta":{},"tags":[]},{"ancestorTitles":["auth-security-runtime"],"fullName":"auth-security-runtime reports local auth enabled only when password hash exists and record is active","status":"passed","title":"reports local auth enabled only when password hash exists and record is active","duration":0.13250000000005002,"failureMessages":[],"meta":{},"tags":[]},{"ancestorTitles":["auth-security-runtime"],"fullName":"auth-security-runtime reports local auth disabled when record is disabled","status":"passed","title":"reports local auth disabled when record is disabled","duration":0.12730000000010477,"failureMessages":[],"meta":{},"tags":[]},{"ancestorTitles":["auth-security-runtime"],"fullName":"auth-security-runtime reports local auth enabled when active password hash exists","status":"passed","title":"reports local auth enabled when active password hash exists","duration":0.10059999999998581,"failureMessages":[],"meta":{},"tags":[]},{"ancestorTitles":["auth-security-runtime"],"fullName":"auth-security-runtime returns no oauth suggestion when identity loader is absent or empty","status":"passed","title":"returns no oauth suggestion when identity loader is absent or empty","duration":0.10529999999994288,"failureMessages":[],"meta":{},"tags":[]},{"ancestorTitles":["auth-security-runtime"],"fullName":"auth-security-runtime keeps local auth compatibility identifier null when no local identifiers exist","status":"passed","title":"keeps local auth compatibility identifier null when no local identifiers exist","duration":0.12239999999997053,"failureMessages":[],"meta":{},"tags":[]},{"ancestorTitles":["auth-security-runtime"],"fullName":"auth-security-runtime ignores disabled identities when summarizing oauth email","status":"passed","title":"ignores disabled identities when summarizing oauth email","duration":0.13420000000007803,"failureMessages":[],"meta":{},"tags":[]},{"ancestorTitles":["auth-security-runtime"],"fullName":"auth-security-runtime accepts identity records ordered with verified email taking priority over recency","status":"passed","title":"accepts identity records ordered with verified email taking priority over recency","duration":0.13779999999997017,"failureMessages":[],"meta":{},"tags":[]},{"ancestorTitles":["auth-security-runtime"],"fullName":"auth-security-runtime uses lastUsedAt before updatedAt when picking oauth email suggestion","status":"passed","title":"uses lastUsedAt before updatedAt when picking oauth email suggestion","duration":0.12559999999996307,"failureMessages":[],"meta":{},"tags":[]},{"ancestorTitles":["auth-security-runtime"],"fullName":"auth-security-runtime uses linkedAt when other oauth identity timestamps are absent","status":"passed","title":"uses linkedAt when other oauth identity timestamps are absent","duration":0.11479999999994561,"failureMessages":[],"meta":{},"tags":[]},{"ancestorTitles":["auth-security-runtime"],"fullName":"auth-security-runtime treats malformed oauth timestamps as lowest priority","status":"passed","title":"treats malformed oauth timestamps as lowest priority","duration":0.10429999999996653,"failureMessages":[],"meta":{},"tags":[]},{"ancestorTitles":["auth-security-runtime"],"fullName":"auth-security-runtime does not expose oauth suggestion when every email value is empty","status":"passed","title":"does not expose oauth suggestion when every email value is empty","duration":0.14610000000004675,"failureMessages":[],"meta":{},"tags":[]},{"ancestorTitles":["auth-security-runtime"],"fullName":"auth-security-runtime keeps active session count in security summary","status":"passed","title":"keeps active session count in security summary","duration":0.13160000000004857,"failureMessages":[],"meta":{},"tags":[]},{"ancestorTitles":["auth-security-runtime"],"fullName":"auth-security-runtime keeps recovery code count in security summary","status":"passed","title":"keeps recovery code count in security summary","duration":0.11919999999997799,"failureMessages":[],"meta":{},"tags":[]},{"ancestorTitles":["auth-security-runtime"],"fullName":"auth-security-runtime marks totp disabled in summary when mfa record is disabled","status":"passed","title":"marks totp disabled in summary when mfa record is disabled","duration":0.12170000000003256,"failureMessages":[],"meta":{},"tags":[]},{"ancestorTitles":["auth-security-runtime"],"fullName":"auth-security-runtime preserves issuer and account label metadata in summary","status":"passed","title":"preserves issuer and account label metadata in summary","duration":0.10099999999999909,"failureMessages":[],"meta":{},"tags":[]},{"ancestorTitles":["auth-security-runtime"],"fullName":"auth-security-runtime exposes icon url metadata in summary","status":"passed","title":"exposes icon url metadata in summary","duration":0.08520000000009986,"failureMessages":[],"meta":{},"tags":[]},{"ancestorTitles":["auth-security-runtime"],"fullName":"auth-security-runtime returns false local auth pending when there is no local auth record","status":"passed","title":"returns false local auth pending when there is no local auth record","duration":0.07779999999991105,"failureMessages":[],"meta":{},"tags":[]},{"ancestorTitles":["auth-security-runtime"],"fullName":"auth-security-runtime returns false local auth enabled when there is no local auth record","status":"passed","title":"returns false local auth enabled when there is no local auth record","duration":0.0745000000000573,"failureMessages":[],"meta":{},"tags":[]},{"ancestorTitles":["auth-security-runtime"],"fullName":"auth-security-runtime throttles session index updates by SID touch interval","status":"passed","title":"throttles session index updates by SID touch interval","duration":1.2765000000000555,"failureMessages":[],"meta":{},"tags":[]}],"startTime":1776886642589,"endTime":1776886642604.2766,"status":"passed","message":"","name":"D:/dev/nekomorto/src/server/auth-security-runtime.test.ts"},{"assertionResults":[{"ancestorTitles":["registerAuthRoutes"],"fullName":"registerAuthRoutes rate limits Discord auth before generating oauth state","status":"passed","title":"rate limits Discord auth before generating oauth state","duration":11.064700000000016,"failureMessages":[],"meta":{},"tags":[]},{"ancestorTitles":["registerAuthRoutes"],"fullName":"registerAuthRoutes skips the oauth callback limiter when /login has no callback params","status":"passed","title":"skips the oauth callback limiter when /login has no callback params","duration":0.9488999999999805,"failureMessages":[],"meta":{},"tags":[]},{"ancestorTitles":["registerAuthRoutes"],"fullName":"registerAuthRoutes rate limits the oauth callback before contacting Discord","status":"passed","title":"rate limits the oauth callback before contacting Discord","duration":2.1779999999999973,"failureMessages":[],"meta":{},"tags":[]},{"ancestorTitles":["registerAuthRoutes"],"fullName":"registerAuthRoutes rate limits MFA verification before code validation","status":"passed","title":"rate limits MFA verification before code validation","duration":1.6790000000000873,"failureMessages":[],"meta":{},"tags":[]},{"ancestorTitles":["registerAuthRoutes"],"fullName":"registerAuthRoutes rejects MFA verification before the handler when no pending session exists","status":"passed","title":"rejects MFA verification before the handler when no pending session exists","duration":0.7904000000000906,"failureMessages":[],"meta":{},"tags":[]},{"ancestorTitles":["registerAuthRoutes"],"fullName":"registerAuthRoutes returns gone for password login because the flow is disabled","status":"passed","title":"returns gone for password login because the flow is disabled","duration":0.8098999999999705,"failureMessages":[],"meta":{},"tags":[]},{"ancestorTitles":["registerAuthRoutes"],"fullName":"registerAuthRoutes returns gone for password login even when the identifier looks valid","status":"passed","title":"returns gone for password login even when the identifier looks valid","duration":0.9411000000000058,"failureMessages":[],"meta":{},"tags":[]},{"ancestorTitles":["registerAuthRoutes"],"fullName":"registerAuthRoutes starts Google auth with the resolved callback URI","status":"passed","title":"starts Google auth with the resolved callback URI","duration":0.9979000000000724,"failureMessages":[],"meta":{},"tags":[]},{"ancestorTitles":["registerAuthRoutes"],"fullName":"registerAuthRoutes persists the resolved Google redirect URI in session before redirecting","status":"passed","title":"persists the resolved Google redirect URI in session before redirecting","duration":0.7855000000001837,"failureMessages":[],"meta":{},"tags":[]},{"ancestorTitles":["registerAuthRoutes"],"fullName":"registerAuthRoutes uses the session Google redirect URI during token exchange","status":"passed","title":"uses the session Google redirect URI during token exchange","duration":1.5393000000001393,"failureMessages":[],"meta":{},"tags":[]},{"ancestorTitles":["registerAuthRoutes"],"fullName":"registerAuthRoutes uses user_identities to resolve Google callback","status":"passed","title":"uses user_identities to resolve Google callback","duration":0.8706999999999425,"failureMessages":[],"meta":{},"tags":[]},{"ancestorTitles":["registerAuthRoutes"],"fullName":"registerAuthRoutes rejects Google callback when email is not verified","status":"passed","title":"rejects Google callback when email is not verified","duration":0.7849999999998545,"failureMessages":[],"meta":{},"tags":[]},{"ancestorTitles":["registerAuthRoutes"],"fullName":"registerAuthRoutes uses user_identities to resolve Discord callback","status":"passed","title":"uses user_identities to resolve Discord callback","duration":1.0016000000000531,"failureMessages":[],"meta":{},"tags":[]},{"ancestorTitles":["registerAuthRoutes"],"fullName":"registerAuthRoutes rejects Discord callback when identity is missing","status":"passed","title":"rejects Discord callback when identity is missing","duration":0.7518999999999778,"failureMessages":[],"meta":{},"tags":[]},{"ancestorTitles":["registerAuthRoutes"],"fullName":"registerAuthRoutes clears the session cookie with the same secure attributes on logout","status":"passed","title":"clears the session cookie with the same secure attributes on logout","duration":0.9780000000000655,"failureMessages":[],"meta":{},"tags":[]}],"startTime":1776886642708,"endTime":1776886642734.978,"status":"passed","message":"","name":"D:/dev/nekomorto/src/server/register-auth-routes.test.ts"},{"assertionResults":[{"ancestorTitles":["server/index boot smoke"],"fullName":"server/index boot smoke imports the real composition root without binding a live port","status":"failed","title":"imports the real composition root without binding a live port","duration":1901.8565,"failureMessages":["Error: promise rejected \"Error: [bootstrap] registerAuthRoutes mis…\" instead of resolving\n    at _Assertion.__VITEST_RESOLVES__ (file:///D:/dev/nekomorto/node_modules/@vitest/expect/dist/index.js:1710:17)\n    at _Assertion.propertyGetter (file:///D:/dev/nekomorto/node_modules/chai/index.js:1570:27)\n    at Reflect.get (<anonymous>)\n    at Object.proxyGetter [as get] (file:///D:/dev/nekomorto/node_modules/chai/index.js:1659:22)\n    at D:/dev/nekomorto/src/server/server-index-boot-smoke.test.ts:155:25\n    at file:///D:/dev/nekomorto/node_modules/@vitest/runner/dist/chunk-artifact.js:302:11\n    at file:///D:/dev/nekomorto/node_modules/@vitest/runner/dist/chunk-artifact.js:1903:26\n    at file:///D:/dev/nekomorto/node_modules/@vitest/runner/dist/chunk-artifact.js:2326:20\n    at new Promise (<anonymous>)\n    at runWithCancel (file:///D:/dev/nekomorto/node_modules/@vitest/runner/dist/chunk-artifact.js:2323:10)"],"meta":{},"tags":[]}],"startTime":1776886642588,"endTime":1776886644489.8564,"status":"failed","message":"","name":"D:/dev/nekomorto/src/server/server-index-boot-smoke.test.ts"}]}