{"numTotalTestSuites":12,"numPassedTestSuites":12,"numFailedTestSuites":0,"numPendingTestSuites":0,"numTotalTests":48,"numPassedTests":48,"numFailedTests":0,"numPendingTests":0,"numTodoTests":0,"snapshot":{"added":0,"failure":false,"filesAdded":0,"filesRemoved":0,"filesRemovedList":[],"filesUnmatched":0,"filesUpdated":0,"matched":0,"total":0,"unchecked":0,"uncheckedKeysByFile":[],"unmatched":0,"updated":0,"didUpdate":false},"startTime":1776889362801,"success":true,"testResults":[{"assertionResults":[{"ancestorTitles":["DashboardUsers connected accounts"],"fullName":"DashboardUsers connected accounts renderiza contas conectadas sem UI de login com senha","status":"passed","title":"renderiza contas conectadas sem UI de login com senha","duration":232.38189999999986,"failureMessages":[],"meta":{},"tags":[]},{"ancestorTitles":["DashboardUsers connected accounts"],"fullName":"DashboardUsers connected accounts inicia o fluxo manual de conexão de provider","status":"passed","title":"inicia o fluxo manual de conexão de provider","duration":216.9131,"failureMessages":[],"meta":{},"tags":[]}],"startTime":1776889364554,"endTime":1776889365002.913,"status":"passed","message":"","name":"D:/dev/nekomorto/src/pages/DashboardUsers.local-auth.test.tsx"},{"assertionResults":[{"ancestorTitles":["buildRootRouteRegistrationDependencies"],"fullName":"buildRootRouteRegistrationDependencies builds explicit runtime groups and preserves the merged root source","status":"passed","title":"builds explicit runtime groups and preserves the merged root source","duration":2.6290999999998803,"failureMessages":[],"meta":{},"tags":[]},{"ancestorTitles":["buildRootRouteRegistrationDependencies"],"fullName":"buildRootRouteRegistrationDependencies fails fast when a required runtime group is undefined","status":"passed","title":"fails fast when a required runtime group is undefined","duration":0.5465999999998985,"failureMessages":[],"meta":{},"tags":[]},{"ancestorTitles":["buildRootRouteRegistrationDependencies"],"fullName":"buildRootRouteRegistrationDependencies produces a root dependency source that wires into route registration contexts","status":"passed","title":"produces a root dependency source that wires into route registration contexts","duration":5.092899999999872,"failureMessages":[],"meta":{},"tags":[]}],"startTime":1776889364672,"endTime":1776889364680.093,"status":"passed","message":"","name":"D:/dev/nekomorto/src/server/build-root-route-registration-dependencies.test.ts"},{"assertionResults":[{"ancestorTitles":["registerAuthRoutes"],"fullName":"registerAuthRoutes rate limits Discord auth before generating oauth state","status":"passed","title":"rate limits Discord auth before generating oauth state","duration":15.27859999999987,"failureMessages":[],"meta":{},"tags":[]},{"ancestorTitles":["registerAuthRoutes"],"fullName":"registerAuthRoutes skips the oauth callback limiter when /login has no callback params","status":"passed","title":"skips the oauth callback limiter when /login has no callback params","duration":1.3940999999999804,"failureMessages":[],"meta":{},"tags":[]},{"ancestorTitles":["registerAuthRoutes"],"fullName":"registerAuthRoutes rate limits the oauth callback before contacting Discord","status":"passed","title":"rate limits the oauth callback before contacting Discord","duration":2.870800000000145,"failureMessages":[],"meta":{},"tags":[]},{"ancestorTitles":["registerAuthRoutes"],"fullName":"registerAuthRoutes rate limits MFA verification before code validation","status":"passed","title":"rate limits MFA verification before code validation","duration":2.3294999999998254,"failureMessages":[],"meta":{},"tags":[]},{"ancestorTitles":["registerAuthRoutes"],"fullName":"registerAuthRoutes rejects MFA verification before the handler when no pending session exists","status":"passed","title":"rejects MFA verification before the handler when no pending session exists","duration":1.4873999999999796,"failureMessages":[],"meta":{},"tags":[]},{"ancestorTitles":["registerAuthRoutes"],"fullName":"registerAuthRoutes returns gone for password login because the flow is disabled","status":"passed","title":"returns gone for password login because the flow is disabled","duration":1.3584999999998217,"failureMessages":[],"meta":{},"tags":[]},{"ancestorTitles":["registerAuthRoutes"],"fullName":"registerAuthRoutes returns gone for password login even when the identifier looks valid","status":"passed","title":"returns gone for password login even when the identifier looks valid","duration":1.4780000000000655,"failureMessages":[],"meta":{},"tags":[]},{"ancestorTitles":["registerAuthRoutes"],"fullName":"registerAuthRoutes starts Google auth with the resolved callback URI","status":"passed","title":"starts Google auth with the resolved callback URI","duration":1.5238999999999123,"failureMessages":[],"meta":{},"tags":[]},{"ancestorTitles":["registerAuthRoutes"],"fullName":"registerAuthRoutes persists the resolved Google redirect URI in session before redirecting","status":"passed","title":"persists the resolved Google redirect URI in session before redirecting","duration":1.404800000000023,"failureMessages":[],"meta":{},"tags":[]},{"ancestorTitles":["registerAuthRoutes"],"fullName":"registerAuthRoutes uses the session Google redirect URI during token exchange","status":"passed","title":"uses the session Google redirect URI during token exchange","duration":2.6376999999999953,"failureMessages":[],"meta":{},"tags":[]},{"ancestorTitles":["registerAuthRoutes"],"fullName":"registerAuthRoutes uses user_identities to resolve Google callback","status":"passed","title":"uses user_identities to resolve Google callback","duration":1.4400000000000546,"failureMessages":[],"meta":{},"tags":[]},{"ancestorTitles":["registerAuthRoutes"],"fullName":"registerAuthRoutes rejects Google callback when email is not verified","status":"passed","title":"rejects Google callback when email is not verified","duration":1.1411000000000513,"failureMessages":[],"meta":{},"tags":[]},{"ancestorTitles":["registerAuthRoutes"],"fullName":"registerAuthRoutes uses user_identities to resolve Discord callback","status":"passed","title":"uses user_identities to resolve Discord callback","duration":1.2123000000001412,"failureMessages":[],"meta":{},"tags":[]},{"ancestorTitles":["registerAuthRoutes"],"fullName":"registerAuthRoutes rejects Discord callback when identity is missing","status":"passed","title":"rejects Discord callback when identity is missing","duration":1.6967999999999392,"failureMessages":[],"meta":{},"tags":[]},{"ancestorTitles":["registerAuthRoutes"],"fullName":"registerAuthRoutes clears the session cookie with the same secure attributes on logout","status":"passed","title":"clears the session cookie with the same secure attributes on logout","duration":2.057499999999891,"failureMessages":[],"meta":{},"tags":[]}],"startTime":1776889364061,"endTime":1776889364101.0576,"status":"passed","message":"","name":"D:/dev/nekomorto/src/server/register-auth-routes.test.ts"},{"assertionResults":[{"ancestorTitles":["registerSelfServiceRoutes"],"fullName":"registerSelfServiceRoutes expõe o resumo de segurança sem depender de local auth","status":"passed","title":"expõe o resumo de segurança sem depender de local auth","duration":11.836999999999989,"failureMessages":[],"meta":{},"tags":[]},{"ancestorTitles":["registerSelfServiceRoutes"],"fullName":"registerSelfServiceRoutes inicia o enrollment de TOTP","status":"passed","title":"inicia o enrollment de TOTP","duration":5.484199999999873,"failureMessages":[],"meta":{},"tags":[]},{"ancestorTitles":["registerSelfServiceRoutes"],"fullName":"registerSelfServiceRoutes confirma o enrollment de TOTP","status":"passed","title":"confirma o enrollment de TOTP","duration":3.087300000000141,"failureMessages":[],"meta":{},"tags":[]},{"ancestorTitles":["registerSelfServiceRoutes"],"fullName":"registerSelfServiceRoutes desativa TOTP com código válido","status":"passed","title":"desativa TOTP com código válido","duration":1.4107000000001335,"failureMessages":[],"meta":{},"tags":[]},{"ancestorTitles":["registerSelfServiceRoutes"],"fullName":"registerSelfServiceRoutes lista sessões ativas","status":"passed","title":"lista sessões ativas","duration":1.6829999999999927,"failureMessages":[],"meta":{},"tags":[]},{"ancestorTitles":["registerSelfServiceRoutes"],"fullName":"registerSelfServiceRoutes não registra mais o endpoint de local auth","status":"passed","title":"não registra mais o endpoint de local auth","duration":0.7843000000000302,"failureMessages":[],"meta":{},"tags":[]}],"startTime":1776889364061,"endTime":1776889364084.7842,"status":"passed","message":"","name":"D:/dev/nekomorto/src/server/register-self-service-routes.test.ts"},{"assertionResults":[{"ancestorTitles":["server bootstrap dependency builders"],"fullName":"server bootstrap dependency builders builds the requested direct route dependency scopes","status":"passed","title":"builds the requested direct route dependency scopes","duration":2.1521000000000186,"failureMessages":[],"meta":{},"tags":[]},{"ancestorTitles":["server bootstrap dependency builders"],"fullName":"server bootstrap dependency builders fails fast when a required direct route dependency is undefined","status":"passed","title":"fails fast when a required direct route dependency is undefined","duration":0.5860000000000127,"failureMessages":[],"meta":{},"tags":[]},{"ancestorTitles":["server bootstrap dependency builders"],"fullName":"server bootstrap dependency builders builds the high-level direct route registration dependencies","status":"passed","title":"builds the high-level direct route registration dependencies","duration":0.6299000000001342,"failureMessages":[],"meta":{},"tags":[]},{"ancestorTitles":["server bootstrap dependency builders"],"fullName":"server bootstrap dependency builders builds direct route registration dependencies from root aliases and capability getters","status":"passed","title":"builds direct route registration dependencies from root aliases and capability getters","duration":0.9772000000000389,"failureMessages":[],"meta":{},"tags":[]},{"ancestorTitles":["server bootstrap dependency builders"],"fullName":"server bootstrap dependency builders builds the server route dependency source from multiple fragments without leaking extras","status":"passed","title":"builds the server route dependency source from multiple fragments without leaking extras","duration":1.3564000000001215,"failureMessages":[],"meta":{},"tags":[]},{"ancestorTitles":["server bootstrap dependency builders"],"fullName":"server bootstrap dependency builders fails fast when a required server route dependency is omitted","status":"passed","title":"fails fast when a required server route dependency is omitted","duration":0.5668000000000575,"failureMessages":[],"meta":{},"tags":[]},{"ancestorTitles":["server bootstrap dependency builders"],"fullName":"server bootstrap dependency builders builds the semantic server route source fragments without leaking extras","status":"passed","title":"builds the semantic server route source fragments without leaking extras","duration":0.5742999999999938,"failureMessages":[],"meta":{},"tags":[]},{"ancestorTitles":["server bootstrap dependency builders"],"fullName":"server bootstrap dependency builders builds the server route context source from merged semantic fragments","status":"passed","title":"builds the server route context source from merged semantic fragments","duration":0.8240000000000691,"failureMessages":[],"meta":{},"tags":[]},{"ancestorTitles":["server bootstrap dependency builders"],"fullName":"server bootstrap dependency builders builds the server route context source from root-style grouped sources","status":"passed","title":"builds the server route context source from root-style grouped sources","duration":2.9088000000001557,"failureMessages":[],"meta":{},"tags":[]},{"ancestorTitles":["server bootstrap dependency builders"],"fullName":"server bootstrap dependency builders fails fast when a required semantic fragment dependency is undefined","status":"passed","title":"fails fast when a required semantic fragment dependency is undefined","duration":0.4981999999999971,"failureMessages":[],"meta":{},"tags":[]},{"ancestorTitles":["server bootstrap dependency builders"],"fullName":"server bootstrap dependency builders builds local server route dependencies with bootstrap token normalization","status":"passed","title":"builds local server route dependencies with bootstrap token normalization","duration":0.22859999999991487,"failureMessages":[],"meta":{},"tags":[]},{"ancestorTitles":["server bootstrap dependency builders"],"fullName":"server bootstrap dependency builders builds user runtime dependencies with lazy repository-backed preferences helpers","status":"passed","title":"builds user runtime dependencies with lazy repository-backed preferences helpers","duration":1.5760999999999967,"failureMessages":[],"meta":{},"tags":[]},{"ancestorTitles":["server bootstrap dependency builders"],"fullName":"server bootstrap dependency builders builds project runtime dependencies with fs/path aliases and ttl normalization","status":"passed","title":"builds project runtime dependencies with fs/path aliases and ttl normalization","duration":0.3319000000001324,"failureMessages":[],"meta":{},"tags":[]},{"ancestorTitles":["server bootstrap dependency builders"],"fullName":"server bootstrap dependency builders builds public runtime dependencies with origin and sitemap normalization","status":"passed","title":"builds public runtime dependencies with origin and sitemap normalization","duration":0.43479999999999563,"failureMessages":[],"meta":{},"tags":[]},{"ancestorTitles":["server bootstrap dependency builders"],"fullName":"server bootstrap dependency builders builds webhook runtime dependencies with request id and resolver normalization","status":"passed","title":"builds webhook runtime dependencies with request id and resolver normalization","duration":0.34950000000003456,"failureMessages":[],"meta":{},"tags":[]},{"ancestorTitles":["server bootstrap dependency builders"],"fullName":"server bootstrap dependency builders builds admin export runtime dependencies with env-backed defaults","status":"passed","title":"builds admin export runtime dependencies with env-backed defaults","duration":0.19880000000011933,"failureMessages":[],"meta":{},"tags":[]},{"ancestorTitles":["server bootstrap dependency builders"],"fullName":"server bootstrap dependency builders builds operational monitoring runtime dependencies with fs and env aliases","status":"passed","title":"builds operational monitoring runtime dependencies with fs and env aliases","duration":0.8372999999999138,"failureMessages":[],"meta":{},"tags":[]},{"ancestorTitles":["server bootstrap dependency builders"],"fullName":"server bootstrap dependency builders fails fast when a required content runtime bundle dependency is missing","status":"passed","title":"fails fast when a required content runtime bundle dependency is missing","duration":0.21800000000007458,"failureMessages":[],"meta":{},"tags":[]},{"ancestorTitles":["server bootstrap dependency builders"],"fullName":"server bootstrap dependency builders fails fast when a required site config runtime bundle dependency is missing","status":"passed","title":"fails fast when a required site config runtime bundle dependency is missing","duration":0.19259999999985666,"failureMessages":[],"meta":{},"tags":[]},{"ancestorTitles":["server bootstrap dependency builders"],"fullName":"server bootstrap dependency builders fails fast when a required media support runtime bundle dependency is missing","status":"passed","title":"fails fast when a required media support runtime bundle dependency is missing","duration":0.2343999999998232,"failureMessages":[],"meta":{},"tags":[]},{"ancestorTitles":["server bootstrap dependency builders"],"fullName":"server bootstrap dependency builders fails fast when a required site rendering runtime bundle dependency is missing","status":"passed","title":"fails fast when a required site rendering runtime bundle dependency is missing","duration":0.17249999999989996,"failureMessages":[],"meta":{},"tags":[]}],"startTime":1776889364406,"endTime":1776889364422.2344,"status":"passed","message":"","name":"D:/dev/nekomorto/src/server/server-bootstrap-dependencies.test.ts"},{"assertionResults":[{"ancestorTitles":["server/index boot smoke"],"fullName":"server/index boot smoke imports the real composition root without binding a live port","status":"passed","title":"imports the real composition root without binding a live port","duration":2084.2525000000005,"failureMessages":[],"meta":{},"tags":[]}],"startTime":1776889363937,"endTime":1776889366021.2524,"status":"passed","message":"","name":"D:/dev/nekomorto/src/server/server-index-boot-smoke.test.ts"}]}