{"numTotalTestSuites":839,"numPassedTestSuites":833,"numFailedTestSuites":6,"numPendingTestSuites":0,"numTotalTests":2346,"numPassedTests":2340,"numFailedTests":6,"numPendingTests":0,"numTodoTests":0,"snapshot":{"added":0,"failure":false,"filesAdded":0,"filesRemoved":0,"filesRemovedList":[],"filesUnmatched":0,"filesUpdated":0,"matched":0,"total":0,"unchecked":0,"uncheckedKeysByFile":[],"unmatched":0,"updated":0,"didUpdate":false},"startTime":1776886413694,"success":false,"testResults":[{"assertionResults":[{"ancestorTitles":["ScrollToTop"],"fullName":"ScrollToTop preserva o scroll na navegacao de volume e volta a rolar em navegacao normal","status":"passed","title":"preserva o scroll na navegacao de volume e volta a rolar em navegacao normal","duration":256.1168,"failureMessages":[],"meta":{},"tags":[]},{"ancestorTitles":["ScrollToTop"],"fullName":"ScrollToTop preserva o scroll em replace in-place de query quando preserveScroll esta no state","status":"passed","title":"preserva o scroll em replace in-place de query quando preserveScroll esta no state","duration":22.561899999999923,"failureMessages":[],"meta":{},"tags":[]},{"ancestorTitles":["ScrollToTop"],"fullName":"ScrollToTop centraliza alvos que pedem scroll no meio da tela ao navegar por hash","status":"passed","title":"centraliza alvos que pedem scroll no meio da tela ao navegar por hash","duration":7.581299999999828,"failureMessages":[],"meta":{},"tags":[]}],"startTime":1776886469887,"endTime":1776886470173.5813,"status":"passed","message":"","name":"D:/dev/nekomorto/src/App.scroll-to-top.test.tsx"},{"assertionResults":[{"ancestorTitles":["App toast defer"],"fullName":"App toast defer nao monta toaster no first render e agenda gate idle com delay de 4000ms","status":"passed","title":"nao monta toaster no first render e agenda gate idle com delay de 4000ms","duration":29.44010000000003,"failureMessages":[],"meta":{},"tags":[]},{"ancestorTitles":["App toast defer"],"fullName":"App toast defer monta toaster quando o callback idle e executado","status":"passed","title":"monta toaster quando o callback idle e executado","duration":312.3912,"failureMessages":[],"meta":{},"tags":[]}],"startTime":1776886469017,"endTime":1776886469358.391,"status":"passed","message":"","name":"D:/dev/nekomorto/src/App.toast-defer.test.tsx"},{"assertionResults":[{"ancestorTitles":["CommentsSection auto-refresh"],"fullName":"CommentsSection auto-refresh recarrega comentarios automaticamente apos envio aprovado de staff","status":"passed","title":"recarrega comentarios automaticamente apos envio aprovado de staff","duration":401.0958999999998,"failureMessages":[],"meta":{},"tags":[]},{"ancestorTitles":["CommentsSection auto-refresh"],"fullName":"CommentsSection auto-refresh nao recarrega lista apos envio pendente de usuario comum","status":"passed","title":"nao recarrega lista apos envio pendente de usuario comum","duration":92.67399999999998,"failureMessages":[],"meta":{},"tags":[]},{"ancestorTitles":["CommentsSection auto-refresh"],"fullName":"CommentsSection auto-refresh moderador confirma exclusão antes de chamar DELETE e recebe toast","status":"passed","title":"moderador confirma exclusão antes de chamar DELETE e recebe toast","duration":249.72929999999997,"failureMessages":[],"meta":{},"tags":[]}],"startTime":1776886459528,"endTime":1776886460271.7292,"status":"passed","message":"","name":"D:/dev/nekomorto/src/components/CommentsSection.autorefresh.test.tsx"},{"assertionResults":[{"ancestorTitles":["DashboardAutosaveStatus mobile layout"],"fullName":"DashboardAutosaveStatus mobile layout usa container em coluna no mobile e linha no desktop","status":"passed","title":"usa container em coluna no mobile e linha no desktop","duration":98.11439999999993,"failureMessages":[],"meta":{},"tags":[]},{"ancestorTitles":["DashboardAutosaveStatus mobile layout"],"fullName":"DashboardAutosaveStatus mobile layout mantem toggle e botao manual com largura responsiva","status":"passed","title":"mantem toggle e botao manual com largura responsiva","duration":185.17540000000008,"failureMessages":[],"meta":{},"tags":[]},{"ancestorTitles":["DashboardAutosaveStatus mobile layout"],"fullName":"DashboardAutosaveStatus mobile layout usa tom discreto no mobile quando autosave esta ativo e sem erro","status":"passed","title":"usa tom discreto no mobile quando autosave esta ativo e sem erro","duration":47.882899999999836,"failureMessages":[],"meta":{},"tags":[]},{"ancestorTitles":["DashboardAutosaveStatus mobile layout"],"fullName":"DashboardAutosaveStatus mobile layout destaca o botao no mobile quando status esta em erro","status":"passed","title":"destaca o botao no mobile quando status esta em erro","duration":67.18470000000002,"failureMessages":[],"meta":{},"tags":[]},{"ancestorTitles":["DashboardAutosaveStatus mobile layout"],"fullName":"DashboardAutosaveStatus mobile layout destaca o botao no mobile quando autosave esta desativado","status":"passed","title":"destaca o botao no mobile quando autosave esta desativado","duration":35.533800000000156,"failureMessages":[],"meta":{},"tags":[]}],"startTime":1776886464056,"endTime":1776886464490.5337,"status":"passed","message":"","name":"D:/dev/nekomorto/src/components/DashboardAutosaveStatus.mobile-layout.test.tsx"},{"assertionResults":[{"ancestorTitles":["DashboardHeader mobile search layout"],"fullName":"DashboardHeader mobile search layout mantem o header fixo preparado para compensar scroll lock","status":"passed","title":"mantem o header fixo preparado para compensar scroll lock","duration":60.902700000000095,"failureMessages":[],"meta":{},"tags":[]},{"ancestorTitles":["DashboardHeader mobile search layout"],"fullName":"DashboardHeader mobile search layout habilita busca mobile, nao faz fetch eager e renderiza sugestoes remotas","status":"passed","title":"habilita busca mobile, nao faz fetch eager e renderiza sugestoes remotas","duration":501.5877999999998,"failureMessages":[],"meta":{},"tags":[]},{"ancestorTitles":["DashboardHeader mobile search layout"],"fullName":"DashboardHeader mobile search layout mantem badges de projetos remotos em uma linha sem cortar o rodape do card","status":"passed","title":"mantem badges de projetos remotos em uma linha sem cortar o rodape do card","duration":327.69860000000017,"failureMessages":[],"meta":{},"tags":[]},{"ancestorTitles":["DashboardHeader mobile search layout"],"fullName":"DashboardHeader mobile search layout mantem a ordem no desktop com links antes da busca e busca antes das acoes","status":"passed","title":"mantem a ordem no desktop com links antes da busca e busca antes das acoes","duration":43.578799999999774,"failureMessages":[],"meta":{},"tags":[]},{"ancestorTitles":["DashboardHeader mobile search layout"],"fullName":"DashboardHeader mobile search layout abre a busca com / e ignora Ctrl/Cmd+K dentro do campo de busca","status":"passed","title":"abre a busca com / e ignora Ctrl/Cmd+K dentro do campo de busca","duration":33.2518,"failureMessages":[],"meta":{},"tags":[]},{"ancestorTitles":["DashboardHeader mobile search layout"],"fullName":"DashboardHeader mobile search layout nao redireciona e exibe toast quando logout falha","status":"passed","title":"nao redireciona e exibe toast quando logout falha","duration":317.1934000000001,"failureMessages":[],"meta":{},"tags":[]},{"ancestorTitles":["DashboardHeader mobile search layout"],"fullName":"DashboardHeader mobile search layout renderiza toggle de tema sem fetch publico eager","status":"passed","title":"renderiza toggle de tema sem fetch publico eager","duration":37.89190000000008,"failureMessages":[],"meta":{},"tags":[]},{"ancestorTitles":["DashboardHeader mobile search layout"],"fullName":"DashboardHeader mobile search layout monta os menus do cabecalho somente quando abertos","status":"passed","title":"monta os menus do cabecalho somente quando abertos","duration":279.3993999999998,"failureMessages":[],"meta":{},"tags":[]}],"startTime":1776886438976,"endTime":1776886440578.3994,"status":"passed","message":"","name":"D:/dev/nekomorto/src/components/DashboardHeader.mobile-search-layout.test.tsx"},{"assertionResults":[{"ancestorTitles":["DashboardShell avatar render"],"fullName":"DashboardShell avatar render mantem o card expandido com borda e preenchimento destacados e a versao compacta neutra","status":"passed","title":"mantem o card expandido com borda e preenchimento destacados e a versao compacta neutra","duration":64.16670000000022,"failureMessages":[],"meta":{},"tags":[]},{"ancestorTitles":["DashboardShell avatar render"],"fullName":"DashboardShell avatar render aplica revision na mesma URL canonica do avatar","status":"passed","title":"aplica revision na mesma URL canonica do avatar","duration":25.93619999999987,"failureMessages":[],"meta":{},"tags":[]},{"ancestorTitles":["DashboardShell avatar render"],"fullName":"DashboardShell avatar render mantem proxy same-origin do Discord e adiciona revision visual","status":"passed","title":"mantem proxy same-origin do Discord e adiciona revision visual","duration":19.99279999999999,"failureMessages":[],"meta":{},"tags":[]}],"startTime":1776886479539,"endTime":1776886479648.993,"status":"passed","message":"","name":"D:/dev/nekomorto/src/components/DashboardShell.avatar-render.test.tsx"},{"assertionResults":[{"ancestorTitles":["DashboardShell menu permissions"],"fullName":"DashboardShell menu permissions renders only allowed dashboard entries from grants","status":"passed","title":"renders only allowed dashboard entries from grants","duration":502.5733,"failureMessages":[],"meta":{},"tags":[]},{"ancestorTitles":["DashboardShell menu permissions"],"fullName":"DashboardShell menu permissions exibe Configurações quando grant de configuracoes esta habilitado","status":"passed","title":"exibe Configurações quando grant de configuracoes esta habilitado","duration":21.446000000000367,"failureMessages":[],"meta":{},"tags":[]},{"ancestorTitles":["DashboardShell menu permissions"],"fullName":"DashboardShell menu permissions respeita grants explicitos na navegação mesmo com RBAC V2 desligado","status":"passed","title":"respeita grants explicitos na navegação mesmo com RBAC V2 desligado","duration":15.391999999999825,"failureMessages":[],"meta":{},"tags":[]},{"ancestorTitles":["DashboardShell menu permissions"],"fullName":"DashboardShell menu permissions keeps previous user while loading and clears cache when loading finishes","status":"passed","title":"keeps previous user while loading and clears cache when loading finishes","duration":86.80030000000033,"failureMessages":[],"meta":{},"tags":[]},{"ancestorTitles":["DashboardShell menu permissions"],"fullName":"DashboardShell menu permissions adds and removes the dashboard scrollbar gutter class with the shell lifecycle","status":"passed","title":"adds and removes the dashboard scrollbar gutter class with the shell lifecycle","duration":45.00189999999975,"failureMessages":[],"meta":{},"tags":[]}],"startTime":1776886459606,"endTime":1776886460278.002,"status":"passed","message":"","name":"D:/dev/nekomorto/src/components/DashboardShell.menu-permissions.test.tsx"},{"assertionResults":[{"ancestorTitles":["DiscordInviteCard"],"fullName":"DiscordInviteCard renderiza os textos configurados","status":"passed","title":"renderiza os textos configurados","duration":203.2427,"failureMessages":[],"meta":{},"tags":[]},{"ancestorTitles":["DiscordInviteCard"],"fullName":"DiscordInviteCard usa a ctaUrl configurada quando preenchida","status":"passed","title":"usa a ctaUrl configurada quando preenchida","duration":37.57249999999999,"failureMessages":[],"meta":{},"tags":[]},{"ancestorTitles":["DiscordInviteCard"],"fullName":"DiscordInviteCard faz fallback para community.discordUrl quando ctaUrl estiver vazia","status":"passed","title":"faz fallback para community.discordUrl quando ctaUrl estiver vazia","duration":14.301899999999932,"failureMessages":[],"meta":{},"tags":[]},{"ancestorTitles":["DiscordInviteCard"],"fullName":"DiscordInviteCard nao exibe redes sociais do footer","status":"passed","title":"nao exibe redes sociais do footer","duration":11.598700000000008,"failureMessages":[],"meta":{},"tags":[]}],"startTime":1776886470513,"endTime":1776886470779.5986,"status":"passed","message":"","name":"D:/dev/nekomorto/src/components/DiscordInviteCard.test.tsx"},{"assertionResults":[{"ancestorTitles":["Footer copyright text"],"fullName":"Footer copyright text renders copyright as plain text","status":"passed","title":"renders copyright as plain text","duration":315.40200000000004,"failureMessages":[],"meta":{},"tags":[]},{"ancestorTitles":["Footer copyright text"],"fullName":"Footer copyright text uses an opaque footer shell without external top margin","status":"passed","title":"uses an opaque footer shell without external top margin","duration":22.394700000000057,"failureMessages":[],"meta":{},"tags":[]}],"startTime":1776886468383,"endTime":1776886468721.3948,"status":"passed","message":"","name":"D:/dev/nekomorto/src/components/Footer.link-distinction.test.tsx"},{"assertionResults":[{"ancestorTitles":["Footer social icon theme tint"],"fullName":"Footer social icon theme tint usa mask para icone social custom e mantem tint por currentColor","status":"passed","title":"usa mask para icone social custom e mantem tint por currentColor","duration":310.78049999999985,"failureMessages":[],"meta":{},"tags":[]}],"startTime":1776886470219,"endTime":1776886470529.7805,"status":"passed","message":"","name":"D:/dev/nekomorto/src/components/Footer.social-icon-theme.test.tsx"},{"assertionResults":[{"ancestorTitles":["Header discord avatar proxy"],"fullName":"Header discord avatar proxy resolve o avatar do usuario atual para o proxy same-origin antes do menu do header","status":"passed","title":"resolve o avatar do usuario atual para o proxy same-origin antes do menu do header","duration":181.9239,"failureMessages":[],"meta":{},"tags":[]},{"ancestorTitles":["Header discord avatar proxy"],"fullName":"Header discord avatar proxy anexa a revision em avatars locais para invalidar cache na navbar publica","status":"passed","title":"anexa a revision em avatars locais para invalidar cache na navbar publica","duration":38.69920000000002,"failureMessages":[],"meta":{},"tags":[]}],"startTime":1776886476864,"endTime":1776886477084.6992,"status":"passed","message":"","name":"D:/dev/nekomorto/src/components/Header.discord-avatar.test.tsx"},{"assertionResults":[{"ancestorTitles":["Header mobile search layout"],"fullName":"Header mobile search layout não agenda preload de menus em idle no mobile","status":"passed","title":"não agenda preload de menus em idle no mobile","duration":42.671100000000024,"failureMessages":[],"meta":{},"tags":[]},{"ancestorTitles":["Header mobile search layout"],"fullName":"Header mobile search layout schedules menu preload on idle on desktop","status":"passed","title":"schedules menu preload on idle on desktop","duration":16.014699999999948,"failureMessages":[],"meta":{},"tags":[]},{"ancestorTitles":["Header mobile search layout"],"fullName":"Header mobile search layout disables idle menu preload on reading and posting routes","status":"passed","title":"disables idle menu preload on reading and posting routes","duration":12.283100000000104,"failureMessages":[],"meta":{},"tags":[]},{"ancestorTitles":["Header mobile search layout"],"fullName":"Header mobile search layout aplica gradiente abaixo do header fixo apenas após scroll","status":"passed","title":"aplica gradiente abaixo do header fixo apenas após scroll","duration":129.68150000000014,"failureMessages":[],"meta":{},"tags":[]},{"ancestorTitles":["Header mobile search layout"],"fullName":"Header mobile search layout não aplica gradiente no variant static, mesmo com scroll","status":"passed","title":"não aplica gradiente no variant static, mesmo com scroll","duration":33.885499999999865,"failureMessages":[],"meta":{},"tags":[]},{"ancestorTitles":["Header mobile search layout"],"fullName":"Header mobile search layout não aplica gradiente quando o header fixo desabilita a sombra inferior","status":"passed","title":"não aplica gradiente quando o header fixo desabilita a sombra inferior","duration":84.58879999999999,"failureMessages":[],"meta":{},"tags":[]},{"ancestorTitles":["Header mobile search layout"],"fullName":"Header mobile search layout não dispara fetch de perfil quando a revalidação idle não executa","status":"passed","title":"não dispara fetch de perfil quando a revalidação idle não executa","duration":14.78410000000008,"failureMessages":[],"meta":{},"tags":[]},{"ancestorTitles":["Header mobile search layout"],"fullName":"Header mobile search layout busca /api/public/me imediatamente quando nao ha bootstrap de usuario","status":"passed","title":"busca /api/public/me imediatamente quando nao ha bootstrap de usuario","duration":27.971199999999953,"failureMessages":[],"meta":{},"tags":[]},{"ancestorTitles":["Header mobile search layout"],"fullName":"Header mobile search layout revalida imediatamente /api/public/me quando bootstrap SSR e anonimo","status":"passed","title":"revalida imediatamente /api/public/me quando bootstrap SSR e anonimo","duration":37.128400000000056,"failureMessages":[],"meta":{},"tags":[]},{"ancestorTitles":["Header mobile search layout"],"fullName":"Header mobile search layout agenda revalidacao de /api/public/me quando bootstrap SSR possui usuario","status":"passed","title":"agenda revalidacao de /api/public/me quando bootstrap SSR possui usuario","duration":22.795000000000073,"failureMessages":[],"meta":{},"tags":[]},{"ancestorTitles":["Header mobile search layout"],"fullName":"Header mobile search layout oculta clusters, centraliza busca e restaura estado ao fechar no mobile","status":"passed","title":"oculta clusters, centraliza busca e restaura estado ao fechar no mobile","duration":397.2482,"failureMessages":[],"meta":{},"tags":[]},{"ancestorTitles":["Header mobile search layout"],"fullName":"Header mobile search layout dispara busca com debounce e renderiza sugestoes remotas","status":"passed","title":"dispara busca com debounce e renderiza sugestoes remotas","duration":297.59220000000005,"failureMessages":[],"meta":{},"tags":[]},{"ancestorTitles":["Header mobile search layout"],"fullName":"Header mobile search layout mantem itens renderizados e oculta loading durante nova busca em andamento","status":"passed","title":"mantem itens renderizados e oculta loading durante nova busca em andamento","duration":463.5888,"failureMessages":[],"meta":{},"tags":[]},{"ancestorTitles":["Header mobile search layout"],"fullName":"Header mobile search layout exibe loading quando busca esta carregando e ainda nao ha itens","status":"passed","title":"exibe loading quando busca esta carregando e ainda nao ha itens","duration":259.3908999999999,"failureMessages":[],"meta":{},"tags":[]},{"ancestorTitles":["Header mobile search layout"],"fullName":"Header mobile search layout mantem badges de projetos remotos em uma linha com overflow oculto","status":"passed","title":"mantem badges de projetos remotos em uma linha com overflow oculto","duration":339.40920000000006,"failureMessages":[],"meta":{},"tags":[]},{"ancestorTitles":["Header mobile search layout"],"fullName":"Header mobile search layout aplica o clamp seguro calculado quando o hook retorna menos linhas para a sinopse","status":"passed","title":"aplica o clamp seguro calculado quando o hook retorna menos linhas para a sinopse","duration":295.4830000000002,"failureMessages":[],"meta":{},"tags":[]},{"ancestorTitles":["Header mobile search layout"],"fullName":"Header mobile search layout usa fallback local quando a busca remota falha","status":"passed","title":"usa fallback local quando a busca remota falha","duration":344.09400000000005,"failureMessages":[],"meta":{},"tags":[]},{"ancestorTitles":["Header mobile search layout"],"fullName":"Header mobile search layout mantem a ordem no desktop com links antes da busca e busca antes das acoes","status":"passed","title":"mantem a ordem no desktop com links antes da busca e busca antes das acoes","duration":41.72980000000007,"failureMessages":[],"meta":{},"tags":[]},{"ancestorTitles":["Header mobile search layout"],"fullName":"Header mobile search layout usa breakpoint lg para navbar completa, hamburguer e nome do usuario","status":"passed","title":"usa breakpoint lg para navbar completa, hamburguer e nome do usuario","duration":52.756100000000515,"failureMessages":[],"meta":{},"tags":[]},{"ancestorTitles":["Header mobile search layout"],"fullName":"Header mobile search layout renderiza toggle de tema no header","status":"passed","title":"renderiza toggle de tema no header","duration":34.31550000000061,"failureMessages":[],"meta":{},"tags":[]},{"ancestorTitles":["Header mobile search layout"],"fullName":"Header mobile search layout abre a busca com / quando o foco nao esta em elementos interativos","status":"passed","title":"abre a busca com / quando o foco nao esta em elementos interativos","duration":51.30629999999928,"failureMessages":[],"meta":{},"tags":[]},{"ancestorTitles":["Header mobile search layout"],"fullName":"Header mobile search layout ignora / quando o foco esta em um botao","status":"passed","title":"ignora / quando o foco esta em um botao","duration":35.78449999999975,"failureMessages":[],"meta":{},"tags":[]},{"ancestorTitles":["Header mobile search layout"],"fullName":"Header mobile search layout não redireciona e exibe toast quando logout falha","status":"passed","title":"não redireciona e exibe toast quando logout falha","duration":224.28830000000016,"failureMessages":[],"meta":{},"tags":[]},{"ancestorTitles":["Header mobile search layout"],"fullName":"Header mobile search layout renderiza poster otimizado para thumbnails remotos da busca","status":"passed","title":"renderiza poster otimizado para thumbnails remotos da busca","duration":373.7021999999997,"failureMessages":[],"meta":{},"tags":[]}],"startTime":1776886426635,"endTime":1776886430268.7021,"status":"passed","message":"","name":"D:/dev/nekomorto/src/components/Header.mobile-search-layout.test.tsx"},{"assertionResults":[{"ancestorTitles":["HeroSection cover fit"],"fullName":"HeroSection cover fit renderiza o slide com altura responsiva e imagem em cover central","status":"passed","title":"renderiza o slide com altura responsiva e imagem em cover central","duration":261.4058,"failureMessages":[],"meta":{},"tags":[]},{"ancestorTitles":["HeroSection cover fit"],"fullName":"HeroSection cover fit mantem badge de ultimo lancamento acima de tipo/status no mobile","status":"passed","title":"mantem badge de ultimo lancamento acima de tipo/status no mobile","duration":39.25149999999985,"failureMessages":[],"meta":{},"tags":[]},{"ancestorTitles":["HeroSection cover fit"],"fullName":"HeroSection cover fit aplica animacao escalonada em tipo, separador, status e titulo no modo carrossel","status":"passed","title":"aplica animacao escalonada em tipo, separador, status e titulo no modo carrossel","duration":82.3442,"failureMessages":[],"meta":{},"tags":[]},{"ancestorTitles":["HeroSection cover fit"],"fullName":"HeroSection cover fit monta a estrutura completa do carrossel no primeiro render mesmo antes do idle","status":"passed","title":"monta a estrutura completa do carrossel no primeiro render mesmo antes do idle","duration":20.672099999999773,"failureMessages":[],"meta":{},"tags":[]},{"ancestorTitles":["HeroSection cover fit"],"fullName":"HeroSection cover fit remove as animacoes de entrada do primeiro slide quando o shell inicial existe","status":"passed","title":"remove as animacoes de entrada do primeiro slide quando o shell inicial existe","duration":52.971900000000005,"failureMessages":[],"meta":{},"tags":[]},{"ancestorTitles":["HeroSection cover fit"],"fullName":"HeroSection cover fit inicia autoplay do carrossel em 6s","status":"passed","title":"inicia autoplay do carrossel em 6s","duration":38.677000000000135,"failureMessages":[],"meta":{},"tags":[]},{"ancestorTitles":["HeroSection cover fit"],"fullName":"HeroSection cover fit retoma autoplay 3s depois de interacao manual e volta a avancar apos 6s","status":"passed","title":"retoma autoplay 3s depois de interacao manual e volta a avancar apos 6s","duration":41.3136999999997,"failureMessages":[],"meta":{},"tags":[]},{"ancestorTitles":["HeroSection cover fit"],"fullName":"HeroSection cover fit renderiza overlay superior para contraste da navbar no tema claro","status":"passed","title":"renderiza overlay superior para contraste da navbar no tema claro","duration":29.663900000000012,"failureMessages":[],"meta":{},"tags":[]},{"ancestorTitles":["HeroSection cover fit"],"fullName":"HeroSection cover fit nao renderiza overlay superior no tema escuro","status":"passed","title":"nao renderiza overlay superior no tema escuro","duration":33.17329999999993,"failureMessages":[],"meta":{},"tags":[]},{"ancestorTitles":["HeroSection cover fit"],"fullName":"HeroSection cover fit prioriza o ultimo lancamento de manga quando o bootstrap publico o inclui nos updates","status":"passed","title":"prioriza o ultimo lancamento de manga quando o bootstrap publico o inclui nos updates","duration":52.9970000000003,"failureMessages":[],"meta":{},"tags":[]}],"startTime":1776886458241,"endTime":1776886458893.997,"status":"passed","message":"","name":"D:/dev/nekomorto/src/components/HeroSection.cover-fit.test.tsx"},{"assertionResults":[{"ancestorTitles":["HeroSection home hero readiness"],"fullName":"HeroSection home hero readiness dispatches the hero ready event once after the primary image loads","status":"passed","title":"dispatches the hero ready event once after the primary image loads","duration":212.15499999999997,"failureMessages":[],"meta":{},"tags":[]},{"ancestorTitles":["HeroSection home hero readiness"],"fullName":"HeroSection home hero readiness dispatches the hero ready event when the primary image is already complete","status":"passed","title":"dispatches the hero ready event when the primary image is already complete","duration":49.0612000000001,"failureMessages":[],"meta":{},"tags":[]},{"ancestorTitles":["HeroSection home hero readiness"],"fullName":"HeroSection home hero readiness dispatches the hero ready event when the primary image errors","status":"passed","title":"dispatches the hero ready event when the primary image errors","duration":44.796100000000024,"failureMessages":[],"meta":{},"tags":[]}],"startTime":1776886473683,"endTime":1776886473988.7961,"status":"passed","message":"","name":"D:/dev/nekomorto/src/components/HeroSection.home-hero-ready.test.tsx"},{"assertionResults":[{"ancestorTitles":["ImageLibraryDialog accordion context"],"fullName":"ImageLibraryDialog accordion context uploads iniciam com apenas o contexto atual expandido","status":"passed","title":"uploads iniciam com apenas o contexto atual expandido","duration":474.0436999999997,"failureMessages":[],"meta":{},"tags":[]},{"ancestorTitles":["ImageLibraryDialog accordion context"],"fullName":"ImageLibraryDialog accordion context uploads aplicam fallback para ancestral mais proximo quando contexto nao existe","status":"passed","title":"uploads aplicam fallback para ancestral mais proximo quando contexto nao existe","duration":329.0273000000002,"failureMessages":[],"meta":{},"tags":[]},{"ancestorTitles":["ImageLibraryDialog accordion context"],"fullName":"ImageLibraryDialog accordion context nao sobrescreve escolha manual enquanto aberto e reaplica defaults ao reabrir","status":"passed","title":"nao sobrescreve escolha manual enquanto aberto e reaplica defaults ao reabrir","duration":589.2080000000001,"failureMessages":[],"meta":{},"tags":[]},{"ancestorTitles":["ImageLibraryDialog accordion context"],"fullName":"ImageLibraryDialog accordion context imagens de projeto em by-project abrem apenas projeto e pasta de contexto","status":"passed","title":"imagens de projeto em by-project abrem apenas projeto e pasta de contexto","duration":285.6711,"failureMessages":[],"meta":{},"tags":[]},{"ancestorTitles":["ImageLibraryDialog accordion context"],"fullName":"ImageLibraryDialog accordion context imagens de projeto aplicam fallback ancestral para pasta quando capitulo nao existe","status":"passed","title":"imagens de projeto aplicam fallback ancestral para pasta quando capitulo nao existe","duration":267.53510000000006,"failureMessages":[],"meta":{},"tags":[]},{"ancestorTitles":["ImageLibraryDialog accordion context"],"fullName":"ImageLibraryDialog accordion context faz fallback do filtro inicial para todas as pastas quando o contexto atual e uma pasta de projeto removida do dropdown","status":"passed","title":"faz fallback do filtro inicial para todas as pastas quando o contexto atual e uma pasta de projeto removida do dropdown","duration":263.59850000000006,"failureMessages":[],"meta":{},"tags":[]},{"ancestorTitles":["ImageLibraryDialog accordion context"],"fullName":"ImageLibraryDialog accordion context usa rotulos nao ambiguos no topo quando a biblioteca mistura varias raizes de projeto","status":"passed","title":"usa rotulos nao ambiguos no topo quando a biblioteca mistura varias raizes de projeto","duration":220.6857,"failureMessages":[],"meta":{},"tags":[]},{"ancestorTitles":["ImageLibraryDialog accordion context"],"fullName":"ImageLibraryDialog accordion context remove uploads duplicados do topo em bibliotecas de projeto especificas e preserva uploads exclusivos","status":"passed","title":"remove uploads duplicados do topo em bibliotecas de projeto especificas e preserva uploads exclusivos","duration":224.7505999999994,"failureMessages":[],"meta":{},"tags":[]}],"startTime":1776886431223,"endTime":1776886433877.7505,"status":"passed","message":"","name":"D:/dev/nekomorto/src/components/ImageLibraryDialog.accordion-context.test.tsx"},{"assertionResults":[{"ancestorTitles":["ImageLibraryDialog alt text editor"],"fullName":"ImageLibraryDialog alt text editor abre a edicao de texto alternativo para uploads e salva no endpoint dedicado","status":"passed","title":"abre a edicao de texto alternativo para uploads e salva no endpoint dedicado","duration":898.6216999999997,"failureMessages":[],"meta":{},"tags":[]}],"startTime":1776886451619,"endTime":1776886452517.6216,"status":"passed","message":"","name":"D:/dev/nekomorto/src/components/ImageLibraryDialog.alt-text.test.tsx"},{"assertionResults":[{"ancestorTitles":["ImageLibraryDialog avatar crop flow"],"fullName":"ImageLibraryDialog avatar crop flow mantem o foco do menu contextual fora de ancestrais aria-hidden","status":"passed","title":"mantem o foco do menu contextual fora de ancestrais aria-hidden","duration":988.4508000000005,"failureMessages":[],"meta":{},"tags":[]},{"ancestorTitles":["ImageLibraryDialog avatar crop flow"],"fullName":"ImageLibraryDialog avatar crop flow abre editor de avatar somente quando cropAvatar estiver habilitado","status":"passed","title":"abre editor de avatar somente quando cropAvatar estiver habilitado","duration":889.7196000000004,"failureMessages":[],"meta":{},"tags":[]},{"ancestorTitles":["ImageLibraryDialog avatar crop flow"],"fullName":"ImageLibraryDialog avatar crop flow aplica crop e envia upload com slot deterministico do usuario","status":"passed","title":"aplica crop e envia upload com slot deterministico do usuario","duration":885.0490999999993,"failureMessages":[],"meta":{},"tags":[]},{"ancestorTitles":["ImageLibraryDialog avatar crop flow"],"fullName":"ImageLibraryDialog avatar crop flow exibe toast de sucesso ao importar imagem por URL","status":"passed","title":"exibe toast de sucesso ao importar imagem por URL","duration":559.0322999999999,"failureMessages":[],"meta":{},"tags":[]},{"ancestorTitles":["ImageLibraryDialog avatar crop flow"],"fullName":"ImageLibraryDialog avatar crop flow exibe toast de sucesso ao enviar imagem por arquivo","status":"passed","title":"exibe toast de sucesso ao enviar imagem por arquivo","duration":274.8285999999998,"failureMessages":[],"meta":{},"tags":[]},{"ancestorTitles":["ImageLibraryDialog avatar crop flow"],"fullName":"ImageLibraryDialog avatar crop flow exibe toast de sucesso ao renomear imagem","status":"passed","title":"exibe toast de sucesso ao renomear imagem","duration":524.1938,"failureMessages":[],"meta":{},"tags":[]},{"ancestorTitles":["ImageLibraryDialog avatar crop flow"],"fullName":"ImageLibraryDialog avatar crop flow exibe toast de sucesso ao excluir imagem","status":"passed","title":"exibe toast de sucesso ao excluir imagem","duration":365.85279999999966,"failureMessages":[],"meta":{},"tags":[]},{"ancestorTitles":["ImageLibraryDialog avatar crop flow"],"fullName":"ImageLibraryDialog avatar crop flow oculta acoes de gestao quando o fluxo de avatar usa permissao limitada","status":"passed","title":"oculta acoes de gestao quando o fluxo de avatar usa permissao limitada","duration":168.4434000000001,"failureMessages":[],"meta":{},"tags":[]},{"ancestorTitles":["ImageLibraryDialog avatar crop flow"],"fullName":"ImageLibraryDialog avatar crop flow bloqueia salvar no fluxo de avatar quando a selecao nao e o slot final recortado","status":"passed","title":"bloqueia salvar no fluxo de avatar quando a selecao nao e o slot final recortado","duration":304.91449999999895,"failureMessages":[],"meta":{},"tags":[]},{"ancestorTitles":["ImageLibraryDialog avatar crop flow"],"fullName":"ImageLibraryDialog avatar crop flow impede aplicar crop sem cropSlot e nao envia upload","status":"passed","title":"impede aplicar crop sem cropSlot e nao envia upload","duration":363.9345999999987,"failureMessages":[],"meta":{},"tags":[]},{"ancestorTitles":["ImageLibraryDialog avatar crop flow"],"fullName":"ImageLibraryDialog avatar crop flow mantem visivel o avatar atual legado e oculta outros avatares finais no fluxo de avatar","status":"passed","title":"mantem visivel o avatar atual legado e oculta outros avatares finais no fluxo de avatar","duration":167.8078000000005,"failureMessages":[],"meta":{},"tags":[]},{"ancestorTitles":["ImageLibraryDialog avatar crop flow"],"fullName":"ImageLibraryDialog avatar crop flow revela o upload retornado no fluxo de avatar mesmo quando a busca o esconderia","status":"passed","title":"revela o upload retornado no fluxo de avatar mesmo quando a busca o esconderia","duration":219.50870000000032,"failureMessages":[],"meta":{},"tags":[]},{"ancestorTitles":["ImageLibraryDialog avatar crop flow"],"fullName":"ImageLibraryDialog avatar crop flow autoabre o cropper apos upload no fluxo de avatar","status":"passed","title":"autoabre o cropper apos upload no fluxo de avatar","duration":238.28479999999945,"failureMessages":[],"meta":{},"tags":[]},{"ancestorTitles":["ImageLibraryDialog avatar crop flow"],"fullName":"ImageLibraryDialog avatar crop flow autoabre o cropper apos importar por URL no fluxo de avatar","status":"passed","title":"autoabre o cropper apos importar por URL no fluxo de avatar","duration":171.21219999999994,"failureMessages":[],"meta":{},"tags":[]},{"ancestorTitles":["ImageLibraryDialog avatar crop flow"],"fullName":"ImageLibraryDialog avatar crop flow reabre o cropper em dedupe hit mesmo quando a URL retornada ja estava selecionada","status":"passed","title":"reabre o cropper em dedupe hit mesmo quando a URL retornada ja estava selecionada","duration":180.6122000000014,"failureMessages":[],"meta":{},"tags":[]},{"ancestorTitles":["ImageLibraryDialog avatar crop flow"],"fullName":"ImageLibraryDialog avatar crop flow nao autoabre o cropper quando o upload retornado ja e o avatar final slot-managed","status":"passed","title":"nao autoabre o cropper quando o upload retornado ja e o avatar final slot-managed","duration":183.76330000000053,"failureMessages":[],"meta":{},"tags":[]},{"ancestorTitles":["ImageLibraryDialog avatar crop flow"],"fullName":"ImageLibraryDialog avatar crop flow atualiza thumbnail e cropper com cache-bust quando o avatar final reutiliza a mesma URL","status":"passed","title":"atualiza thumbnail e cropper com cache-bust quando o avatar final reutiliza a mesma URL","duration":309.58060000000114,"failureMessages":[],"meta":{},"tags":[]},{"ancestorTitles":["ImageLibraryDialog avatar crop flow"],"fullName":"ImageLibraryDialog avatar crop flow mantem apenas a imagem salva selecionada ao fechar e reabrir no fluxo de avatar","status":"passed","title":"mantem apenas a imagem salva selecionada ao fechar e reabrir no fluxo de avatar","duration":342.15179999999964,"failureMessages":[],"meta":{},"tags":[]},{"ancestorTitles":["ImageLibraryDialog avatar crop flow"],"fullName":"ImageLibraryDialog avatar crop flow gera o PNG final a partir do canvas atual do cropper","status":"passed","title":"gera o PNG final a partir do canvas atual do cropper","duration":0.6824999999989814,"failureMessages":[],"meta":{},"tags":[]},{"ancestorTitles":["ImageLibraryDialog avatar crop flow"],"fullName":"ImageLibraryDialog avatar crop flow falha de forma controlada quando o cropper nao expõe state/image/coordenadas","status":"passed","title":"falha de forma controlada quando o cropper nao expõe state/image/coordenadas","duration":1.913300000000163,"failureMessages":[],"meta":{},"tags":[]},{"ancestorTitles":["ImageLibraryDialog avatar crop flow"],"fullName":"ImageLibraryDialog avatar crop flow nao envia upload quando o cropper nao consegue fornecer o recorte atual","status":"passed","title":"nao envia upload quando o cropper nao consegue fornecer o recorte atual","duration":251.1826000000001,"failureMessages":[],"meta":{},"tags":[]}],"startTime":1776886417696,"endTime":1776886425088.1826,"status":"passed","message":"","name":"D:/dev/nekomorto/src/components/ImageLibraryDialog.avatar-crop.test.tsx"},{"assertionResults":[{"ancestorTitles":["ImageLibraryDialog cancel button"],"fullName":"ImageLibraryDialog cancel button renderiza o botao Cancelar no footer principal","status":"passed","title":"renderiza o botao Cancelar no footer principal","duration":433.1183000000001,"failureMessages":[],"meta":{},"tags":[]},{"ancestorTitles":["ImageLibraryDialog cancel button"],"fullName":"ImageLibraryDialog cancel button fecha sem salvar quando clica em Cancelar","status":"passed","title":"fecha sem salvar quando clica em Cancelar","duration":201.31860000000006,"failureMessages":[],"meta":{},"tags":[]},{"ancestorTitles":["ImageLibraryDialog cancel button"],"fullName":"ImageLibraryDialog cancel button exibe acao para uploads e mantem o modal aberto quando a navegacao e cancelada","status":"passed","title":"exibe acao para uploads e mantem o modal aberto quando a navegacao e cancelada","duration":220.89749999999958,"failureMessages":[],"meta":{},"tags":[]}],"startTime":1776886455628,"endTime":1776886456482.8975,"status":"passed","message":"","name":"D:/dev/nekomorto/src/components/ImageLibraryDialog.cancel-button.test.tsx"},{"assertionResults":[{"ancestorTitles":["ImageLibraryDialog focal point editor"],"fullName":"ImageLibraryDialog focal point editor renderiza a imagem inteira em contain e ignora interacoes fora da area util","status":"passed","title":"renderiza a imagem inteira em contain e ignora interacoes fora da area util","duration":845.1051,"failureMessages":[],"meta":{},"tags":[]},{"ancestorTitles":["ImageLibraryDialog focal point editor"],"fullName":"ImageLibraryDialog focal point editor move e redimensiona a caixa mantendo drafts independentes por preset","status":"passed","title":"move e redimensiona a caixa mantendo drafts independentes por preset","duration":553.4760999999999,"failureMessages":[],"meta":{},"tags":[]}],"startTime":1776886445156,"endTime":1776886446554.476,"status":"passed","message":"","name":"D:/dev/nekomorto/src/components/ImageLibraryDialog.focal-point.test.tsx"},{"assertionResults":[{"ancestorTitles":["ImageLibraryDialog loading state"],"fullName":"ImageLibraryDialog loading state renderiza skeleton enquanto a listagem inicial ainda nao respondeu","status":"passed","title":"renderiza skeleton enquanto a listagem inicial ainda nao respondeu","duration":270.03790000000004,"failureMessages":[],"meta":{},"tags":[]},{"ancestorTitles":["ImageLibraryDialog loading state"],"fullName":"ImageLibraryDialog loading state marca a importacao por URL como ocupada enquanto o request ainda esta pendente","status":"passed","title":"marca a importacao por URL como ocupada enquanto o request ainda esta pendente","duration":314.69500000000016,"failureMessages":[],"meta":{},"tags":[]},{"ancestorTitles":["ImageLibraryDialog loading state"],"fullName":"ImageLibraryDialog loading state exibe erro de permissao quando a listagem de uploads falha com 403","status":"passed","title":"exibe erro de permissao quando a listagem de uploads falha com 403","duration":177.66849999999977,"failureMessages":[],"meta":{},"tags":[]},{"ancestorTitles":["ImageLibraryDialog loading state"],"fullName":"ImageLibraryDialog loading state nao repete a listagem sem scopeUserId quando o backend responde 403","status":"passed","title":"nao repete a listagem sem scopeUserId quando o backend responde 403","duration":124.29420000000027,"failureMessages":[],"meta":{},"tags":[]}],"startTime":1776886455117,"endTime":1776886456004.2942,"status":"passed","message":"","name":"D:/dev/nekomorto/src/components/ImageLibraryDialog.loading-state.test.tsx"},{"assertionResults":[{"ancestorTitles":["ImageLibraryDialog mobile layout"],"fullName":"ImageLibraryDialog mobile layout aplica classes responsivas para aliviar o layout no mobile","status":"passed","title":"aplica classes responsivas para aliviar o layout no mobile","duration":481.6548,"failureMessages":[],"meta":{},"tags":[]}],"startTime":1776886464446,"endTime":1776886464927.6548,"status":"passed","message":"","name":"D:/dev/nekomorto/src/components/ImageLibraryDialog.mobile-layout.test.tsx"},{"assertionResults":[{"ancestorTitles":["ImageLibraryDialog project groups"],"fullName":"ImageLibraryDialog project groups agrupa por projeto e pasta, exibindo itens so apos expandir a pasta","status":"passed","title":"agrupa por projeto e pasta, exibindo itens so apos expandir a pasta","duration":980.5499,"failureMessages":[],"meta":{},"tags":[]},{"ancestorTitles":["ImageLibraryDialog project groups"],"fullName":"ImageLibraryDialog project groups ordena projetos e pastas com comparacao natural","status":"passed","title":"ordena projetos e pastas com comparacao natural","duration":401.3153000000002,"failureMessages":[],"meta":{},"tags":[]}],"startTime":1776886447810,"endTime":1776886449191.3152,"status":"passed","message":"","name":"D:/dev/nekomorto/src/components/ImageLibraryDialog.project-groups.test.tsx"},{"assertionResults":[{"ancestorTitles":["ImageLibraryDialog project image scope"],"fullName":"ImageLibraryDialog project image scope omite a secao de imagens de projeto quando includeProjectImages esta desativado","status":"passed","title":"omite a secao de imagens de projeto quando includeProjectImages esta desativado","duration":389.89620000000014,"failureMessages":[],"meta":{},"tags":[]},{"ancestorTitles":["ImageLibraryDialog project image scope"],"fullName":"ImageLibraryDialog project image scope nao consulta /api/uploads/project-images por padrao","status":"passed","title":"nao consulta /api/uploads/project-images por padrao","duration":132.88689999999997,"failureMessages":[],"meta":{},"tags":[]},{"ancestorTitles":["ImageLibraryDialog project image scope"],"fullName":"ImageLibraryDialog project image scope mantem a secao visivel com mensagem vazia quando includeProjectImages esta ativo","status":"passed","title":"mantem a secao visivel com mensagem vazia quando includeProjectImages esta ativo","duration":177.82510000000002,"failureMessages":[],"meta":{},"tags":[]},{"ancestorTitles":["ImageLibraryDialog project image scope"],"fullName":"ImageLibraryDialog project image scope ignora itens de projeto fora de /uploads/projects/","status":"passed","title":"ignora itens de projeto fora de /uploads/projects/","duration":166.22749999999996,"failureMessages":[],"meta":{},"tags":[]}],"startTime":1776886457502,"endTime":1776886458369.2275,"status":"passed","message":"","name":"D:/dev/nekomorto/src/components/ImageLibraryDialog.project-images-scope.test.tsx"},{"assertionResults":[{"ancestorTitles":["ImageLibraryDialog selection state"],"fullName":"ImageLibraryDialog selection state preserva pre-selecao existente apos carregar os itens","status":"passed","title":"preserva pre-selecao existente apos carregar os itens","duration":485.778,"failureMessages":[],"meta":{},"tags":[]},{"ancestorTitles":["ImageLibraryDialog selection state"],"fullName":"ImageLibraryDialog selection state considera URL absoluta equivalente como selecionada","status":"passed","title":"considera URL absoluta equivalente como selecionada","duration":240.57879999999977,"failureMessages":[],"meta":{},"tags":[]},{"ancestorTitles":["ImageLibraryDialog selection state"],"fullName":"ImageLibraryDialog selection state mantem a pre-selecao visivel quando a API inclui URL fora das pastas listadas","status":"passed","title":"mantem a pre-selecao visivel quando a API inclui URL fora das pastas listadas","duration":208.94920000000002,"failureMessages":[],"meta":{},"tags":[]},{"ancestorTitles":["ImageLibraryDialog selection state"],"fullName":"ImageLibraryDialog selection state limpa automaticamente selecao quando URL nao existe na biblioteca","status":"passed","title":"limpa automaticamente selecao quando URL nao existe na biblioteca","duration":150.2838999999999,"failureMessages":[],"meta":{},"tags":[]},{"ancestorTitles":["ImageLibraryDialog selection state"],"fullName":"ImageLibraryDialog selection state permite desselecionar item pre-selecionado","status":"passed","title":"permite desselecionar item pre-selecionado","duration":207.8453999999997,"failureMessages":[],"meta":{},"tags":[]},{"ancestorTitles":["ImageLibraryDialog selection state"],"fullName":"ImageLibraryDialog selection state limpa a selecao atual pelo botao do footer","status":"passed","title":"limpa a selecao atual pelo botao do footer","duration":196.16869999999972,"failureMessages":[],"meta":{},"tags":[]},{"ancestorTitles":["ImageLibraryDialog selection state"],"fullName":"ImageLibraryDialog selection state nao reseta selecao do usuario em rerender com arrays equivalentes de filtros","status":"passed","title":"nao reseta selecao do usuario em rerender com arrays equivalentes de filtros","duration":236.4085,"failureMessages":[],"meta":{},"tags":[]},{"ancestorTitles":["ImageLibraryDialog selection state"],"fullName":"ImageLibraryDialog selection state nao oculta arquivos avatar fora do fluxo de crop de avatar","status":"passed","title":"nao oculta arquivos avatar fora do fluxo de crop de avatar","duration":191.08590000000004,"failureMessages":[],"meta":{},"tags":[]}],"startTime":1776886435364,"endTime":1776886437281.086,"status":"passed","message":"","name":"D:/dev/nekomorto/src/components/ImageLibraryDialog.selection-state.test.tsx"},{"assertionResults":[{"ancestorTitles":["ImageLibraryDialog upload folder focus"],"fullName":"ImageLibraryDialog upload folder focus abre com filtro inicial focado na pasta de capitulo","status":"passed","title":"abre com filtro inicial focado na pasta de capitulo","duration":402.13130000000024,"failureMessages":[],"meta":{},"tags":[]},{"ancestorTitles":["ImageLibraryDialog upload folder focus"],"fullName":"ImageLibraryDialog upload folder focus permite navegar manualmente para outras pastas do projeto","status":"passed","title":"permite navegar manualmente para outras pastas do projeto","duration":581.7683000000002,"failureMessages":[],"meta":{},"tags":[]},{"ancestorTitles":["ImageLibraryDialog upload folder focus"],"fullName":"ImageLibraryDialog upload folder focus revela upload deduplicado em outra pasta mesmo fora do fluxo de avatar","status":"passed","title":"revela upload deduplicado em outra pasta mesmo fora do fluxo de avatar","duration":279.57209999999986,"failureMessages":[],"meta":{},"tags":[]},{"ancestorTitles":["ImageLibraryDialog upload folder focus"],"fullName":"ImageLibraryDialog upload folder focus materializa e salva um upload deduplicado que pertence a outro projeto","status":"passed","title":"materializa e salva um upload deduplicado que pertence a outro projeto","duration":410.16769999999997,"failureMessages":[],"meta":{},"tags":[]},{"ancestorTitles":["ImageLibraryDialog upload folder focus"],"fullName":"ImageLibraryDialog upload folder focus mantem o upload deduplicado visivel apos rerender com currentSelectionUrls equivalentes","status":"passed","title":"mantem o upload deduplicado visivel apos rerender com currentSelectionUrls equivalentes","duration":273.10660000000007,"failureMessages":[],"meta":{},"tags":[]},{"ancestorTitles":["ImageLibraryDialog upload folder focus"],"fullName":"ImageLibraryDialog upload folder focus prefere o card de upload quando o item revelado continua visivel no topo","status":"passed","title":"prefere o card de upload quando o item revelado continua visivel no topo","duration":156.07479999999987,"failureMessages":[],"meta":{},"tags":[]},{"ancestorTitles":["ImageLibraryDialog upload folder focus"],"fullName":"ImageLibraryDialog upload folder focus faz fallback para o card de projeto quando o upload do topo foi desduplicado na biblioteca de projeto escopada","status":"passed","title":"faz fallback para o card de projeto quando o upload do topo foi desduplicado na biblioteca de projeto escopada","duration":224.33930000000055,"failureMessages":[],"meta":{},"tags":[]},{"ancestorTitles":["ImageLibraryDialog upload folder focus"],"fullName":"ImageLibraryDialog upload folder focus faz fallback para o card de projeto quando o upload do topo foi desduplicado na biblioteca ampla","status":"passed","title":"faz fallback para o card de projeto quando o upload do topo foi desduplicado na biblioteca ampla","duration":265.7556999999997,"failureMessages":[],"meta":{},"tags":[]},{"ancestorTitles":["ImageLibraryDialog upload folder focus"],"fullName":"ImageLibraryDialog upload folder focus abre o dropdown de pasta com as opcoes visiveis acima do modal","status":"passed","title":"abre o dropdown de pasta com as opcoes visiveis acima do modal","duration":187.65390000000025,"failureMessages":[],"meta":{},"tags":[]},{"ancestorTitles":["ImageLibraryDialog upload folder focus"],"fullName":"ImageLibraryDialog upload folder focus remove caminhos de projeto do dropdown quando imagens de projeto estao habilitadas","status":"passed","title":"remove caminhos de projeto do dropdown quando imagens de projeto estao habilitadas","duration":164.72760000000017,"failureMessages":[],"meta":{},"tags":[]},{"ancestorTitles":["ImageLibraryDialog upload folder focus"],"fullName":"ImageLibraryDialog upload folder focus oculta o dropdown de pasta quando so restam uploads em projects","status":"passed","title":"oculta o dropdown de pasta quando so restam uploads em projects","duration":56.03229999999985,"failureMessages":[],"meta":{},"tags":[]},{"ancestorTitles":["ImageLibraryDialog upload folder focus"],"fullName":"ImageLibraryDialog upload folder focus oculta 'Todas as pastas' quando o fluxo de avatar so pode navegar em users","status":"passed","title":"oculta 'Todas as pastas' quando o fluxo de avatar so pode navegar em users","duration":94.69999999999982,"failureMessages":[],"meta":{},"tags":[]},{"ancestorTitles":["ImageLibraryDialog upload folder focus"],"fullName":"ImageLibraryDialog upload folder focus carrega apenas os roots explicitamente autorizados no avatar","status":"passed","title":"carrega apenas os roots explicitamente autorizados no avatar","duration":282.15589999999975,"failureMessages":[],"meta":{},"tags":[]},{"ancestorTitles":["ImageLibraryDialog upload folder focus"],"fullName":"ImageLibraryDialog upload folder focus colapsa subpastas de projeto para a raiz com titulo fora do editor de projetos","status":"passed","title":"colapsa subpastas de projeto para a raiz com titulo fora do editor de projetos","duration":305.16319999999996,"failureMessages":[],"meta":{},"tags":[]},{"ancestorTitles":["ImageLibraryDialog upload folder focus"],"fullName":"ImageLibraryDialog upload folder focus mantem o request normal de branding com folder escopado e __all__","status":"passed","title":"mantem o request normal de branding com folder escopado e __all__","duration":94.08830000000034,"failureMessages":[],"meta":{},"tags":[]},{"ancestorTitles":["ImageLibraryDialog upload folder focus"],"fullName":"ImageLibraryDialog upload folder focus revela novamente o retorno do segundo upload depois de um dedupe hit inicial","status":"passed","title":"revela novamente o retorno do segundo upload depois de um dedupe hit inicial","duration":221.6871000000001,"failureMessages":[],"meta":{},"tags":[]}],"startTime":1776886424256,"endTime":1776886428255.687,"status":"passed","message":"","name":"D:/dev/nekomorto/src/components/ImageLibraryDialog.upload-folder-focus.test.tsx"},{"assertionResults":[{"ancestorTitles":["LatestEpisodeCard border styles"],"fullName":"LatestEpisodeCard border styles aplica o shell de animacao novo nos cards internos","status":"passed","title":"aplica o shell de animacao novo nos cards internos","duration":281.8771999999999,"failureMessages":[],"meta":{},"tags":[]},{"ancestorTitles":["LatestEpisodeCard border styles"],"fullName":"LatestEpisodeCard border styles renderiza poster otimizado para as imagens das atualizacoes","status":"passed","title":"renderiza poster otimizado para as imagens das atualizacoes","duration":66.9346999999998,"failureMessages":[],"meta":{},"tags":[]},{"ancestorTitles":["LatestEpisodeCard border styles"],"fullName":"LatestEpisodeCard border styles oculta badges de unidade e volume no mobile mesmo para unidade Extra","status":"passed","title":"oculta badges de unidade e volume no mobile mesmo para unidade Extra","duration":22.7496000000001,"failureMessages":[],"meta":{},"tags":[]},{"ancestorTitles":["LatestEpisodeCard border styles"],"fullName":"LatestEpisodeCard border styles mantem a pill de ajuste com o destaque ambar no novo shell","status":"passed","title":"mantem a pill de ajuste com o destaque ambar no novo shell","duration":53.07960000000003,"failureMessages":[],"meta":{},"tags":[]}],"startTime":1776886463900,"endTime":1776886464325.0796,"status":"passed","message":"","name":"D:/dev/nekomorto/src/components/LatestEpisodeCard.border.test.tsx"},{"assertionResults":[{"ancestorTitles":["PostContentEditor color pickers"],"fullName":"PostContentEditor color pickers aplica a cor do texto sem travar o scroll da pagina","status":"passed","title":"aplica a cor do texto sem travar o scroll da pagina","duration":584.3601999999996,"failureMessages":[],"meta":{},"tags":[]},{"ancestorTitles":["PostContentEditor color pickers"],"fullName":"PostContentEditor color pickers mantem o popover de gradiente aberto ao usar os color pickers internos","status":"passed","title":"mantem o popover de gradiente aberto ao usar os color pickers internos","duration":615.6779000000001,"failureMessages":[],"meta":{},"tags":[]}],"startTime":1776886448982,"endTime":1776886450182.678,"status":"passed","message":"","name":"D:/dev/nekomorto/src/components/PostContentEditor.color-picker.test.tsx"},{"assertionResults":[{"ancestorTitles":["PostContentEditor security"],"fullName":"PostContentEditor security sanitizes preview HTML before rendering it","status":"passed","title":"sanitizes preview HTML before rendering it","duration":220.25919999999996,"failureMessages":[],"meta":{},"tags":[]}],"startTime":1776886475261,"endTime":1776886475481.2593,"status":"passed","message":"","name":"D:/dev/nekomorto/src/components/PostContentEditor.security.test.tsx"},{"assertionResults":[{"ancestorTitles":["ProjectEmbedCard"],"fullName":"ProjectEmbedCard ordena tags por traducao exibida, mantem badges no rodape e usa clamp padrao de duas linhas","status":"passed","title":"ordena tags por traducao exibida, mantem badges no rodape e usa clamp padrao de duas linhas","duration":101.84950000000003,"failureMessages":[],"meta":{},"tags":[]},{"ancestorTitles":["ProjectEmbedCard"],"fullName":"ProjectEmbedCard renderiza a capa lateral edge-to-edge com proporcao 9:14 e largura fixa","status":"passed","title":"renderiza a capa lateral edge-to-edge com proporcao 9:14 e largura fixa","duration":164.09969999999998,"failureMessages":[],"meta":{},"tags":[]},{"ancestorTitles":["ProjectEmbedCard"],"fullName":"ProjectEmbedCard mapeia o clamp dinamico para classes explicitas e oculta a sinopse com zero linhas","status":"passed","title":"mapeia o clamp dinamico para classes explicitas e oculta a sinopse com zero linhas","duration":39.284200000000055,"failureMessages":[],"meta":{},"tags":[]},{"ancestorTitles":["ProjectEmbedCard"],"fullName":"ProjectEmbedCard renderiza posterThumb com fallback semantico para poster quando a API entrega apenas poster","status":"passed","title":"renderiza posterThumb com fallback semantico para poster quando a API entrega apenas poster","duration":65.94650000000001,"failureMessages":[],"meta":{},"tags":[]}],"startTime":1776886465946,"endTime":1776886466317.9465,"status":"passed","message":"","name":"D:/dev/nekomorto/src/components/ProjectEmbedCard.test.tsx"},{"assertionResults":[{"ancestorTitles":["public bootstrap dedupe"],"fullName":"public bootstrap dedupe faz uma unica chamada para /api/public/bootstrap com multiplos consumidores","status":"passed","title":"faz uma unica chamada para /api/public/bootstrap com multiplos consumidores","duration":170.33349999999996,"failureMessages":[],"meta":{},"tags":[]}],"startTime":1776886474609,"endTime":1776886474779.3335,"status":"passed","message":"","name":"D:/dev/nekomorto/src/components/public-bootstrap.dedupe.test.tsx"},{"assertionResults":[{"ancestorTitles":["PublicInteractiveCardShell"],"fullName":"PublicInteractiveCardShell renderiza as camadas de shadow no preset padrao","status":"passed","title":"renderiza as camadas de shadow no preset padrao","duration":12.411399999999958,"failureMessages":[],"meta":{},"tags":[]},{"ancestorTitles":["PublicInteractiveCardShell"],"fullName":"PublicInteractiveCardShell omite as camadas de shadow no preset none","status":"passed","title":"omite as camadas de shadow no preset none","duration":0.6111999999998261,"failureMessages":[],"meta":{},"tags":[]},{"ancestorTitles":["PublicInteractiveCardShell"],"fullName":"PublicInteractiveCardShell permite desativar lift sem remover shadows do preset padrao","status":"passed","title":"permite desativar lift sem remover shadows do preset padrao","duration":0.5978000000000065,"failureMessages":[],"meta":{},"tags":[]}],"startTime":1776886486338,"endTime":1776886486351.598,"status":"passed","message":"","name":"D:/dev/nekomorto/src/components/PublicInteractiveCardShell.test.tsx"},{"assertionResults":[{"ancestorTitles":["PublicLayout"],"fullName":"PublicLayout renders header, main outlet, and footer without skip links","status":"passed","title":"renders header, main outlet, and footer without skip links","duration":161.53070000000002,"failureMessages":[],"meta":{},"tags":[]},{"ancestorTitles":["PublicLayout"],"fullName":"PublicLayout aplica o gradiente de surface na rota /projetos","status":"passed","title":"aplica o gradiente de surface na rota /projetos","duration":10.095900000000029,"failureMessages":[],"meta":{},"tags":[]},{"ancestorTitles":["PublicLayout"],"fullName":"PublicLayout oculta o chrome global nas rotas de leitura publica","status":"passed","title":"oculta o chrome global nas rotas de leitura publica","duration":27.212999999999965,"failureMessages":[],"meta":{},"tags":[]}],"startTime":1776886475557,"endTime":1776886475756.213,"status":"passed","message":"","name":"D:/dev/nekomorto/src/components/PublicLayout.test.tsx"},{"assertionResults":[{"ancestorTitles":["PublicPageHero"],"fullName":"PublicPageHero renderiza title, subtitle, badge opcional e classe compartilhada","status":"passed","title":"renderiza title, subtitle, badge opcional e classe compartilhada","duration":176.50950000000012,"failureMessages":[],"meta":{},"tags":[]},{"ancestorTitles":["PublicPageHero"],"fullName":"PublicPageHero nao renderiza badge vazio","status":"passed","title":"nao renderiza badge vazio","duration":7.863100000000031,"failureMessages":[],"meta":{},"tags":[]},{"ancestorTitles":["PublicPageHero"],"fullName":"PublicPageHero renderiza badges adicionais quando presentes","status":"passed","title":"renderiza badges adicionais quando presentes","duration":5.212699999999813,"failureMessages":[],"meta":{},"tags":[]}],"startTime":1776886473037,"endTime":1776886473227.2126,"status":"passed","message":"","name":"D:/dev/nekomorto/src/components/PublicPageHero.test.tsx"},{"assertionResults":[{"ancestorTitles":["PublicUserProfileCard"],"fullName":"PublicUserProfileCard usa pills de funcao com tokens semanticamente legiveis","status":"passed","title":"usa pills de funcao com tokens semanticamente legiveis","duration":45.89509999999996,"failureMessages":[],"meta":{},"tags":[]},{"ancestorTitles":["PublicUserProfileCard"],"fullName":"PublicUserProfileCard alterna favoritas por clique e teclado sem abrir no hover","status":"passed","title":"alterna favoritas por clique e teclado sem abrir no hover","duration":261.0103999999999,"failureMessages":[],"meta":{},"tags":[]},{"ancestorTitles":["PublicUserProfileCard"],"fullName":"PublicUserProfileCard ignora clique em link social e preserva o botao mobile sem toggle duplo","status":"passed","title":"ignora clique em link social e preserva o botao mobile sem toggle duplo","duration":72.93190000000004,"failureMessages":[],"meta":{},"tags":[]},{"ancestorTitles":["PublicUserProfileCard"],"fullName":"PublicUserProfileCard mantem hover restaurado no card aposentado","status":"passed","title":"mantem hover restaurado no card aposentado","duration":6.247299999999996,"failureMessages":[],"meta":{},"tags":[]},{"ancestorTitles":["PublicUserProfileCard"],"fullName":"PublicUserProfileCard usa proxy same-origin para avatar do Discord em perfis publicos","status":"passed","title":"usa proxy same-origin para avatar do Discord em perfis publicos","duration":5.923199999999952,"failureMessages":[],"meta":{},"tags":[]},{"ancestorTitles":["PublicUserProfileCard"],"fullName":"PublicUserProfileCard prefere a variante AVIF quadrada quando o avatar publico da equipe a expõe","status":"passed","title":"prefere a variante AVIF quadrada quando o avatar publico da equipe a expõe","duration":4.194599999999809,"failureMessages":[],"meta":{},"tags":[]}],"startTime":1776886470053,"endTime":1776886470449.1946,"status":"passed","message":"","name":"D:/dev/nekomorto/src/components/PublicUserProfileCard.test.tsx"},{"assertionResults":[{"ancestorTitles":["ReleasesSection cover fit"],"fullName":"ReleasesSection cover fit renderiza capa do card com preenchimento total e wrapper 3:2","status":"passed","title":"renderiza capa do card com preenchimento total e wrapper 3:2","duration":277.3527999999999,"failureMessages":[],"meta":{},"tags":[]},{"ancestorTitles":["ReleasesSection cover fit"],"fullName":"ReleasesSection cover fit expoe ancora de lancamentos, link da postagem e remove CTAs extras","status":"passed","title":"expoe ancora de lancamentos, link da postagem e remove CTAs extras","duration":70.47579999999994,"failureMessages":[],"meta":{},"tags":[]},{"ancestorTitles":["ReleasesSection cover fit"],"fullName":"ReleasesSection cover fit mantem heading semantico da secao antes dos titulos dos cards","status":"passed","title":"mantem heading semantico da secao antes dos titulos dos cards","duration":53.202600000000075,"failureMessages":[],"meta":{},"tags":[]},{"ancestorTitles":["ReleasesSection cover fit"],"fullName":"ReleasesSection cover fit renderiza Top 10 na sidebar entre Em Progresso e Discord","status":"passed","title":"renderiza Top 10 na sidebar entre Em Progresso e Discord","duration":54.229300000000194,"failureMessages":[],"meta":{},"tags":[]},{"ancestorTitles":["ReleasesSection cover fit"],"fullName":"ReleasesSection cover fit usa paginacao compacta e troca de pagina sem perder o scroll da secao","status":"passed","title":"usa paginacao compacta e troca de pagina sem perder o scroll da secao","duration":470.8824999999997,"failureMessages":[],"meta":{},"tags":[]}],"startTime":1776886455826,"endTime":1776886456752.8826,"status":"passed","message":"","name":"D:/dev/nekomorto/src/components/ReleasesSection.cover-fit.test.tsx"},{"assertionResults":[{"ancestorTitles":["ReorderControls keyboard support"],"fullName":"ReorderControls keyboard support supports click and Alt+Arrow shortcuts while announcing movement","status":"passed","title":"supports click and Alt+Arrow shortcuts while announcing movement","duration":310.30870000000004,"failureMessages":[],"meta":{},"tags":[]}],"startTime":1776886473172,"endTime":1776886473482.3086,"status":"passed","message":"","name":"D:/dev/nekomorto/src/components/ReorderControls.keyboard.test.tsx"},{"assertionResults":[{"ancestorTitles":["ThemedSvgLogo"],"fullName":"ThemedSvgLogo renders allowed remote https icons as img","status":"passed","title":"renders allowed remote https icons as img","duration":155.35529999999994,"failureMessages":[],"meta":{},"tags":[]},{"ancestorTitles":["ThemedSvgLogo"],"fullName":"ThemedSvgLogo renders allowed /uploads icons as img","status":"passed","title":"renders allowed /uploads icons as img","duration":8.93809999999985,"failureMessages":[],"meta":{},"tags":[]},{"ancestorTitles":["ThemedSvgLogo"],"fullName":"ThemedSvgLogo blocks unsafe data URL icon sources","status":"passed","title":"blocks unsafe data URL icon sources","duration":1.6680999999998676,"failureMessages":[],"meta":{},"tags":[]},{"ancestorTitles":["ThemedSvgLogo"],"fullName":"ThemedSvgLogo does not render icon keys as image URL","status":"passed","title":"does not render icon keys as image URL","duration":1.8211999999998625,"failureMessages":[],"meta":{},"tags":[]}],"startTime":1776886477750,"endTime":1776886477917.8213,"status":"passed","message":"","name":"D:/dev/nekomorto/src/components/ThemedSvgLogo.test.tsx"},{"assertionResults":[{"ancestorTitles":["ThemedSvgMaskIcon"],"fullName":"ThemedSvgMaskIcon renderiza svg com mask e tint por currentColor quando suportado","status":"passed","title":"renderiza svg com mask e tint por currentColor quando suportado","duration":169.38030000000003,"failureMessages":[],"meta":{},"tags":[]},{"ancestorTitles":["ThemedSvgMaskIcon"],"fullName":"ThemedSvgMaskIcon bloqueia URL insegura (data:)","status":"passed","title":"bloqueia URL insegura (data:)","duration":8.282300000000077,"failureMessages":[],"meta":{},"tags":[]},{"ancestorTitles":["ThemedSvgMaskIcon"],"fullName":"ThemedSvgMaskIcon faz fallback para img quando a URL nao e SVG","status":"passed","title":"faz fallback para img quando a URL nao e SVG","duration":12.880299999999806,"failureMessages":[],"meta":{},"tags":[]},{"ancestorTitles":["ThemedSvgMaskIcon"],"fullName":"ThemedSvgMaskIcon faz fallback para img quando mask-image nao e suportado","status":"passed","title":"faz fallback para img quando mask-image nao e suportado","duration":5.957599999999957,"failureMessages":[],"meta":{},"tags":[]},{"ancestorTitles":["ThemedSvgMaskIcon"],"fullName":"ThemedSvgMaskIcon faz fallback para img quando o preflight da imagem falha","status":"passed","title":"faz fallback para img quando o preflight da imagem falha","duration":7.7547000000001844,"failureMessages":[],"meta":{},"tags":[]}],"startTime":1776886473152,"endTime":1776886473355.7546,"status":"passed","message":"","name":"D:/dev/nekomorto/src/components/ThemedSvgMaskIcon.test.tsx"},{"assertionResults":[{"ancestorTitles":["ThemeModeSwitcher"],"fullName":"ThemeModeSwitcher renderiza o toggle Classic no modo escuro com label para alternar para claro","status":"passed","title":"renderiza o toggle Classic no modo escuro com label para alternar para claro","duration":197.10810000000015,"failureMessages":[],"meta":{},"tags":[]},{"ancestorTitles":["ThemeModeSwitcher"],"fullName":"ThemeModeSwitcher em global dark alterna para light","status":"passed","title":"em global dark alterna para light","duration":16.70400000000018,"failureMessages":[],"meta":{},"tags":[]},{"ancestorTitles":["ThemeModeSwitcher"],"fullName":"ThemeModeSwitcher em override light com global dark volta para global","status":"passed","title":"em override light com global dark volta para global","duration":15.377700000000004,"failureMessages":[],"meta":{},"tags":[]},{"ancestorTitles":["ThemeModeSwitcher"],"fullName":"ThemeModeSwitcher em global light alterna para dark","status":"passed","title":"em global light alterna para dark","duration":7.850800000000163,"failureMessages":[],"meta":{},"tags":[]}],"startTime":1776886474226,"endTime":1776886474463.8508,"status":"passed","message":"","name":"D:/dev/nekomorto/src/components/ThemeModeSwitcher.test.tsx"},{"assertionResults":[{"ancestorTitles":["TopProjectsSection"],"fullName":"TopProjectsSection ordena por views acumuladas por padrao, limita top 10 e exibe ranking/metricas discretas","status":"passed","title":"ordena por views acumuladas por padrao, limita top 10 e exibe ranking/metricas discretas","duration":645.3900999999998,"failureMessages":[],"meta":{},"tags":[]},{"ancestorTitles":["TopProjectsSection"],"fullName":"TopProjectsSection permite alternar para ranking 7d e 30d via dropdown","status":"passed","title":"permite alternar para ranking 7d e 30d via dropdown","duration":357.5767000000001,"failureMessages":[],"meta":{},"tags":[]},{"ancestorTitles":["TopProjectsSection"],"fullName":"TopProjectsSection exibe estado vazio quando nao ha projetos no bootstrap","status":"passed","title":"exibe estado vazio quando nao ha projetos no bootstrap","duration":8.380500000000211,"failureMessages":[],"meta":{},"tags":[]}],"startTime":1776886452121,"endTime":1776886453132.3806,"status":"passed","message":"","name":"D:/dev/nekomorto/src/components/TopProjectsSection.test.tsx"},{"assertionResults":[{"ancestorTitles":["UploadPicture"],"fullName":"UploadPicture renderiza sources avif/webp e fallback de variante quando disponivel","status":"passed","title":"renderiza sources avif/webp e fallback de variante quando disponivel","duration":25.98519999999985,"failureMessages":[],"meta":{},"tags":[]},{"ancestorTitles":["UploadPicture"],"fullName":"UploadPicture usa src original quando nao ha variantes","status":"passed","title":"usa src original quando nao ha variantes","duration":2.7781000000002223,"failureMessages":[],"meta":{},"tags":[]},{"ancestorTitles":["UploadPicture"],"fullName":"UploadPicture usa o src original no img quando a variante salva apenas avif","status":"passed","title":"usa o src original no img quando a variante salva apenas avif","duration":2.5546999999999116,"failureMessages":[],"meta":{},"tags":[]},{"ancestorTitles":["UploadPicture"],"fullName":"UploadPicture resolve a variante cardWide quando disponivel","status":"passed","title":"resolve a variante cardWide quando disponivel","duration":2.952600000000075,"failureMessages":[],"meta":{},"tags":[]},{"ancestorTitles":["UploadPicture"],"fullName":"UploadPicture aplica srcset responsivo para cardHome quando variantes sm/base existem","status":"passed","title":"aplica srcset responsivo para cardHome quando variantes sm/base existem","duration":3.2212999999999283,"failureMessages":[],"meta":{},"tags":[]},{"ancestorTitles":["UploadPicture"],"fullName":"UploadPicture resolve a variante poster quando disponivel","status":"passed","title":"resolve a variante poster quando disponivel","duration":2.297900000000027,"failureMessages":[],"meta":{},"tags":[]},{"ancestorTitles":["UploadPicture"],"fullName":"UploadPicture aplica srcset responsivo para posterThumb quando variantes sm/base existem","status":"passed","title":"aplica srcset responsivo para posterThumb quando variantes sm/base existem","duration":2.0537000000001626,"failureMessages":[],"meta":{},"tags":[]},{"ancestorTitles":["UploadPicture"],"fullName":"UploadPicture faz fallback de posterThumb para poster quando necessario","status":"passed","title":"faz fallback de posterThumb para poster quando necessario","duration":1.7067000000001826,"failureMessages":[],"meta":{},"tags":[]},{"ancestorTitles":["UploadPicture"],"fullName":"UploadPicture resolve a variante square quando disponivel","status":"passed","title":"resolve a variante square quando disponivel","duration":1.6415000000001783,"failureMessages":[],"meta":{},"tags":[]},{"ancestorTitles":["UploadPicture"],"fullName":"UploadPicture aplica object-position quando solicitado e ha foco disponivel","status":"passed","title":"aplica object-position quando solicitado e ha foco disponivel","duration":148.2772,"failureMessages":[],"meta":{},"tags":[]},{"ancestorTitles":["UploadPicture"],"fullName":"UploadPicture mantem comportamento padrao quando applyFocalObjectPosition esta desativado ou sem foco","status":"passed","title":"mantem comportamento padrao quando applyFocalObjectPosition esta desativado ou sem foco","duration":4.3315000000000055,"failureMessages":[],"meta":{},"tags":[]},{"ancestorTitles":["UploadPicture"],"fullName":"UploadPicture propaga sizes para sources e fallback quando informado","status":"passed","title":"propaga sizes para sources e fallback quando informado","duration":1.963899999999967,"failureMessages":[],"meta":{},"tags":[]},{"ancestorTitles":["UploadPicture"],"fullName":"UploadPicture propaga crossOrigin para o img renderizado","status":"passed","title":"propaga crossOrigin para o img renderizado","duration":1.4178999999999178,"failureMessages":[],"meta":{},"tags":[]},{"ancestorTitles":["UploadPicture"],"fullName":"UploadPicture faz fallback para o src original quando a variant falha sem repetir o erro indefinidamente","status":"passed","title":"faz fallback para o src original quando a variant falha sem repetir o erro indefinidamente","duration":7.652499999999918,"failureMessages":[],"meta":{},"tags":[]}],"startTime":1776886474980,"endTime":1776886475188.6526,"status":"passed","message":"","name":"D:/dev/nekomorto/src/components/UploadPicture.test.tsx"},{"assertionResults":[{"ancestorTitles":["WorkStatusCard accent mode"],"fullName":"WorkStatusCard accent mode mantem cor por etapa quando a flag estiver desativada","status":"passed","title":"mantem cor por etapa quando a flag estiver desativada","duration":255.61380000000008,"failureMessages":[],"meta":{},"tags":[]},{"ancestorTitles":["WorkStatusCard accent mode"],"fullName":"WorkStatusCard accent mode usa cor tematica no badge e na barra quando a flag estiver ativada","status":"passed","title":"usa cor tematica no badge e na barra quando a flag estiver ativada","duration":44.506200000000035,"failureMessages":[],"meta":{},"tags":[]},{"ancestorTitles":["WorkStatusCard accent mode"],"fullName":"WorkStatusCard accent mode prioriza progressStage no card mesmo quando completedStages ainda esta defasado","status":"passed","title":"prioriza progressStage no card mesmo quando completedStages ainda esta defasado","duration":38.67449999999985,"failureMessages":[],"meta":{},"tags":[]},{"ancestorTitles":["WorkStatusCard accent mode"],"fullName":"WorkStatusCard accent mode remove o item do card quando progressStage chega na etapa final","status":"passed","title":"remove o item do card quando progressStage chega na etapa final","duration":20.57770000000005,"failureMessages":[],"meta":{},"tags":[]},{"ancestorTitles":["WorkStatusCard accent mode"],"fullName":"WorkStatusCard accent mode nao lista capitulos que ja estao publicados com leitura interna","status":"passed","title":"nao lista capitulos que ja estao publicados com leitura interna","duration":23.895700000000033,"failureMessages":[],"meta":{},"tags":[]},{"ancestorTitles":["WorkStatusCard accent mode"],"fullName":"WorkStatusCard accent mode renderiza drafts reais de light novel e mangá com os rótulos corretos","status":"passed","title":"renderiza drafts reais de light novel e mangá com os rótulos corretos","duration":49.69520000000011,"failureMessages":[],"meta":{},"tags":[]},{"ancestorTitles":["WorkStatusCard accent mode"],"fullName":"WorkStatusCard accent mode oculta a scrollbar e limita a lista a cinco progressos visíveis por padrão","status":"passed","title":"oculta a scrollbar e limita a lista a cinco progressos visíveis por padrão","duration":42.54039999999986,"failureMessages":[],"meta":{},"tags":[]}],"startTime":1776886466220,"endTime":1776886466695.5403,"status":"passed","message":"","name":"D:/dev/nekomorto/src/components/WorkStatusCard.theme-accent.test.tsx"},{"assertionResults":[{"ancestorTitles":["DashboardPreferencesProvider"],"fullName":"DashboardPreferencesProvider carrega preferencias uma vez por currentUser.id e nao reentra em loading com novo objeto do mesmo usuario","status":"passed","title":"carrega preferencias uma vez por currentUser.id e nao reentra em loading com novo objeto do mesmo usuario","duration":31.2945000000002,"failureMessages":[],"meta":{},"tags":[]},{"ancestorTitles":["DashboardPreferencesProvider"],"fullName":"DashboardPreferencesProvider recarrega preferencias quando o currentUser.id muda","status":"passed","title":"recarrega preferencias quando o currentUser.id muda","duration":8.178000000000111,"failureMessages":[],"meta":{},"tags":[]}],"startTime":1776886481386,"endTime":1776886481425.178,"status":"passed","message":"","name":"D:/dev/nekomorto/src/hooks/dashboard-preferences-provider.test.tsx"},{"assertionResults":[{"ancestorTitles":["DashboardSessionProvider"],"fullName":"DashboardSessionProvider revalida o bootstrap uma vez por mount sem voltar ao loading bloqueante","status":"passed","title":"revalida o bootstrap uma vez por mount sem voltar ao loading bloqueante","duration":31.02740000000017,"failureMessages":[],"meta":{},"tags":[]}],"startTime":1776886482015,"endTime":1776886482046.0273,"status":"passed","message":"","name":"D:/dev/nekomorto/src/hooks/dashboard-session-provider.test.tsx"},{"assertionResults":[{"ancestorTitles":["GlobalShortcutsProvider"],"fullName":"GlobalShortcutsProvider abre a busca com / fora de elementos interativos","status":"passed","title":"abre a busca com / fora de elementos interativos","duration":31.61889999999994,"failureMessages":[],"meta":{},"tags":[]},{"ancestorTitles":["GlobalShortcutsProvider"],"fullName":"GlobalShortcutsProvider ignora / em elementos interativos","status":"passed","title":"ignora / em elementos interativos","duration":295.4369999999999,"failureMessages":[],"meta":{},"tags":[]},{"ancestorTitles":["GlobalShortcutsProvider"],"fullName":"GlobalShortcutsProvider navega com g seguido de d usando o resolver registrado","status":"passed","title":"navega com g seguido de d usando o resolver registrado","duration":16.7967000000001,"failureMessages":[],"meta":{},"tags":[]},{"ancestorTitles":["GlobalShortcutsProvider"],"fullName":"GlobalShortcutsProvider cancela o chord quando expira ou quando a segunda tecla é inválida","status":"passed","title":"cancela o chord quando expira ou quando a segunda tecla é inválida","duration":4.0978000000000065,"failureMessages":[],"meta":{},"tags":[]}],"startTime":1776886477720,"endTime":1776886478068.098,"status":"passed","message":"","name":"D:/dev/nekomorto/src/hooks/global-shortcuts-provider.test.tsx"},{"assertionResults":[{"ancestorTitles":["SiteSettingsProvider initiallyLoaded"],"fullName":"SiteSettingsProvider initiallyLoaded revalida via /api/public/bootstrap quando initiallyLoaded=true","status":"passed","title":"revalida via /api/public/bootstrap quando initiallyLoaded=true","duration":60.364900000000034,"failureMessages":[],"meta":{},"tags":[]},{"ancestorTitles":["SiteSettingsProvider initiallyLoaded"],"fullName":"SiteSettingsProvider initiallyLoaded carrega configuracoes quando inicialmente nao carregado","status":"passed","title":"carrega configuracoes quando inicialmente nao carregado","duration":12.924200000000155,"failureMessages":[],"meta":{},"tags":[]}],"startTime":1776886480680,"endTime":1776886480752.9243,"status":"passed","message":"","name":"D:/dev/nekomorto/src/hooks/site-settings-provider.initially-loaded.test.tsx"},{"a
[...]
itles":["InsertLayoutDialog"],"fullName":"InsertLayoutDialog restaura o snapshot antes de inserir o layout selecionado","status":"passed","title":"restaura o snapshot antes de inserir o layout selecionado","duration":209.4556,"failureMessages":[],"meta":{},"tags":[]}],"startTime":1776886470103,"endTime":1776886470312.4556,"status":"passed","message":"","name":"D:/dev/nekomorto/src/lexical-playground/plugins/LayoutPlugin.insert-dialog.test.tsx"},{"assertionResults":[{"ancestorTitles":["InsertPollDialog"],"fullName":"InsertPollDialog restaura o snapshot antes de inserir a enquete no editor ativo","status":"passed","title":"restaura o snapshot antes de inserir a enquete no editor ativo","duration":221.05690000000004,"failureMessages":[],"meta":{},"tags":[]},{"ancestorTitles":["InsertPollDialog"],"fullName":"InsertPollDialog usa apenas a selecao do editor de fallback quando o editor ativo nao trata o comando","status":"passed","title":"usa apenas a selecao do editor de fallback quando o editor ativo nao trata o comando","duration":51.03760000000011,"failureMessages":[],"meta":{},"tags":[]}],"startTime":1776886474891,"endTime":1776886475163.0376,"status":"passed","message":"","name":"D:/dev/nekomorto/src/lexical-playground/plugins/PollPlugin.insert-dialog.test.tsx"},{"assertionResults":[{"ancestorTitles":["InsertTableDialog"],"fullName":"InsertTableDialog restaura o snapshot antes de disparar a insercao da tabela","status":"passed","title":"restaura o snapshot antes de disparar a insercao da tabela","duration":292.18529999999987,"failureMessages":[],"meta":{},"tags":[]}],"startTime":1776886475620,"endTime":1776886475912.1853,"status":"passed","message":"","name":"D:/dev/nekomorto/src/lexical-playground/plugins/TablePlugin.insert-dialog.test.tsx"},{"assertionResults":[{"ancestorTitles":["TableThemeSyncPlugin"],"fullName":"TableThemeSyncPlugin remove o background inline padrao quando a celula nao tem cor explicita","status":"passed","title":"remove o background inline padrao quando a celula nao tem cor explicita","duration":24.06309999999985,"failureMessages":[],"meta":{},"tags":[]},{"ancestorTitles":["TableThemeSyncPlugin"],"fullName":"TableThemeSyncPlugin preserva a cor explicita da celula quando ela existe","status":"passed","title":"preserva a cor explicita da celula quando ela existe","duration":4.192199999999957,"failureMessages":[],"meta":{},"tags":[]}],"startTime":1776886483027,"endTime":1776886483055.1921,"status":"passed","message":"","name":"D:/dev/nekomorto/src/lexical-playground/plugins/TableThemeSyncPlugin.test.tsx"},{"assertionResults":[{"ancestorTitles":["ToolbarPlugin insert dropdown selection capture"],"fullName":"ToolbarPlugin insert dropdown selection capture captura a selecao da imagem no mousedown antes de abrir a biblioteca","status":"passed","title":"captura a selecao da imagem no mousedown antes de abrir a biblioteca","duration":438.3949,"failureMessages":[],"meta":{},"tags":[]},{"ancestorTitles":["ToolbarPlugin insert dropdown selection capture"],"fullName":"ToolbarPlugin insert dropdown selection capture nao captura selecao para linha horizontal","status":"passed","title":"nao captura selecao para linha horizontal","duration":218.80889999999977,"failureMessages":[],"meta":{},"tags":[]},{"ancestorTitles":["ToolbarPlugin insert dropdown selection capture"],"fullName":"ToolbarPlugin insert dropdown selection capture passa o snapshot salvo para o dialogo de Tabela","status":"passed","title":"passa o snapshot salvo para o dialogo de Tabela","duration":212.39039999999977,"failureMessages":[],"meta":{},"tags":[]},{"ancestorTitles":["ToolbarPlugin insert dropdown selection capture"],"fullName":"ToolbarPlugin insert dropdown selection capture passa o snapshot salvo para o dialogo de Enquete","status":"passed","title":"passa o snapshot salvo para o dialogo de Enquete","duration":139.17360000000008,"failureMessages":[],"meta":{},"tags":[]},{"ancestorTitles":["ToolbarPlugin insert dropdown selection capture"],"fullName":"ToolbarPlugin insert dropdown selection capture passa o snapshot salvo para o dialogo de Layout de colunas","status":"passed","title":"passa o snapshot salvo para o dialogo de Layout de colunas","duration":154.15099999999984,"failureMessages":[],"meta":{},"tags":[]},{"ancestorTitles":["ToolbarPlugin insert dropdown selection capture"],"fullName":"ToolbarPlugin insert dropdown selection capture restaura a selecao antes de inserir uma secao recolhivel","status":"passed","title":"restaura a selecao antes de inserir uma secao recolhivel","duration":136.57310000000007,"failureMessages":[],"meta":{},"tags":[]},{"ancestorTitles":["ToolbarPlugin insert dropdown selection capture"],"fullName":"ToolbarPlugin insert dropdown selection capture abre o fluxo de embed do toolbar com snapshot para X (Tweet)","status":"passed","title":"abre o fluxo de embed do toolbar com snapshot para X (Tweet)","duration":133.11179999999968,"failureMessages":[],"meta":{},"tags":[]},{"ancestorTitles":["ToolbarPlugin insert dropdown selection capture"],"fullName":"ToolbarPlugin insert dropdown selection capture abre o fluxo de embed do toolbar com snapshot para Vídeo do YouTube","status":"passed","title":"abre o fluxo de embed do toolbar com snapshot para Vídeo do YouTube","duration":141.23820000000023,"failureMessages":[],"meta":{},"tags":[]}],"startTime":1776886443481,"endTime":1776886445055.2383,"status":"passed","message":"","name":"D:/dev/nekomorto/src/lexical-playground/plugins/ToolbarPlugin.image-selection.test.tsx"},{"assertionResults":[{"ancestorTitles":["TweetNode"],"fullName":"TweetNode renderiza o wrapper dedicado do tweet para clipping do embed","status":"passed","title":"renderiza o wrapper dedicado do tweet para clipping do embed","duration":38.62110000000007,"failureMessages":[],"meta":{},"tags":[]},{"ancestorTitles":["TweetNode"],"fullName":"TweetNode passa o tema escuro atual para o widget do tweet","status":"passed","title":"passa o tema escuro atual para o widget do tweet","duration":7.6621000000000095,"failureMessages":[],"meta":{},"tags":[]},{"ancestorTitles":["TweetNode"],"fullName":"TweetNode passa o tema claro atual para o widget do tweet","status":"passed","title":"passa o tema claro atual para o widget do tweet","duration":13.812599999999975,"failureMessages":[],"meta":{},"tags":[]},{"ancestorTitles":["TweetNode"],"fullName":"TweetNode recria o embed quando o tema da pagina muda sem duplicar o conteudo","status":"passed","title":"recria o embed quando o tema da pagina muda sem duplicar o conteudo","duration":274.85360000000014,"failureMessages":[],"meta":{},"tags":[]},{"ancestorTitles":["TweetNode"],"fullName":"TweetNode mantem o tweet atual visivel enquanto prepara o proximo para o crossfade","status":"passed","title":"mantem o tweet atual visivel enquanto prepara o proximo para o crossfade","duration":13.379900000000134,"failureMessages":[],"meta":{},"tags":[]},{"ancestorTitles":["TweetNode"],"fullName":"TweetNode injeta o script do widget uma unica vez enquanto varios tweets aguardam o carregamento","status":"passed","title":"injeta o script do widget uma unica vez enquanto varios tweets aguardam o carregamento","duration":9.595700000000079,"failureMessages":[],"meta":{},"tags":[]},{"ancestorTitles":["TweetNode"],"fullName":"TweetNode reaproveita o script ja presente no DOM quando os widgets ja estao prontos","status":"passed","title":"reaproveita o script ja presente no DOM quando os widgets ja estao prontos","duration":21.41969999999992,"failureMessages":[],"meta":{},"tags":[]}],"startTime":1776886467801,"endTime":1776886468181.4197,"status":"passed","message":"","name":"D:/dev/nekomorto/src/lexical-playground/nodes/TweetNode.test.tsx"},{"assertionResults":[{"ancestorTitles":["YouTubeNode"],"fullName":"YouTubeNode renderiza o embed sem limitar a largura maxima do wrapper","status":"passed","title":"renderiza o embed sem limitar a largura maxima do wrapper","duration":47.433300000000145,"failureMessages":[],"meta":{},"tags":[]}],"startTime":1776886479672,"endTime":1776886479719.4333,"status":"passed","message":"","name":"D:/dev/nekomorto/src/lexical-playground/nodes/YouTubeNode.test.tsx"},{"assertionResults":[{"ancestorTitles":["client lexical serialize"],"fullName":"client lexical serialize normaliza um estado com keyword node","status":"passed","title":"normaliza um estado com keyword node","duration":7.917699999999968,"failureMessages":[],"meta":{},"tags":[]},{"ancestorTitles":["client lexical serialize"],"fullName":"client lexical serialize normaliza um estado com specialText node","status":"passed","title":"normaliza um estado com specialText node","duration":1.2046000000000276,"failureMessages":[],"meta":{},"tags":[]},{"ancestorTitles":["client lexical serialize"],"fullName":"client lexical serialize mantem o fallback canonico para root vazio","status":"passed","title":"mantem o fallback canonico para root vazio","duration":0.2055000000000291,"failureMessages":[],"meta":{},"tags":[]},{"ancestorTitles":["client lexical serialize"],"fullName":"client lexical serialize normaliza um estado com image node serializado","status":"passed","title":"normaliza um estado com image node serializado","duration":1.0325000000000273,"failureMessages":[],"meta":{},"tags":[]},{"ancestorTitles":["client lexical serialize"],"fullName":"client lexical serialize normaliza um estado com epub-image node serializado","status":"passed","title":"normaliza um estado com epub-image node serializado","duration":0.8550999999999931,"failureMessages":[],"meta":{},"tags":[]},{"ancestorTitles":["client lexical serialize"],"fullName":"client lexical serialize normaliza um estado com epub-paragraph node serializado","status":"passed","title":"normaliza um estado com epub-paragraph node serializado","duration":0.9366999999999734,"failureMessages":[],"meta":{},"tags":[]},{"ancestorTitles":["client lexical serialize"],"fullName":"client lexical serialize normaliza um estado com epub-heading node serializado","status":"passed","title":"normaliza um estado com epub-heading node serializado","duration":0.8599000000001524,"failureMessages":[],"meta":{},"tags":[]},{"ancestorTitles":["client lexical serialize"],"fullName":"client lexical serialize normaliza um estado com epub-anchor node serializado","status":"passed","title":"normaliza um estado com epub-anchor node serializado","duration":1.3174000000001342,"failureMessages":[],"meta":{},"tags":[]},{"ancestorTitles":["client lexical serialize"],"fullName":"client lexical serialize preserva font-size inline ao converter html para lexical","status":"passed","title":"preserva font-size inline ao converter html para lexical","duration":9.10719999999992,"failureMessages":[],"meta":{},"tags":[]},{"ancestorTitles":["client lexical serialize"],"fullName":"client lexical serialize preserva font-size inline e italico ao converter html para lexical","status":"passed","title":"preserva font-size inline e italico ao converter html para lexical","duration":3.2934000000000196,"failureMessages":[],"meta":{},"tags":[]}],"startTime":1776886483401,"endTime":1776886483428.2935,"status":"passed","message":"","name":"D:/dev/nekomorto/src/lib/lexical/serialize.test.ts"},{"assertionResults":[{"ancestorTitles":["normalizeLexicalViewerJson"],"fullName":"normalizeLexicalViewerJson fecha colapsaveis no estado do viewer sem alterar o payload original","status":"passed","title":"fecha colapsaveis no estado do viewer sem alterar o payload original","duration":8.244400000000041,"failureMessages":[],"meta":{},"tags":[]},{"ancestorTitles":["normalizeLexicalViewerJson"],"fullName":"normalizeLexicalViewerJson remove linhas vazias dentro de titulos e conteudos de colapsaveis","status":"passed","title":"remove linhas vazias dentro de titulos e conteudos de colapsaveis","duration":2.495400000000018,"failureMessages":[],"meta":{},"tags":[]}],"startTime":1776886488143,"endTime":1776886488153.4954,"status":"passed","message":"","name":"D:/dev/nekomorto/src/lib/lexical/viewer.test.ts"},{"assertionResults":[{"ancestorTitles":["getPostStatusLabel"],"fullName":"getPostStatusLabel should return 'Publicado' for 'published' status","status":"passed","title":"should return 'Publicado' for 'published' status","duration":1.4465999999999894,"failureMessages":[],"meta":{},"tags":[]},{"ancestorTitles":["getPostStatusLabel"],"fullName":"getPostStatusLabel should return 'Agendado' for 'scheduled' status","status":"passed","title":"should return 'Agendado' for 'scheduled' status","duration":0.21329999999989013,"failureMessages":[],"meta":{},"tags":[]},{"ancestorTitles":["getPostStatusLabel"],"fullName":"getPostStatusLabel should return 'Rascunho' for 'draft' status","status":"passed","title":"should return 'Rascunho' for 'draft' status","duration":0.16579999999999018,"failureMessages":[],"meta":{},"tags":[]},{"ancestorTitles":["getPostStatusLabel"],"fullName":"getPostStatusLabel should return 'Rascunho' for any other status (default case)","status":"passed","title":"should return 'Rascunho' for any other status (default case)","duration":0.15770000000020445,"failureMessages":[],"meta":{},"tags":[]}],"startTime":1776886507528,"endTime":1776886507530.1658,"status":"passed","message":"","name":"D:/dev/nekomorto/src/components/dashboard/post-editor/dashboard-posts-types.test.ts"},{"assertionResults":[{"ancestorTitles":["ProjectEditorImageLibraryDialog selection memoization"],"fullName":"ProjectEditorImageLibraryDialog selection memoization mantem currentSelectionUrls estavel quando a selecao nao muda","status":"passed","title":"mantem currentSelectionUrls estavel quando a selecao nao muda","duration":13.800600000000031,"failureMessages":[],"meta":{},"tags":[]}],"startTime":1776886486371,"endTime":1776886486384.8005,"status":"passed","message":"","name":"D:/dev/nekomorto/src/components/dashboard/project-editor/ProjectEditorImageLibraryDialog.props.test.tsx"},{"assertionResults":[{"ancestorTitles":["ProjectEditorImageLibraryDialog"],"fullName":"ProjectEditorImageLibraryDialog materializa e salva um upload deduplicado de outro projeto","status":"passed","title":"materializa e salva um upload deduplicado de outro projeto","duration":1393.6605,"failureMessages":[],"meta":{},"tags":[]}],"startTime":1776886447538,"endTime":1776886448931.6604,"status":"passed","message":"","name":"D:/dev/nekomorto/src/components/dashboard/project-editor/ProjectEditorImageLibraryDialog.test.tsx"},{"assertionResults":[{"ancestorTitles":["useDashboardProjectsEditorPersistence"],"fullName":"useDashboardProjectsEditorPersistence refaz o bootstrap público após salvar o projeto","status":"passed","title":"refaz o bootstrap público após salvar o projeto","duration":15.940700000000106,"failureMessages":[],"meta":{},"tags":[]},{"ancestorTitles":["useDashboardProjectsEditorPersistence"],"fullName":"useDashboardProjectsEditorPersistence refaz o bootstrap público após excluir o projeto","status":"passed","title":"refaz o bootstrap público após excluir o projeto","duration":2.3577999999999975,"failureMessages":[],"meta":{},"tags":[]},{"ancestorTitles":["useDashboardProjectsEditorPersistence"],"fullName":"useDashboardProjectsEditorPersistence refaz o bootstrap público após restaurar o projeto","status":"passed","title":"refaz o bootstrap público após restaurar o projeto","duration":1.8228999999998905,"failureMessages":[],"meta":{},"tags":[]},{"ancestorTitles":["useDashboardProjectsEditorPersistence"],"fullName":"useDashboardProjectsEditorPersistence abre a seção de episódios e bloqueia o save local quando há publicação sem acesso público real","status":"passed","title":"abre a seção de episódios e bloqueia o save local quando há publicação sem acesso público real","duration":3.7786000000000968,"failureMessages":[],"meta":{},"tags":[]}],"startTime":1776886482460,"endTime":1776886482483.7786,"status":"passed","message":"","name":"D:/dev/nekomorto/src/components/dashboard/project-editor/useDashboardProjectsEditorPersistence.test.tsx"},{"assertionResults":[{"ancestorTitles":["ViewerPollNode"],"fullName":"ViewerPollNode cria host block-level com largura previsivel no viewer publico","status":"passed","title":"cria host block-level com largura previsivel no viewer publico","duration":8.496699999999919,"failureMessages":[],"meta":{},"tags":[]}],"startTime":1776886489547,"endTime":1776886489555.4966,"status":"passed","message":"","name":"D:/dev/nekomorto/src/components/lexical/viewer-nodes/ViewerPollNode.test.tsx"},{"assertionResults":[{"ancestorTitles":["CollapsibleContainerNode"],"fullName":"CollapsibleContainerNode nao aplica o atributo open no createDOM quando o colapsavel nasce fechado no chrome","status":"passed","title":"nao aplica o atributo open no createDOM quando o colapsavel nasce fechado no chrome","duration":2.106800000000021,"failureMessages":[],"meta":{},"tags":[]},{"ancestorTitles":["CollapsibleContainerNode"],"fullName":"CollapsibleContainerNode aplica o atributo open no createDOM quando o colapsavel nasce aberto no chrome","status":"passed","title":"aplica o atributo open no createDOM quando o colapsavel nasce aberto no chrome","duration":0.5226999999999862,"failureMessages":[],"meta":{},"tags":[]},{"ancestorTitles":["CollapsibleContainerNode"],"fullName":"CollapsibleContainerNode omite o atributo open quando o colapsavel esta fechado","status":"passed","title":"omite o atributo open quando o colapsavel esta fechado","duration":0.5610999999998967,"failureMessages":[],"meta":{},"tags":[]},{"ancestorTitles":["CollapsibleContainerNode"],"fullName":"CollapsibleContainerNode mantem o atributo open quando o colapsavel esta aberto","status":"passed","title":"mantem o atributo open quando o colapsavel esta aberto","duration":0.3169999999997799,"failureMessages":[],"meta":{},"tags":[]}],"startTime":1776886484811,"endTime":1776886484814.317,"status":"passed","message":"","name":"D:/dev/nekomorto/src/lexical-playground/plugins/CollapsiblePlugin/CollapsibleContainerNode.test.ts"},{"assertionResults":[{"ancestorTitles":["KeywordsPlugin matcher"],"fullName":"KeywordsPlugin matcher matches keywords at start, middle, and end boundaries","status":"passed","title":"matches keywords at start, middle, and end boundaries","duration":5.845299999999952,"failureMessages":[],"meta":{},"tags":[]},{"ancestorTitles":["KeywordsPlugin matcher"],"fullName":"KeywordsPlugin matcher does not match keywords embedded in a word","status":"passed","title":"does not match keywords embedded in a word","duration":0.2648999999998978,"failureMessages":[],"meta":{},"tags":[]}],"startTime":1776886502966,"endTime":1776886502972.265,"status":"passed","message":"","name":"D:/dev/nekomorto/src/lexical-playground/plugins/KeywordsPlugin/index.test.ts"},{"assertionResults":[{"ancestorTitles":["isToolbarStickyStuck"],"fullName":"isToolbarStickyStuck returns false when toolbar is below sticky threshold","status":"passed","title":"returns false when toolbar is below sticky threshold","duration":1.465599999999995,"failureMessages":[],"meta":{},"tags":[]},{"ancestorTitles":["isToolbarStickyStuck"],"fullName":"isToolbarStickyStuck returns true when toolbar hits sticky threshold exactly","status":"passed","title":"returns true when toolbar hits sticky threshold exactly","duration":0.23129999999991924,"failureMessages":[],"meta":{},"tags":[]},{"ancestorTitles":["isToolbarStickyStuck"],"fullName":"isToolbarStickyStuck returns true when toolbar is above sticky threshold","status":"passed","title":"returns true when toolbar is above sticky threshold","duration":0.1619999999998072,"failureMessages":[],"meta":{},"tags":[]},{"ancestorTitles":["isToolbarStickyStuck"],"fullName":"isToolbarStickyStuck respects one pixel tolerance","status":"passed","title":"respects one pixel tolerance","duration":0.19280000000003383,"failureMessages":[],"meta":{},"tags":[]}],"startTime":1776886509342,"endTime":1776886509343.4656,"status":"passed","message":"","name":"D:/dev/nekomorto/src/lexical-playground/plugins/ToolbarPlugin/sticky-state.test.ts"}]}