{"numTotalTestSuites":10,"numPassedTestSuites":8,"numFailedTestSuites":2,"numPendingTestSuites":0,"numTotalTests":70,"numPassedTests":58,"numFailedTests":12,"numPendingTests":0,"numTodoTests":0,"snapshot":{"added":0,"failure":false,"filesAdded":0,"filesRemoved":0,"filesRemovedList":[],"filesUnmatched":0,"filesUpdated":0,"matched":0,"total":0,"unchecked":0,"uncheckedKeysByFile":[],"unmatched":0,"updated":0,"didUpdate":false},"startTime":1776891629248,"success":false,"testResults":[{"assertionResults":[{"ancestorTitles":["auth-security-runtime"],"fullName":"auth-security-runtime starts and resolves TOTP enrollment from the session","status":"passed","title":"starts and resolves TOTP enrollment from the session","duration":3.7409999999999854,"failureMessages":[],"meta":{},"tags":[]},{"ancestorTitles":["auth-security-runtime"],"fullName":"auth-security-runtime consumes matching recovery codes and persists the remaining set","status":"passed","title":"consumes matching recovery codes and persists the remaining set","duration":1.2444000000000415,"failureMessages":[],"meta":{},"tags":[]},{"ancestorTitles":["auth-security-runtime"],"fullName":"auth-security-runtime builds security summary with oauth email suggestion and separated local auth identifiers","status":"failed","title":"builds security summary with oauth email suggestion and separated local auth identifiers","duration":15.888699999999972,"failureMessages":["AssertionError: expected { totpEnabled: false, …(7) } to match object { …(4) }\n(7 matching properties omitted from actual)\n    at Proxy.<anonymous> (file:///D:/dev/nekomorto/node_modules/@vitest/expect/dist/index.js:1283:10)\n    at Proxy.<anonymous> (file:///D:/dev/nekomorto/node_modules/@vitest/expect/dist/index.js:1156:15)\n    at Proxy.methodWrapper (file:///D:/dev/nekomorto/node_modules/chai/index.js:1700:25)\n    at D:/dev/nekomorto/src/server/auth-security-runtime.test.ts:150:88\n    at file:///D:/dev/nekomorto/node_modules/@vitest/runner/dist/chunk-artifact.js:302:11\n    at file:///D:/dev/nekomorto/node_modules/@vitest/runner/dist/chunk-artifact.js:1903:26\n    at file:///D:/dev/nekomorto/node_modules/@vitest/runner/dist/chunk-artifact.js:2326:20\n    at new Promise (<anonymous>)\n    at runWithCancel (file:///D:/dev/nekomorto/node_modules/@vitest/runner/dist/chunk-artifact.js:2323:10)\n    at file:///D:/dev/nekomorto/node_modules/@vitest/runner/dist/chunk-artifact.js:2305:20"],"meta":{},"tags":[]},{"ancestorTitles":["auth-security-runtime"],"fullName":"auth-security-runtime prefers the most recent verified oauth email when building security summary","status":"passed","title":"prefers the most recent verified oauth email when building security summary","duration":0.3895999999999731,"failureMessages":[],"meta":{},"tags":[]},{"ancestorTitles":["auth-security-runtime"],"fullName":"auth-security-runtime falls back to the most recent unverified oauth email when no verified email exists","status":"passed","title":"falls back to the most recent unverified oauth email when no verified email exists","duration":0.24930000000017571,"failureMessages":[],"meta":{},"tags":[]},{"ancestorTitles":["auth-security-runtime"],"fullName":"auth-security-runtime returns null oauth email suggestion when identities do not provide email","status":"passed","title":"returns null oauth email suggestion when identities do not provide email","duration":0.26729999999997744,"failureMessages":[],"meta":{},"tags":[]},{"ancestorTitles":["auth-security-runtime"],"fullName":"auth-security-runtime marks local auth pending only when local auth requires totp and totp is still disabled","status":"failed","title":"marks local auth pending only when local auth requires totp and totp is still disabled","duration":1.7771999999999935,"failureMessages":["AssertionError: expected { totpEnabled: false, …(7) } to match object { localAuthTotpPending: true }\n(8 matching properties omitted from actual)\n    at Proxy.<anonymous> (file:///D:/dev/nekomorto/node_modules/@vitest/expect/dist/index.js:1283:10)\n    at Proxy.<anonymous> (file:///D:/dev/nekomorto/node_modules/@vitest/expect/dist/index.js:1156:15)\n    at Proxy.methodWrapper (file:///D:/dev/nekomorto/node_modules/chai/index.js:1700:25)\n    at D:/dev/nekomorto/src/server/auth-security-runtime.test.ts:244:88\n    at file:///D:/dev/nekomorto/node_modules/@vitest/runner/dist/chunk-artifact.js:302:11\n    at file:///D:/dev/nekomorto/node_modules/@vitest/runner/dist/chunk-artifact.js:1903:26\n    at file:///D:/dev/nekomorto/node_modules/@vitest/runner/dist/chunk-artifact.js:2326:20\n    at new Promise (<anonymous>)\n    at runWithCancel (file:///D:/dev/nekomorto/node_modules/@vitest/runner/dist/chunk-artifact.js:2323:10)\n    at file:///D:/dev/nekomorto/node_modules/@vitest/runner/dist/chunk-artifact.js:2305:20"],"meta":{},"tags":[]},{"ancestorTitles":["auth-security-runtime"],"fullName":"auth-security-runtime does not mark local auth pending when totp is already enabled","status":"failed","title":"does not mark local auth pending when totp is already enabled","duration":0.8508999999999105,"failureMessages":["AssertionError: expected { totpEnabled: true, …(7) } to match object { localAuthTotpPending: false }\n(8 matching properties omitted from actual)\n    at Proxy.<anonymous> (file:///D:/dev/nekomorto/node_modules/@vitest/expect/dist/index.js:1283:10)\n    at Proxy.<anonymous> (file:///D:/dev/nekomorto/node_modules/@vitest/expect/dist/index.js:1156:15)\n    at Proxy.methodWrapper (file:///D:/dev/nekomorto/node_modules/chai/index.js:1700:25)\n    at D:/dev/nekomorto/src/server/auth-security-runtime.test.ts:266:88\n    at file:///D:/dev/nekomorto/node_modules/@vitest/runner/dist/chunk-artifact.js:302:11\n    at file:///D:/dev/nekomorto/node_modules/@vitest/runner/dist/chunk-artifact.js:1903:26\n    at file:///D:/dev/nekomorto/node_modules/@vitest/runner/dist/chunk-artifact.js:2326:20\n    at new Promise (<anonymous>)\n    at runWithCancel (file:///D:/dev/nekomorto/node_modules/@vitest/runner/dist/chunk-artifact.js:2323:10)\n    at file:///D:/dev/nekomorto/node_modules/@vitest/runner/dist/chunk-artifact.js:2305:20"],"meta":{},"tags":[]},{"ancestorTitles":["auth-security-runtime"],"fullName":"auth-security-runtime returns null local auth fields when local auth is not configured","status":"failed","title":"returns null local auth fields when local auth is not configured","duration":0.86850000000004,"failureMessages":["AssertionError: expected { totpEnabled: false, …(7) } to match object { localAuthEmail: null, …(2) }\n(8 matching properties omitted from actual)\n    at Proxy.<anonymous> (file:///D:/dev/nekomorto/node_modules/@vitest/expect/dist/index.js:1283:10)\n    at Proxy.<anonymous> (file:///D:/dev/nekomorto/node_modules/@vitest/expect/dist/index.js:1156:15)\n    at Proxy.methodWrapper (file:///D:/dev/nekomorto/node_modules/chai/index.js:1700:25)\n    at D:/dev/nekomorto/src/server/auth-security-runtime.test.ts:274:88\n    at file:///D:/dev/nekomorto/node_modules/@vitest/runner/dist/chunk-artifact.js:302:11\n    at file:///D:/dev/nekomorto/node_modules/@vitest/runner/dist/chunk-artifact.js:1903:26\n    at file:///D:/dev/nekomorto/node_modules/@vitest/runner/dist/chunk-artifact.js:2326:20\n    at new Promise (<anonymous>)\n    at runWithCancel (file:///D:/dev/nekomorto/node_modules/@vitest/runner/dist/chunk-artifact.js:2323:10)\n    at file:///D:/dev/nekomorto/node_modules/@vitest/runner/dist/chunk-artifact.js:2305:20"],"meta":{},"tags":[]},{"ancestorTitles":["auth-security-runtime"],"fullName":"auth-security-runtime uses username as compatibility identifier when local auth has no email","status":"failed","title":"uses username as compatibility identifier when local auth has no email","duration":0.9373000000000502,"failureMessages":["AssertionError: expected { totpEnabled: false, …(7) } to match object { localAuthEmail: null, …(2) }\n(8 matching properties omitted from actual)\n    at Proxy.<anonymous> (file:///D:/dev/nekomorto/node_modules/@vitest/expect/dist/index.js:1283:10)\n    at Proxy.<anonymous> (file:///D:/dev/nekomorto/node_modules/@vitest/expect/dist/index.js:1156:15)\n    at Proxy.methodWrapper (file:///D:/dev/nekomorto/node_modules/chai/index.js:1700:25)\n    at D:/dev/nekomorto/src/server/auth-security-runtime.test.ts:294:88\n    at file:///D:/dev/nekomorto/node_modules/@vitest/runner/dist/chunk-artifact.js:302:11\n    at file:///D:/dev/nekomorto/node_modules/@vitest/runner/dist/chunk-artifact.js:1903:26\n    at file:///D:/dev/nekomorto/node_modules/@vitest/runner/dist/chunk-artifact.js:2326:20\n    at new Promise (<anonymous>)\n    at runWithCancel (file:///D:/dev/nekomorto/node_modules/@vitest/runner/dist/chunk-artifact.js:2323:10)\n    at file:///D:/dev/nekomorto/node_modules/@vitest/runner/dist/chunk-artifact.js:2305:20"],"meta":{},"tags":[]},{"ancestorTitles":["auth-security-runtime"],"fullName":"auth-security-runtime prefers local auth email over username in compatibility identifier","status":"failed","title":"prefers local auth email over username in compatibility identifier","duration":0.7074999999999818,"failureMessages":["AssertionError: expected { totpEnabled: false, …(7) } to match object { Object (localAuthIdentifier) }\n(8 matching properties omitted from actual)\n    at Proxy.<anonymous> (file:///D:/dev/nekomorto/node_modules/@vitest/expect/dist/index.js:1283:10)\n    at Proxy.<anonymous> (file:///D:/dev/nekomorto/node_modules/@vitest/expect/dist/index.js:1156:15)\n    at Proxy.methodWrapper (file:///D:/dev/nekomorto/node_modules/chai/index.js:1700:25)\n    at D:/dev/nekomorto/src/server/auth-security-runtime.test.ts:314:88\n    at file:///D:/dev/nekomorto/node_modules/@vitest/runner/dist/chunk-artifact.js:302:11\n    at file:///D:/dev/nekomorto/node_modules/@vitest/runner/dist/chunk-artifact.js:1903:26\n    at file:///D:/dev/nekomorto/node_modules/@vitest/runner/dist/chunk-artifact.js:2326:20\n    at new Promise (<anonymous>)\n    at runWithCancel (file:///D:/dev/nekomorto/node_modules/@vitest/runner/dist/chunk-artifact.js:2323:10)\n    at file:///D:/dev/nekomorto/node_modules/@vitest/runner/dist/chunk-artifact.js:2305:20"],"meta":{},"tags":[]},{"ancestorTitles":["auth-security-runtime"],"fullName":"auth-security-runtime reports local auth enabled only when password hash exists and record is active","status":"failed","title":"reports local auth enabled only when password hash exists and record is active","duration":0.6110000000001037,"failureMessages":["AssertionError: expected { totpEnabled: false, …(7) } to match object { localAuthEnabled: false }\n(8 matching properties omitted from actual)\n    at Proxy.<anonymous> (file:///D:/dev/nekomorto/node_modules/@vitest/expect/dist/index.js:1283:10)\n    at Proxy.<anonymous> (file:///D:/dev/nekomorto/node_modules/@vitest/expect/dist/index.js:1156:15)\n    at Proxy.methodWrapper (file:///D:/dev/nekomorto/node_modules/chai/index.js:1700:25)\n    at D:/dev/nekomorto/src/server/auth-security-runtime.test.ts:333:88\n    at file:///D:/dev/nekomorto/node_modules/@vitest/runner/dist/chunk-artifact.js:302:11\n    at file:///D:/dev/nekomorto/node_modules/@vitest/runner/dist/chunk-artifact.js:1903:26\n    at file:///D:/dev/nekomorto/node_modules/@vitest/runner/dist/chunk-artifact.js:2326:20\n    at new Promise (<anonymous>)\n    at runWithCancel (file:///D:/dev/nekomorto/node_modules/@vitest/runner/dist/chunk-artifact.js:2323:10)\n    at file:///D:/dev/nekomorto/node_modules/@vitest/runner/dist/chunk-artifact.js:2305:20"],"meta":{},"tags":[]},{"ancestorTitles":["auth-security-runtime"],"fullName":"auth-security-runtime reports local auth disabled when record is disabled","status":"failed","title":"reports local auth disabled when record is disabled","duration":0.5656000000001313,"failureMessages":["AssertionError: expected { totpEnabled: false, …(7) } to match object { localAuthEnabled: false }\n(8 matching properties omitted from actual)\n    at Proxy.<anonymous> (file:///D:/dev/nekomorto/node_modules/@vitest/expect/dist/index.js:1283:10)\n    at Proxy.<anonymous> (file:///D:/dev/nekomorto/node_modules/@vitest/expect/dist/index.js:1156:15)\n    at Proxy.methodWrapper (file:///D:/dev/nekomorto/node_modules/chai/index.js:1700:25)\n    at D:/dev/nekomorto/src/server/auth-security-runtime.test.ts:352:88\n    at file:///D:/dev/nekomorto/node_modules/@vitest/runner/dist/chunk-artifact.js:302:11\n    at file:///D:/dev/nekomorto/node_modules/@vitest/runner/dist/chunk-artifact.js:1903:26\n    at file:///D:/dev/nekomorto/node_modules/@vitest/runner/dist/chunk-artifact.js:2326:20\n    at new Promise (<anonymous>)\n    at runWithCancel (file:///D:/dev/nekomorto/node_modules/@vitest/runner/dist/chunk-artifact.js:2323:10)\n    at file:///D:/dev/nekomorto/node_modules/@vitest/runner/dist/chunk-artifact.js:2305:20"],"meta":{},"tags":[]},{"ancestorTitles":["auth-security-runtime"],"fullName":"auth-security-runtime reports local auth enabled when active password hash exists","status":"failed","title":"reports local auth enabled when active password hash exists","duration":0.6112000000000535,"failureMessages":["AssertionError: expected { totpEnabled: false, …(7) } to match object { localAuthEnabled: true }\n(8 matching properties omitted from actual)\n    at Proxy.<anonymous> (file:///D:/dev/nekomorto/node_modules/@vitest/expect/dist/index.js:1283:10)\n    at Proxy.<anonymous> (file:///D:/dev/nekomorto/node_modules/@vitest/expect/dist/index.js:1156:15)\n    at Proxy.methodWrapper (file:///D:/dev/nekomorto/node_modules/chai/index.js:1700:25)\n    at D:/dev/nekomorto/src/server/auth-security-runtime.test.ts:371:88\n    at file:///D:/dev/nekomorto/node_modules/@vitest/runner/dist/chunk-artifact.js:302:11\n    at file:///D:/dev/nekomorto/node_modules/@vitest/runner/dist/chunk-artifact.js:1903:26\n    at file:///D:/dev/nekomorto/node_modules/@vitest/runner/dist/chunk-artifact.js:2326:20\n    at new Promise (<anonymous>)\n    at runWithCancel (file:///D:/dev/nekomorto/node_modules/@vitest/runner/dist/chunk-artifact.js:2323:10)\n    at file:///D:/dev/nekomorto/node_modules/@vitest/runner/dist/chunk-artifact.js:2305:20"],"meta":{},"tags":[]},{"ancestorTitles":["auth-security-runtime"],"fullName":"auth-security-runtime returns no oauth suggestion when identity loader is absent or empty","status":"passed","title":"returns no oauth suggestion when identity loader is absent or empty","duration":0.16089999999985594,"failureMessages":[],"meta":{},"tags":[]},{"ancestorTitles":["auth-security-runtime"],"fullName":"auth-security-runtime keeps local auth compatibility identifier null when no local identifiers exist","status":"failed","title":"keeps local auth compatibility identifier null when no local identifiers exist","duration":0.6528000000000702,"failureMessages":["AssertionError: expected { totpEnabled: false, …(7) } to match object { localAuthIdentifier: null }\n(8 matching properties omitted from actual)\n    at Proxy.<anonymous> (file:///D:/dev/nekomorto/node_modules/@vitest/expect/dist/index.js:1283:10)\n    at Proxy.<anonymous> (file:///D:/dev/nekomorto/node_modules/@vitest/expect/dist/index.js:1156:15)\n    at Proxy.methodWrapper (file:///D:/dev/nekomorto/node_modules/chai/index.js:1700:25)\n    at D:/dev/nekomorto/src/server/auth-security-runtime.test.ts:402:88\n    at file:///D:/dev/nekomorto/node_modules/@vitest/runner/dist/chunk-artifact.js:302:11\n    at file:///D:/dev/nekomorto/node_modules/@vitest/runner/dist/chunk-artifact.js:1903:26\n    at file:///D:/dev/nekomorto/node_modules/@vitest/runner/dist/chunk-artifact.js:2326:20\n    at new Promise (<anonymous>)\n    at runWithCancel (file:///D:/dev/nekomorto/node_modules/@vitest/runner/dist/chunk-artifact.js:2323:10)\n    at file:///D:/dev/nekomorto/node_modules/@vitest/runner/dist/chunk-artifact.js:2305:20"],"meta":{},"tags":[]},{"ancestorTitles":["auth-security-runtime"],"fullName":"auth-security-runtime ignores disabled identities when summarizing oauth email","status":"passed","title":"ignores disabled identities when summarizing oauth email","duration":0.25909999999998945,"failureMessages":[],"meta":{},"tags":[]},{"ancestorTitles":["auth-security-runtime"],"fullName":"auth-security-runtime accepts identity records ordered with verified email taking priority over recency","status":"passed","title":"accepts identity records ordered with verified email taking priority over recency","duration":0.23640000000000327,"failureMessages":[],"meta":{},"tags":[]},{"ancestorTitles":["auth-security-runtime"],"fullName":"auth-security-runtime uses lastUsedAt before updatedAt when picking oauth email suggestion","status":"passed","title":"uses lastUsedAt before updatedAt when picking oauth email suggestion","duration":0.23610000000007858,"failureMessages":[],"meta":{},"tags":[]},{"ancestorTitles":["auth-security-runtime"],"fullName":"auth-security-runtime uses linkedAt when other oauth identity timestamps are absent","status":"passed","title":"uses linkedAt when other oauth identity timestamps are absent","duration":0.21859999999992397,"failureMessages":[],"meta":{},"tags":[]},{"ancestorTitles":["auth-security-runtime"],"fullName":"auth-security-runtime treats malformed oauth timestamps as lowest priority","status":"passed","title":"treats malformed oauth timestamps as lowest priority","duration":0.23670000000015534,"failureMessages":[],"meta":{},"tags":[]},{"ancestorTitles":["auth-security-runtime"],"fullName":"auth-security-runtime does not expose oauth suggestion when every email value is empty","status":"passed","title":"does not expose oauth suggestion when every email value is empty","duration":0.38400000000001455,"failureMessages":[],"meta":{},"tags":[]},{"ancestorTitles":["auth-security-runtime"],"fullName":"auth-security-runtime keeps active session count in security summary","status":"passed","title":"keeps active session count in security summary","duration":0.2237999999999829,"failureMessages":[],"meta":{},"tags":[]},{"ancestorTitles":["auth-security-runtime"],"fullName":"auth-security-runtime keeps recovery code count in security summary","status":"passed","title":"keeps recovery code count in security summary","duration":0.2297000000000935,"failureMessages":[],"meta":{},"tags":[]},{"ancestorTitles":["auth-security-runtime"],"fullName":"auth-security-runtime marks totp disabled in summary when mfa record is disabled","status":"passed","title":"marks totp disabled in summary when mfa record is disabled","duration":0.19450000000006185,"failureMessages":[],"meta":{},"tags":[]},{"ancestorTitles":["auth-security-runtime"],"fullName":"auth-security-runtime preserves issuer and account label metadata in summary","status":"passed","title":"preserves issuer and account label metadata in summary","duration":0.22929999999996653,"failureMessages":[],"meta":{},"tags":[]},{"ancestorTitles":["auth-security-runtime"],"fullName":"auth-security-runtime exposes icon url metadata in summary","status":"passed","title":"exposes icon url metadata in summary","duration":0.17640000000005784,"failureMessages":[],"meta":{},"tags":[]},{"ancestorTitles":["auth-security-runtime"],"fullName":"auth-security-runtime returns false local auth pending when there is no local auth record","status":"failed","title":"returns false local auth pending when there is no local auth record","duration":0.756800000000112,"failureMessages":["AssertionError: expected { totpEnabled: false, …(7) } to match object { localAuthTotpPending: false }\n(8 matching properties omitted from actual)\n    at Proxy.<anonymous> (file:///D:/dev/nekomorto/node_modules/@vitest/expect/dist/index.js:1283:10)\n    at Proxy.<anonymous> (file:///D:/dev/nekomorto/node_modules/@vitest/expect/dist/index.js:1156:15)\n    at Proxy.methodWrapper (file:///D:/dev/nekomorto/node_modules/chai/index.js:1700:25)\n    at D:/dev/nekomorto/src/server/auth-security-runtime.test.ts:605:88\n    at file:///D:/dev/nekomorto/node_modules/@vitest/runner/dist/chunk-artifact.js:302:11\n    at file:///D:/dev/nekomorto/node_modules/@vitest/runner/dist/chunk-artifact.js:1903:26\n    at file:///D:/dev/nekomorto/node_modules/@vitest/runner/dist/chunk-artifact.js:2326:20\n    at new Promise (<anonymous>)\n    at runWithCancel (file:///D:/dev/nekomorto/node_modules/@vitest/runner/dist/chunk-artifact.js:2323:10)\n    at file:///D:/dev/nekomorto/node_modules/@vitest/runner/dist/chunk-artifact.js:2305:20"],"meta":{},"tags":[]},{"ancestorTitles":["auth-security-runtime"],"fullName":"auth-security-runtime returns false local auth enabled when there is no local auth record","status":"failed","title":"returns false local auth enabled when there is no local auth record","duration":0.5028999999999542,"failureMessages":["AssertionError: expected { totpEnabled: false, …(7) } to match object { localAuthEnabled: false }\n(8 matching properties omitted from actual)\n    at Proxy.<anonymous> (file:///D:/dev/nekomorto/node_modules/@vitest/expect/dist/index.js:1283:10)\n    at Proxy.<anonymous> (file:///D:/dev/nekomorto/node_modules/@vitest/expect/dist/index.js:1156:15)\n    at Proxy.methodWrapper (file:///D:/dev/nekomorto/node_modules/chai/index.js:1700:25)\n    at D:/dev/nekomorto/src/server/auth-security-runtime.test.ts:613:88\n    at file:///D:/dev/nekomorto/node_modules/@vitest/runner/dist/chunk-artifact.js:302:11\n    at file:///D:/dev/nekomorto/node_modules/@vitest/runner/dist/chunk-artifact.js:1903:26\n    at file:///D:/dev/nekomorto/node_modules/@vitest/runner/dist/chunk-artifact.js:2326:20\n    at new Promise (<anonymous>)\n    at runWithCancel (file:///D:/dev/nekomorto/node_modules/@vitest/runner/dist/chunk-artifact.js:2323:10)\n    at file:///D:/dev/nekomorto/node_modules/@vitest/runner/dist/chunk-artifact.js:2305:20"],"meta":{},"tags":[]},{"ancestorTitles":["auth-security-runtime"],"fullName":"auth-security-runtime throttles session index updates by SID touch interval","status":"passed","title":"throttles session index updates by SID touch interval","duration":0.8210999999998876,"failureMessages":[],"meta":{},"tags":[]}],"startTime":1776891630450,"endTime":1776891630484.821,"status":"failed","message":"","name":"D:/dev/nekomorto/src/server/auth-security-runtime.test.ts"},{"assertionResults":[{"ancestorTitles":["buildRootRouteRegistrationDependencies"],"fullName":"buildRootRouteRegistrationDependencies builds explicit runtime groups and preserves the merged root source","status":"passed","title":"builds explicit runtime groups and preserves the merged root source","duration":2.8779000000001815,"failureMessages":[],"meta":{},"tags":[]},{"ancestorTitles":["buildRootRouteRegistrationDependencies"],"fullName":"buildRootRouteRegistrationDependencies fails fast when a required runtime group is undefined","status":"passed","title":"fails fast when a required runtime group is undefined","duration":0.7479999999998199,"failureMessages":[],"meta":{},"tags":[]},{"ancestorTitles":["buildRootRouteRegistrationDependencies"],"fullName":"buildRootRouteRegistrationDependencies produces a root dependency source that wires into route registration contexts","status":"passed","title":"produces a root dependency source that wires into route registration contexts","duration":7.115099999999984,"failureMessages":[],"meta":{},"tags":[]}],"startTime":1776891631229,"endTime":1776891631240.115,"status":"passed","message":"","name":"D:/dev/nekomorto/src/server/build-root-route-registration-dependencies.test.ts"},{"assertionResults":[{"ancestorTitles":["registerAuthRoutes"],"fullName":"registerAuthRoutes rate limits Discord auth before generating oauth state","status":"passed","title":"rate limits Discord auth before generating oauth state","duration":15.104800000000068,"failureMessages":[],"meta":{},"tags":[]},{"ancestorTitles":["registerAuthRoutes"],"fullName":"registerAuthRoutes skips the oauth callback limiter when /login has no callback params","status":"passed","title":"skips the oauth callback limiter when /login has no callback params","duration":1.4015000000001692,"failureMessages":[],"meta":{},"tags":[]},{"ancestorTitles":["registerAuthRoutes"],"fullName":"registerAuthRoutes rate limits the oauth callback before contacting Discord","status":"passed","title":"rate limits the oauth callback before contacting Discord","duration":3.554100000000062,"failureMessages":[],"meta":{},"tags":[]},{"ancestorTitles":["registerAuthRoutes"],"fullName":"registerAuthRoutes rate limits MFA verification before code validation","status":"passed","title":"rate limits MFA verification before code validation","duration":2.12480000000005,"failureMessages":[],"meta":{},"tags":[]},{"ancestorTitles":["registerAuthRoutes"],"fullName":"registerAuthRoutes rejects MFA verification before the handler when no pending session exists","status":"passed","title":"rejects MFA verification before the handler when no pending session exists","duration":1.1193000000000666,"failureMessages":[],"meta":{},"tags":[]},{"ancestorTitles":["registerAuthRoutes"],"fullName":"registerAuthRoutes returns gone for password login because the flow is disabled","status":"passed","title":"returns gone for password login because the flow is disabled","duration":0.8859999999999673,"failureMessages":[],"meta":{},"tags":[]},{"ancestorTitles":["registerAuthRoutes"],"fullName":"registerAuthRoutes returns gone for password login even when the identifier looks valid","status":"passed","title":"returns gone for password login even when the identifier looks valid","duration":0.9677999999998974,"failureMessages":[],"meta":{},"tags":[]},{"ancestorTitles":["registerAuthRoutes"],"fullName":"registerAuthRoutes starts Google auth with the resolved callback URI","status":"passed","title":"starts Google auth with the resolved callback URI","duration":1.5772999999999229,"failureMessages":[],"meta":{},"tags":[]},{"ancestorTitles":["registerAuthRoutes"],"fullName":"registerAuthRoutes persists the resolved Google redirect URI in session before redirecting","status":"passed","title":"persists the resolved Google redirect URI in session before redirecting","duration":1.432700000000068,"failureMessages":[],"meta":{},"tags":[]},{"ancestorTitles":["registerAuthRoutes"],"fullName":"registerAuthRoutes uses the session Google redirect URI during token exchange","status":"passed","title":"uses the session Google redirect URI during token exchange","duration":2.176200000000108,"failureMessages":[],"meta":{},"tags":[]},{"ancestorTitles":["registerAuthRoutes"],"fullName":"registerAuthRoutes uses user_identities to resolve Google callback","status":"passed","title":"uses user_identities to resolve Google callback","duration":0.9456000000000131,"failureMessages":[],"meta":{},"tags":[]},{"ancestorTitles":["registerAuthRoutes"],"fullName":"registerAuthRoutes rejects Google callback when email is not verified","status":"passed","title":"rejects Google callback when email is not verified","duration":1.05800000000022,"failureMessages":[],"meta":{},"tags":[]},{"ancestorTitles":["registerAuthRoutes"],"fullName":"registerAuthRoutes uses user_identities to resolve Discord callback","status":"passed","title":"uses user_identities to resolve Discord callback","duration":1.5045999999999822,"failureMessages":[],"meta":{},"tags":[]},{"ancestorTitles":["registerAuthRoutes"],"fullName":"registerAuthRoutes rejects Discord callback when identity is missing","status":"passed","title":"rejects Discord callback when identity is missing","duration":1.0995000000000346,"failureMessages":[],"meta":{},"tags":[]},{"ancestorTitles":["registerAuthRoutes"],"fullName":"registerAuthRoutes clears the session cookie with the same secure attributes on logout","status":"passed","title":"clears the session cookie with the same secure attributes on logout","duration":1.3255999999998949,"failureMessages":[],"meta":{},"tags":[]}],"startTime":1776891630575,"endTime":1776891630611.3257,"status":"passed","message":"","name":"D:/dev/nekomorto/src/server/register-auth-routes.test.ts"},{"assertionResults":[{"ancestorTitles":["server bootstrap dependency builders"],"fullName":"server bootstrap dependency builders builds the requested direct route dependency scopes","status":"passed","title":"builds the requested direct route dependency scopes","duration":1.871599999999944,"failureMessages":[],"meta":{},"tags":[]},{"ancestorTitles":["server bootstrap dependency builders"],"fullName":"server bootstrap dependency builders fails fast when a required direct route dependency is undefined","status":"passed","title":"fails fast when a required direct route dependency is undefined","duration":0.6200000000001182,"failureMessages":[],"meta":{},"tags":[]},{"ancestorTitles":["server bootstrap dependency builders"],"fullName":"server bootstrap dependency builders builds the high-level direct route registration dependencies","status":"passed","title":"builds the high-level direct route registration dependencies","duration":0.8837000000000899,"failureMessages":[],"meta":{},"tags":[]},{"ancestorTitles":["server bootstrap dependency builders"],"fullName":"server bootstrap dependency builders builds direct route registration dependencies from root aliases and capability getters","status":"passed","title":"builds direct route registration dependencies from root aliases and capability getters","duration":1.4777999999998883,"failureMessages":[],"meta":{},"tags":[]},{"ancestorTitles":["server bootstrap dependency builders"],"fullName":"server bootstrap dependency builders builds the server route dependency source from multiple fragments without leaking extras","status":"passed","title":"builds the server route dependency source from multiple fragments without leaking extras","duration":1.7925000000000182,"failureMessages":[],"meta":{},"tags":[]},{"ancestorTitles":["server bootstrap dependency builders"],"fullName":"server bootstrap dependency builders fails fast when a required server route dependency is omitted","status":"passed","title":"fails fast when a required server route dependency is omitted","duration":0.7246999999999844,"failureMessages":[],"meta":{},"tags":[]},{"ancestorTitles":["server bootstrap dependency builders"],"fullName":"server bootstrap dependency builders builds the semantic server route source fragments without leaking extras","status":"passed","title":"builds the semantic server route source fragments without leaking extras","duration":0.7115999999998621,"failureMessages":[],"meta":{},"tags":[]},{"ancestorTitles":["server bootstrap dependency builders"],"fullName":"server bootstrap dependency builders builds the server route context source from merged semantic fragments","status":"passed","title":"builds the server route context source from merged semantic fragments","duration":0.9593999999999596,"failureMessages":[],"meta":{},"tags":[]},{"ancestorTitles":["server bootstrap dependency builders"],"fullName":"server bootstrap dependency builders builds the server route context source from root-style grouped sources","status":"passed","title":"builds the server route context source from root-style grouped sources","duration":4.391200000000026,"failureMessages":[],"meta":{},"tags":[]},{"ancestorTitles":["server bootstrap dependency builders"],"fullName":"server bootstrap dependency builders fails fast when a required semantic fragment dependency is undefined","status":"passed","title":"fails fast when a required semantic fragment dependency is undefined","duration":0.6139000000000578,"failureMessages":[],"meta":{},"tags":[]},{"ancestorTitles":["server bootstrap dependency builders"],"fullName":"server bootstrap dependency builders builds local server route dependencies with bootstrap token normalization","status":"passed","title":"builds local server route dependencies with bootstrap token normalization","duration":0.36959999999999127,"failureMessages":[],"meta":{},"tags":[]},{"ancestorTitles":["server bootstrap dependency builders"],"fullName":"server bootstrap dependency builders builds user runtime dependencies with lazy repository-backed preferences helpers","status":"passed","title":"builds user runtime dependencies with lazy repository-backed preferences helpers","duration":2.7178999999998723,"failureMessages":[],"meta":{},"tags":[]},{"ancestorTitles":["server bootstrap dependency builders"],"fullName":"server bootstrap dependency builders builds project runtime dependencies with fs/path aliases and ttl normalization","status":"passed","title":"builds project runtime dependencies with fs/path aliases and ttl normalization","duration":0.36400000000003274,"failureMessages":[],"meta":{},"tags":[]},{"ancestorTitles":["server bootstrap dependency builders"],"fullName":"server bootstrap dependency builders builds public runtime dependencies with origin and sitemap normalization","status":"passed","title":"builds public runtime dependencies with origin and sitemap normalization","duration":0.36029999999982465,"failureMessages":[],"meta":{},"tags":[]},{"ancestorTitles":["server bootstrap dependency builders"],"fullName":"server bootstrap dependency builders builds webhook runtime dependencies with request id and resolver normalization","status":"passed","title":"builds webhook runtime dependencies with request id and resolver normalization","duration":0.29119999999988977,"failureMessages":[],"meta":{},"tags":[]},{"ancestorTitles":["server bootstrap dependency builders"],"fullName":"server bootstrap dependency builders builds admin export runtime dependencies with env-backed defaults","status":"passed","title":"builds admin export runtime dependencies with env-backed defaults","duration":0.1733999999999014,"failureMessages":[],"meta":{},"tags":[]},{"ancestorTitles":["server bootstrap dependency builders"],"fullName":"server bootstrap dependency builders builds operational monitoring runtime dependencies with fs and env aliases","status":"passed","title":"builds operational monitoring runtime dependencies with fs and env aliases","duration":0.8550000000000182,"failureMessages":[],"meta":{},"tags":[]},{"ancestorTitles":["server bootstrap dependency builders"],"fullName":"server bootstrap dependency builders fails fast when a required content runtime bundle dependency is missing","status":"passed","title":"fails fast when a required content runtime bundle dependency is missing","duration":0.26490000000012515,"failureMessages":[],"meta":{},"tags":[]},{"ancestorTitles":["server bootstrap dependency builders"],"fullName":"server bootstrap dependency builders fails fast when a required site config runtime bundle dependency is missing","status":"passed","title":"fails fast when a required site config runtime bundle dependency is missing","duration":0.27129999999988286,"failureMessages":[],"meta":{},"tags":[]},{"ancestorTitles":["server bootstrap dependency builders"],"fullName":"server bootstrap dependency builders fails fast when a required media support runtime bundle dependency is missing","status":"passed","title":"fails fast when a required media support runtime bundle dependency is missing","duration":0.31520000000000437,"failureMessages":[],"meta":{},"tags":[]},{"ancestorTitles":["server bootstrap dependency builders"],"fullName":"server bootstrap dependency builders fails fast when a required site rendering runtime bundle dependency is missing","status":"passed","title":"fails fast when a required site rendering runtime bundle dependency is missing","duration":0.2136000000000422,"failureMessages":[],"meta":{},"tags":[]}],"startTime":1776891630925,"endTime":1776891630945.3152,"status":"passed","message":"","name":"D:/dev/nekomorto/src/server/server-bootstrap-dependencies.test.ts"},{"assertionResults":[{"ancestorTitles":["server/index boot smoke"],"fullName":"server/index boot smoke imports the real composition root without binding a live port","status":"passed","title":"imports the real composition root without binding a live port","duration":2148.4403,"failureMessages":[],"meta":{},"tags":[]}],"startTime":1776891630385,"endTime":1776891632533.4402,"status":"passed","message":"","name":"D:/dev/nekomorto/src/server/server-index-boot-smoke.test.ts"}]}