{
  "numTotalTestSuites": 2,
  "numPassedTestSuites": 0,
  "numFailedTestSuites": 2,
  "numPendingTestSuites": 0,
  "numTotalTests": 90,
  "numPassedTests": 85,
  "numFailedTests": 5,
  "numPendingTests": 0,
  "numTodoTests": 0,
  "snapshot": {
    "added": 0,
    "failure": false,
    "filesAdded": 0,
    "filesRemoved": 0,
    "filesRemovedList": [],
    "filesUnmatched": 0,
    "filesUpdated": 0,
    "matched": 0,
    "total": 0,
    "unchecked": 0,
    "uncheckedKeysByFile": [],
    "unmatched": 0,
    "updated": 0,
    "didUpdate": false
  },
  "startTime": 1778371885591,
  "success": false,
  "testResults": [
    {
      "assertionResults": [
        {
          "ancestorTitles": ["DashboardProjectChapterEditor"],
          "fullName": "DashboardProjectChapterEditor envia kind=loading para AsyncState enquanto a tela inicializa",
          "status": "passed",
          "title": "envia kind=loading para AsyncState enquanto a tela inicializa",
          "duration": 32.87649999999985,
          "failureMessages": [],
          "meta": {},
          "tags": []
        },
        {
          "ancestorTitles": ["DashboardProjectChapterEditor"],
          "fullName": "DashboardProjectChapterEditor renderiza a rota neutra com card único de estrutura e sem volume selecionado",
          "status": "passed",
          "title": "renderiza a rota neutra com card único de estrutura e sem volume selecionado",
          "duration": 258.64840000000004,
          "failureMessages": [],
          "meta": {},
          "tags": []
        },
        {
          "ancestorTitles": ["DashboardProjectChapterEditor"],
          "fullName": "DashboardProjectChapterEditor passa filteredChapters para o workflow neutro de manga e atualiza com a busca",
          "status": "passed",
          "title": "passa filteredChapters para o workflow neutro de manga e atualiza com a busca",
          "duration": 97.35500000000002,
          "failureMessages": [],
          "meta": {},
          "tags": []
        },
        {
          "ancestorTitles": ["DashboardProjectChapterEditor"],
          "fullName": "DashboardProjectChapterEditor mostra reordenacao na estrutura e abre a leitura publicada em nova aba",
          "status": "passed",
          "title": "mostra reordenacao na estrutura e abre a leitura publicada em nova aba",
          "duration": 233.92970000000014,
          "failureMessages": [],
          "meta": {},
          "tags": []
        },
        {
          "ancestorTitles": ["DashboardProjectChapterEditor"],
          "fullName": "DashboardProjectChapterEditor abre o capitulo ao clicar no rodape do card na sidebar",
          "status": "passed",
          "title": "abre o capitulo ao clicar no rodape do card na sidebar",
          "duration": 90.1582000000003,
          "failureMessages": [],
          "meta": {},
          "tags": []
        },
        {
          "ancestorTitles": ["DashboardProjectChapterEditor"],
          "fullName": "DashboardProjectChapterEditor reordena capitulos de light novel na sidebar de forma otimista e renormaliza readingOrder",
          "status": "passed",
          "title": "reordena capitulos de light novel na sidebar de forma otimista e renormaliza readingOrder",
          "duration": 849.6079,
          "failureMessages": [],
          "meta": {},
          "tags": []
        },
        {
          "ancestorTitles": ["DashboardProjectChapterEditor"],
          "fullName": "DashboardProjectChapterEditor restaura a ordem anterior na sidebar quando a reordenacao falha",
          "status": "passed",
          "title": "restaura a ordem anterior na sidebar quando a reordenacao falha",
          "duration": 146.92959999999994,
          "failureMessages": [],
          "meta": {},
          "tags": []
        },
        {
          "ancestorTitles": ["DashboardProjectChapterEditor"],
          "fullName": "DashboardProjectChapterEditor reordena capitulos extras de manga na sidebar",
          "status": "passed",
          "title": "reordena capitulos extras de manga na sidebar",
          "duration": 79.28369999999995,
          "failureMessages": [],
          "meta": {},
          "tags": []
        },
        {
          "ancestorTitles": ["DashboardProjectChapterEditor"],
          "fullName": "DashboardProjectChapterEditor abre o leave guard antes de reordenar capítulos com alterações pendentes",
          "status": "passed",
          "title": "abre o leave guard antes de reordenar capítulos com alterações pendentes",
          "duration": 174.84469999999965,
          "failureMessages": [],
          "meta": {},
          "tags": []
        },
        {
          "ancestorTitles": ["DashboardProjectChapterEditor"],
          "fullName": "DashboardProjectChapterEditor reordena capitulos extras de manga na sidebar",
          "status": "passed",
          "title": "reordena capitulos extras de manga na sidebar",
          "duration": 29.83680000000004,
          "failureMessages": [],
          "meta": {},
          "tags": []
        },
        {
          "ancestorTitles": ["DashboardProjectChapterEditor"],
          "fullName": "DashboardProjectChapterEditor abre a leitura publicada de light novel em nova aba pelo card da sidebar",
          "status": "passed",
          "title": "abre a leitura publicada de light novel em nova aba pelo card da sidebar",
          "duration": 33.04659999999967,
          "failureMessages": [],
          "meta": {},
          "tags": []
        },
        {
          "ancestorTitles": ["DashboardProjectChapterEditor"],
          "fullName": "DashboardProjectChapterEditor integra capitulos pendentes na sidebar sem navegar de rota",
          "status": "passed",
          "title": "integra capitulos pendentes na sidebar sem navegar de rota",
          "duration": 41.680199999999786,
          "failureMessages": [],
          "meta": {},
          "tags": []
        },
        {
          "ancestorTitles": ["DashboardProjectChapterEditor"],
          "fullName": "DashboardProjectChapterEditor abre o editor de volume existente ao selecionar um capitulo pendente com volume conhecido",
          "status": "passed",
          "title": "abre o editor de volume existente ao selecionar um capitulo pendente com volume conhecido",
          "duration": 64.77239999999983,
          "failureMessages": [],
          "meta": {},
          "tags": []
        },
        {
          "ancestorTitles": ["DashboardProjectChapterEditor"],
          "fullName": "DashboardProjectChapterEditor abre um draft de volume novo ao selecionar um capitulo pendente com volume inedito",
          "status": "passed",
          "title": "abre um draft de volume novo ao selecionar um capitulo pendente com volume inedito",
          "duration": 45.44200000000001,
          "failureMessages": [],
          "meta": {},
          "tags": []
        },
        {
          "ancestorTitles": ["DashboardProjectChapterEditor"],
          "fullName": "DashboardProjectChapterEditor abre o capítulo importado no editor e mostra as ações de publicação",
          "status": "passed",
          "title": "abre o capítulo importado no editor e mostra as ações de publicação",
          "duration": 135.17069999999967,
          "failureMessages": [],
          "meta": {},
          "tags": []
        },
        {
          "ancestorTitles": ["DashboardProjectChapterEditor"],
          "fullName": "DashboardProjectChapterEditor não abre modal ao sair com capítulo manual vazio ainda intocado no workflow de mangá",
          "status": "passed",
          "title": "não abre modal ao sair com capítulo manual vazio ainda intocado no workflow de mangá",
          "duration": 92.98019999999997,
          "failureMessages": [],
          "meta": {},
          "tags": []
        },
        {
          "ancestorTitles": ["DashboardProjectChapterEditor"],
          "fullName": "DashboardProjectChapterEditor protege a saída da rota quando o workflow de mangá tem alterações não salvas",
          "status": "passed",
          "title": "protege a saída da rota quando o workflow de mangá tem alterações não salvas",
          "duration": 199.70820000000003,
          "failureMessages": [],
          "meta": {},
          "tags": []
        },
        {
          "ancestorTitles": ["DashboardProjectChapterEditor"],
          "fullName": "DashboardProjectChapterEditor descarta o lote preparado ao sair do editor de manga pelo modal",
          "status": "passed",
          "title": "descarta o lote preparado ao sair do editor de manga pelo modal",
          "duration": 81.95169999999962,
          "failureMessages": [],
          "meta": {},
          "tags": []
        },
        {
          "ancestorTitles": ["DashboardProjectChapterEditor"],
          "fullName": "DashboardProjectChapterEditor registra beforeunload quando o workflow de manga esta dirty",
          "status": "passed",
          "title": "registra beforeunload quando o workflow de manga esta dirty",
          "duration": 29.67080000000078,
          "failureMessages": [],
          "meta": {},
          "tags": []
        },
        {
          "ancestorTitles": ["DashboardProjectChapterEditor"],
          "fullName": "DashboardProjectChapterEditor renderiza o editor aberto com layout expandido e sidebar alinhada",
          "status": "passed",
          "title": "renderiza o editor aberto com layout expandido e sidebar alinhada",
          "duration": 143.0083999999997,
          "failureMessages": [],
          "meta": {},
          "tags": []
        },
        {
          "ancestorTitles": ["DashboardProjectChapterEditor"],
          "fullName": "DashboardProjectChapterEditor mede a coluna principal textual para definir a altura da sidebar",
          "status": "passed",
          "title": "mede a coluna principal textual para definir a altura da sidebar",
          "duration": 46.73369999999977,
          "failureMessages": [],
          "meta": {},
          "tags": []
        },
        {
          "ancestorTitles": ["DashboardProjectChapterEditor"],
          "fullName": "DashboardProjectChapterEditor mede a coluna principal de imagem para definir a altura da sidebar",
          "status": "passed",
          "title": "mede a coluna principal de imagem para definir a altura da sidebar",
          "duration": 58.68469999999979,
          "failureMessages": [],
          "meta": {},
          "tags": []
        },
        {
          "ancestorTitles": ["DashboardProjectChapterEditor"],
          "fullName": "DashboardProjectChapterEditor simplifica o workspace para capitulos em imagem",
          "status": "passed",
          "title": "simplifica o workspace para capitulos em imagem",
          "duration": 91.50810000000001,
          "failureMessages": [],
          "meta": {},
          "tags": []
        },
        {
          "ancestorTitles": ["DashboardProjectChapterEditor"],
          "fullName": "DashboardProjectChapterEditor renderiza e persiste o progresso no painel de light novel",
          "status": "passed",
          "title": "renderiza e persiste o progresso no painel de light novel",
          "duration": 99.07930000000033,
          "failureMessages": [],
          "meta": {},
          "tags": []
        },
        {
          "ancestorTitles": ["DashboardProjectChapterEditor"],
          "fullName": "DashboardProjectChapterEditor usa o seletor de fonte ao salvar links de download em light novel",
          "status": "passed",
          "title": "usa o seletor de fonte ao salvar links de download em light novel",
          "duration": 391.3834000000006,
          "failureMessages": [],
          "meta": {},
          "tags": []
        },
        {
          "ancestorTitles": ["DashboardProjectChapterEditor"],
          "fullName": "DashboardProjectChapterEditor renderiza e persiste o progresso no painel de manga em imagem",
          "status": "passed",
          "title": "renderiza e persiste o progresso no painel de manga em imagem",
          "duration": 127.28420000000006,
          "failureMessages": [],
          "meta": {},
          "tags": []
        },
        {
          "ancestorTitles": ["DashboardProjectChapterEditor"],
          "fullName": "DashboardProjectChapterEditor cria novo capitulo de manga ja em modo imagem por padrao",
          "status": "passed",
          "title": "cria novo capitulo de manga ja em modo imagem por padrao",
          "duration": 109.57629999999972,
          "failureMessages": [],
          "meta": {},
          "tags": []
        },
        {
          "ancestorTitles": ["DashboardProjectChapterEditor"],
          "fullName": "DashboardProjectChapterEditor usa o modal de alterações não salvas antes de navegar para uploads",
          "status": "passed",
          "title": "usa o modal de alterações não salvas antes de navegar para uploads",
          "duration": 533.1774999999998,
          "failureMessages": [],
          "meta": {},
          "tags": []
        },
        {
          "ancestorTitles": ["DashboardProjectChapterEditor"],
          "fullName": "DashboardProjectChapterEditor mostra acoes contextuais de rascunho no topo para capitulos draft",
          "status": "passed",
          "title": "mostra acoes contextuais de rascunho no topo para capitulos draft",
          "duration": 566.7656000000006,
          "failureMessages": [],
          "meta": {},
          "tags": []
        },
        {
          "ancestorTitles": ["DashboardProjectChapterEditor"],
          "fullName": "DashboardProjectChapterEditor simplifica a identidade do capítulo e remove o subtipo manual",
          "status": "passed",
          "title": "simplifica a identidade do capítulo e remove o subtipo manual",
          "duration": 82.36329999999998,
          "failureMessages": [],
          "meta": {},
          "tags": []
        },
        {
          "ancestorTitles": ["DashboardProjectChapterEditor"],
          "fullName": "DashboardProjectChapterEditor normaliza valores negativos de capítulo e volume ao salvar",
          "status": "passed",
          "title": "normaliza valores negativos de capítulo e volume ao salvar",
          "duration": 158.33970000000045,
          "failureMessages": [],
          "meta": {},
          "tags": []
        },
        {
          "ancestorTitles": ["DashboardProjectChapterEditor"],
          "fullName": "DashboardProjectChapterEditor recolhe e expande o accordion de conteúdo sem desmontar o editor",
          "status": "passed",
          "title": "recolhe e expande o accordion de conteúdo sem desmontar o editor",
          "duration": 37.00659999999971,
          "failureMessages": [],
          "meta": {},
          "tags": []
        },
        {
          "ancestorTitles": ["DashboardProjectChapterEditor"],
          "fullName": "DashboardProjectChapterEditor alterna o grupo do volume ao clicar no volume e mantém a seleção",
          "status": "passed",
          "title": "alterna o grupo do volume ao clicar no volume e mantém a seleção",
          "duration": 46.587899999999536,
          "failureMessages": [],
          "meta": {},
          "tags": []
        },
        {
          "ancestorTitles": ["DashboardProjectChapterEditor"],
          "fullName": "DashboardProjectChapterEditor usa o chevron do volume apenas para expandir e colapsar sem selecionar",
          "status": "passed",
          "title": "usa o chevron do volume apenas para expandir e colapsar sem selecionar",
          "duration": 39.48880000000008,
          "failureMessages": [],
          "meta": {},
          "tags": []
        },
        {
          "ancestorTitles": ["DashboardProjectChapterEditor"],
          "fullName": "DashboardProjectChapterEditor mantem a rota atual e ignora o leave guard ao clicar no chevron do volume",
          "status": "passed",
          "title": "mantem a rota atual e ignora o leave guard ao clicar no chevron do volume",
          "duration": 201.8188,
          "failureMessages": [],
          "meta": {},
          "tags": []
        },
        {
          "ancestorTitles": ["DashboardProjectChapterEditor"],
          "fullName": "DashboardProjectChapterEditor mantem o capitulo aberto ao clicar no chevron do volume",
          "status": "passed",
          "title": "mantem o capitulo aberto ao clicar no chevron do volume",
          "duration": 91.36639999999989,
          "failureMessages": [],
          "meta": {},
          "tags": []
        },
        {
          "ancestorTitles": ["DashboardProjectChapterEditor"],
          "fullName": "DashboardProjectChapterEditor mantém múltiplos grupos da estrutura abertos ao expandir outro grupo e abrir outro capítulo",
          "status": "passed",
          "title": "mantém múltiplos grupos da estrutura abertos ao expandir outro grupo e abrir outro capítulo",
          "duration": 86.54909999999927,
          "failureMessages": [],
          "meta": {},
          "tags": []
        },
        {
          "ancestorTitles": ["DashboardProjectChapterEditor"],
          "fullName": "DashboardProjectChapterEditor adiciona um volume no estado neutro e mostra o aviso sem capítulos",
          "status": "passed",
          "title": "adiciona um volume no estado neutro e mostra o aviso sem capítulos",
          "duration": 66.27199999999993,
          "failureMessages": [],
          "meta": {},
          "tags": []
        },
        {
          "ancestorTitles": ["DashboardProjectChapterEditor"],
          "fullName": "DashboardProjectChapterEditor edita e salva volumes pelo fluxo manual do projeto",
          "status": "passed",
          "title": "edita e salva volumes pelo fluxo manual do projeto",
          "duration": 97.75720000000001,
          "failureMessages": [],
          "meta": {},
          "tags": []
        },
        {
          "ancestorTitles": ["DashboardProjectChapterEditor"],
          "fullName": "DashboardProjectChapterEditor salva volumes com Ctrl+S no estado neutro",
          "status": "passed",
          "title": "salva volumes com Ctrl+S no estado neutro",
          "duration": 67.14639999999963,
          "failureMessages": [],
          "meta": {},
          "tags": []
        },
        {
          "ancestorTitles": ["DashboardProjectChapterEditor"],
          "fullName": "DashboardProjectChapterEditor usa o modal ao navegar entre volume e capítulo com alterações pendentes",
          "status": "passed",
          "title": "usa o modal ao navegar entre volume e capítulo com alterações pendentes",
          "duration": 170.3770999999997,
          "failureMessages": [],
          "meta": {},
          "tags": []
        },
        {
          "ancestorTitles": ["DashboardProjectChapterEditor"],
          "fullName": "DashboardProjectChapterEditor exclui o volume e os capítulos vinculados após confirmar no modal",
          "status": "passed",
          "title": "exclui o volume e os capítulos vinculados após confirmar no modal",
          "duration": 128.3241999999991,
          "failureMessages": [],
          "meta": {},
          "tags": []
        },
        {
          "ancestorTitles": ["DashboardProjectChapterEditor"],
          "fullName": "DashboardProjectChapterEditor mostra Fechar volume na barra inferior e limpa a seleção local",
          "status": "passed",
          "title": "mostra Fechar volume na barra inferior e limpa a seleção local",
          "duration": 41.43949999999859,
          "failureMessages": [],
          "meta": {},
          "tags": []
        },
        {
          "ancestorTitles": ["DashboardProjectChapterEditor"],
          "fullName": "DashboardProjectChapterEditor respeita o modal ao fechar o volume com alterações pendentes",
          "status": "passed",
          "title": "respeita o modal ao fechar o volume com alterações pendentes",
          "duration": 161.52500000000146,
          "failureMessages": [],
          "meta": {},
          "tags": []
        },
        {
          "ancestorTitles": ["DashboardProjectChapterEditor"],
          "fullName": "DashboardProjectChapterEditor abre o capítulo e sincroniza o volume pai ao clicar em um capítulo na sidebar",
          "status": "passed",
          "title": "abre o capítulo e sincroniza o volume pai ao clicar em um capítulo na sidebar",
          "duration": 149.17219999999907,
          "failureMessages": [],
          "meta": {},
          "tags": []
        },
        {
          "ancestorTitles": ["DashboardProjectChapterEditor"],
          "fullName": "DashboardProjectChapterEditor seleciona um volume sem abrir capítulo e sincroniza a seleção ao abrir um capítulo",
          "status": "passed",
          "title": "seleciona um volume sem abrir capítulo e sincroniza a seleção ao abrir um capítulo",
          "duration": 200.07960000000094,
          "failureMessages": [],
          "meta": {},
          "tags": []
        },
        {
          "ancestorTitles": ["DashboardProjectChapterEditor"],
          "fullName": "DashboardProjectChapterEditor não renderiza o editor de volume quando o capítulo ativo está sem volume",
          "status": "failed",
          "title": "não renderiza o editor de volume quando o capítulo ativo está sem volume",
          "duration": 48.14009999999871,
          "failureMessages": [
            "TestingLibraryElementError: Unable to find an element by: [data-testid=\"chapter-identity-accordion\"]\n\nIgnored nodes: comments, script, style\n\u001b[36m<body\u001b[39m\n  \u001b[33mstyle\u001b[39m=\u001b[32m\"\"\u001b[39m\n\u001b[36m>\u001b[39m\n  \u001b[36m<div>\u001b[39m\n    \u001b[36m<div>\u001b[39m\n      \u001b[36m<button\u001b[39m\n        \u001b[33mdata-testid\u001b[39m=\u001b[32m\"dashboard-shell-user-card\"\u001b[39m\n        \u001b[33mtype\u001b[39m=\u001b[32m\"button\"\u001b[39m\n      \u001b[36m>\u001b[39m\n        \u001b[0mAbrir usuario\u001b[0m\n      \u001b[36m</button>\u001b[39m\n      \u001b[36m<div>\u001b[39m\n        \u001b[0m \u001b[0m\n        \u001b[36m<div\u001b[39m\n          \u001b[33mclass\u001b[39m=\u001b[32m\"space-y-3\"\u001b[39m\n          \u001b[33mdata-testid\u001b[39m=\u001b[32m\"chapter-editor-header-shell\"\u001b[39m\n        \u001b[36m>\u001b[39m\n          \u001b[36m<section\u001b[39m\n            \u001b[33mclass\u001b[39m=\u001b[32m\"overflow-hidden rounded-2xl border border-border/60 bg-card/80 shadow-editor-surface\"\u001b[39m\n            \u001b[33mdata-testid\u001b[39m=\u001b[32m\"chapter-editor-masthead\"\u001b[39m\n          \u001b[36m>\u001b[39m\n            \u001b[36m<div\u001b[39m\n              \u001b[33mclass\u001b[39m=\u001b[32m\"grid gap-5 px-4 py-5 md:px-6 md:py-6 lg:grid-cols-[minmax(0,1fr)_360px] lg:items-start lg:px-8\"\u001b[39m\n            \u001b[36m>\u001b[39m\n              \u001b[36m<div\u001b[39m\n                \u001b[33mclass\u001b[39m=\u001b[32m\"space-y-3\"\u001b[39m\n              \u001b[36m>\u001b[39m\n                \u001b[36m<div\u001b[39m\n                  \u001b[33mclass\u001b[39m=\u001b[32m\"space-y-2\"\u001b[39m\n                \u001b[36m>\u001b[39m\n                  \u001b[36m<h1\u001b[39m\n                    \u001b[33mclass\u001b[39m=\u001b[32m\"text-2xl font-semibold tracking-tight md:text-[2rem]\"\u001b[39m\n                  \u001b[36m>\u001b[39m\n                    \u001b[0mGerenciamento de Conteúdo\u001b[0m\n                  \u001b[36m</h1>\u001b[39m\n                  \u001b[36m<p\u001b[39m\n                    \u001b[33mclass\u001b[39m=\u001b[32m\"max-w-3xl text-sm leading-6 text-muted-foreground\"\u001b[39m\n                  \u001b[36m>\u001b[39m\n                    \u001b[0mEspaço editorial para organizar capítulos, volumes e publicação de light novels com foco em leitura e escrita contínua.\u001b[0m\n                  \u001b[36m</p>\u001b[39m\n                \u001b[36m</div>\u001b[39m\n              \u001b[36m</div>\u001b[39m\n              \u001b[36m<div\u001b[39m\n                \u001b[33mclass\u001b[39m=\u001b[32m\"rounded-[22px] border border-border/50 bg-background/45 p-4 text-left shadow-dedicated-editor-meta lg:text-right\"\u001b[39m\n              \u001b[36m>\u001b[39m\n                \u001b[36m<p\u001b[39m\n                  \u001b[33mclass\u001b[39m=\u001b[32m\"text-[11px] uppercase tracking-[0.12em] text-muted-foreground\"\u001b[39m\n                \u001b[36m>\u001b[39m\n                  \u001b[0mProjeto\u001b[0m\n                \u001b[36m</p>\u001b[39m\n                \u001b[36m<p\u001b[39m\n                  \u001b[33mclass\u001b[39m=\u001b[32m\"mt-1 text-base font-semibold tracking-tight text-foreground\"\u001b[39m\n                \u001b[36m>\u001b[39m\n                  \u001b[0mProjeto Light Novel\u001b[0m\n                \u001b[36m</p>\u001b[39m\n                \u001b[36m<p\u001b[39m\n                  \u001b[33mclass\u001b[39m=\u001b[32m\"mt-1 text-xs leading-5 text-muted-foreground\"\u001b[39m\n                \u001b[36m>\u001b[39m\n                  \u001b[0m3 capítulo(s) disponível(is)\u001b[0m\n                \u001b[36m</p>\u001b[39m\n              \u001b[36m</div>\u001b[39m\n            \u001b[36m</div>\u001b[39m\n          \u001b[36m</section>\u001b[39m\n          \u001b[36m<div\u001b[39m\n            \u001b[33mclass\u001b[39m=\u001b[32m\"sticky top-3 z-20 overflow-hidden rounded-2xl border border-border/60 bg-background/92 shadow-dedicated-editor-sticky backdrop-blur supports-backdrop-filter:bg-background/78\"\u001b[39m\n            \u001b[33mdata-testid\u001b[39m=\u001b[32m\"chapter-editor-command-bar\"\u001b[39m\n          \u001b[36m>\u001b[39m\n            \u001b[36m<div\u001b[39m\n              \u001b[33mclass\u001b[39m=\u001b[32m\"space-y-3 px-4 py-3 md:px-6 lg:px-8\"\u001b[39m\n            \u001b[36m>\u001b[39m\n              \u001b[36m<div\u001b[39m\n                \u001b[33mclass\u001b[39m=\u001b[32m\"flex flex-col gap-3 lg:flex-row lg:items-center lg:justify-between\"\u001b[39m\n                \u001b[33mdata-testid\u001b[39m=\u001b[32m\"chapter-editor-action-rail\"\u001b[39m\n              \u001b[36m>\u001b[39m\n                \u001b[36m<div\u001b[39m\n                  \u001b[33mclass\u001b[39m=\u001b[32m\"flex flex-wrap items-center gap-2\"\u001b[39m\n                  \u001b[33mdata-testid\u001b[39m=\u001b[32m\"chapter-editor-top-status-group\"\u001b[39m\n                \u001b[36m>\u001b[39m\n                  \u001b[36m<div\u001b[39m\n                    \u001b[33mclass\u001b[39m=\u001b[32m\"inline-flex items-center rounded-full border px-2.5 py-0.5 font-semibold transition-colors focus:outline-hidden focus:ring-2 focus:ring-ring/45 border-transparent bg-secondary text-secondary-foreground hover:bg-secondary/80 text-[10px] uppercase tracking-[0.12em]\"\u001b[39m\n                  \u001b[36m>\u001b[39m\n                    \u001b[0mSem alterações pendentes\u001b[0m\n                  \u001b[36m</div>\u001b[39m\n                \u001b[36m</div>\u001b[39m\n                \u001b[36m<div\u001b[39m\n                  \u001b[33mclass\u001b[39m=\u001b[32m\"flex flex-wrap items-center gap-2 lg:justify-end\"\u001b[39m\n                  \u001b[33mdata-testid\u001b[39m=\u001b[32m\"chapter-editor-top-actions\"\u001b[39m\n                \u001b[36m/>\u001b[39m\n              \u001b[36m</div>\u001b[39m\n              \u001b[36m<div\u001b[39m\n                \u001b[33mclass\u001b[39m=\u001b[32m\"flex flex-col gap-3 border-t border-border/50 pt-3 lg:flex-row lg:items-center lg:justify-between\"\u001b[39m\n              \u001b[36m>\u001b[39m\n                \u001b[36m<div\u001b[39m\n                  \u001b[33mclass\u001b[39m=\u001b[32m\"flex flex-wrap items-center gap-2\"\u001b[39m\n                  \u001b[33mdata-testid\u001b[39m=\u001b[32m\"chapter-editor-status-bar\"\u001b[39m\n                \u001b[36m>\u001b[39m\n                  \u001b[36m<div\u001b[39m\n                    \u001b[33mclass\u001b[39m=\u001b[32m\"inline-flex items-center rounded-full border px-2.5 py-0.5 font-semibold transition-colors focus:outline-hidden focus:ring-2 focus:ring-ring/45 text-foreground text-[10px] uppercase tracking-[0.12em]\"\u001b[39m\n                  \u001b[36m>\u001b[39m\n                    \u001b[0mNenhum capítulo aberto\u001b[0m\n                  \u001b[36m</div>\u001b[39m\n                  \u001b[36m<span\u001b[39m\n                    \u001b[33mclass\u001b[39m=\u001b[32m\"text-[11px] text-muted-foreground\"\u001b[39m\n                  \u001b[36m>\u001b[39m\n                    \u001b[0mEscolha um capítulo na sidebar, edite um volume na coluna principal ou use as ferramentas EPUB logo abaixo.\u001b[0m\n                  \u001b[36m</span>\u001b[39m\n                \u001b[36m</div>\u001b[39m\n                \u001b[36m<div\u001b[39m\n                  \u001b[33mclass\u001b[39m=\u001b[32m\"flex flex-wrap items-center gap-2 lg:justify-end\"\u001b[39m\n                  \u001b[33mdata-testid\u001b[39m=\u001b[32m\"chapter-editor-secondary-actions\"\u001b[39m\n                \u001b[36m>\u001b[39m\n                  \u001b[36m<a\u001b[39m\n                    \u001b[33mclass\u001b[39m=\u001b[32m\"inline-flex items-center justify-center gap-2 whitespace-nowrap rounded-xl text-center font-semibold shadow-none transition-[background-color,border-color,color] duration-200 focus-visible:outline-hidden focus-visible:ring-2 focus-visible:ring-ring/45 disabled:pointer-events-none disabled:opacity-50 [&_svg]:pointer-events-none [&_svg]:size-4 [&_svg]:shrink-0 border border-border/70 bg-background text-foreground/70 hover:border-primary/60 hover:bg-primary/5 hover:text-foreground focus-visible:border-primary/60 focus-visible:bg-primary/5 focus-visible:text-foreground h-9 px-3 text-sm\"\u001b[39m\n                    \u001b[33mdata-discover\u001b[39m=\u001b[32m\"true\"\u001b[39m\n                    \u001b[33mhref\u001b[39m=\u001b[32m\"/dashboard/projetos?edit=project-ln-1\"\u001b[39m\n                  \u001b[36m>\u001b[39m\n                    \u001b[36m<svg\u001b[39m\n                      \u001b[33maria-hidden\u001b[39m=\u001b[32m\"true\"\u001b[39m\n                      \u001b[33mclass\u001b[39m=\u001b[32m\"lucide lucide-arrow-left h-4 w-4\"\u001b[39m\n                      \u001b[33mfill\u001b[39m=\u001b[32m\"none\"\u001b[39m\n    ...\n    at Object.getElementError (D:\\dev\\nekomorto\\node_modules\\@testing-library\\dom\\dist\\config.js:37:19)\n    at D:\\dev\\nekomorto\\node_modules\\@testing-library\\dom\\dist\\query-helpers.js:76:38\n    at D:\\dev\\nekomorto\\node_modules\\@testing-library\\dom\\dist\\query-helpers.js:52:17\n    at D:\\dev\\nekomorto\\node_modules\\@testing-library\\dom\\dist\\query-helpers.js:95:19\n    at D:/dev/nekomorto/src/pages/DashboardProjectChapterEditor.test.tsx:3309:47\n    at file:///D:/dev/nekomorto/node_modules/@vitest/runner/dist/chunk-artifact.js:1903:20"
          ],
          "meta": {},
          "tags": []
        },
        {
          "ancestorTitles": ["DashboardProjectChapterEditor"],
          "fullName": "DashboardProjectChapterEditor leva ao neutro e preserva o volume selecionado ao trocar de volume com outro capítulo aberto",
          "status": "passed",
          "title": "leva ao neutro e preserva o volume selecionado ao trocar de volume com outro capítulo aberto",
          "duration": 114.3117999999995,
          "failureMessages": [],
          "meta": {},
          "tags": []
        },
        {
          "ancestorTitles": ["DashboardProjectChapterEditor"],
          "fullName": "DashboardProjectChapterEditor leva ao neutro e preserva o volume selecionado quando o novo volume não tem capítulos",
          "status": "passed",
          "title": "leva ao neutro e preserva o volume selecionado quando o novo volume não tem capítulos",
          "duration": 78.35840000000098,
          "failureMessages": [],
          "meta": {},
          "tags": []
        },
        {
          "ancestorTitles": ["DashboardProjectChapterEditor"],
          "fullName": "DashboardProjectChapterEditor leva ao neutro mesmo quando seleciona o mesmo volume do capítulo aberto",
          "status": "passed",
          "title": "leva ao neutro mesmo quando seleciona o mesmo volume do capítulo aberto",
          "duration": 68.21860000000015,
          "failureMessages": [],
          "meta": {},
          "tags": []
        },
        {
          "ancestorTitles": ["DashboardProjectChapterEditor"],
          "fullName": "DashboardProjectChapterEditor abre o volume pelo modal de alterações não salvas do capítulo",
          "status": "passed",
          "title": "abre o volume pelo modal de alterações não salvas do capítulo",
          "duration": 200.4915000000001,
          "failureMessages": [],
          "meta": {},
          "tags": []
        },
        {
          "ancestorTitles": ["DashboardProjectChapterEditor"],
          "fullName": "DashboardProjectChapterEditor mostra o modal ao criar novo capítulo com alterações pendentes e preserva o capítulo salvo",
          "status": "passed",
          "title": "mostra o modal ao criar novo capítulo com alterações pendentes e preserva o capítulo salvo",
          "duration": 339.130000000001,
          "failureMessages": [],
          "meta": {},
          "tags": []
        },
        {
          "ancestorTitles": ["DashboardProjectChapterEditor"],
          "fullName": "DashboardProjectChapterEditor cria um capítulo em volume e navega para ele como rascunho",
          "status": "passed",
          "title": "cria um capítulo em volume e navega para ele como rascunho",
          "duration": 383.4498999999996,
          "failureMessages": [],
          "meta": {},
          "tags": []
        },
        {
          "ancestorTitles": ["DashboardProjectChapterEditor"],
          "fullName": "DashboardProjectChapterEditor mostra em progresso ao criar capítulo novo de light novel sem conteúdo",
          "status": "passed",
          "title": "mostra em progresso ao criar capítulo novo de light novel sem conteúdo",
          "duration": 305.7449000000015,
          "failureMessages": [],
          "meta": {},
          "tags": []
        },
        {
          "ancestorTitles": ["DashboardProjectChapterEditor"],
          "fullName": "DashboardProjectChapterEditor mostra em progresso ao criar capítulo novo de manga sem páginas",
          "status": "passed",
          "title": "mostra em progresso ao criar capítulo novo de manga sem páginas",
          "duration": 199.5106999999989,
          "failureMessages": [],
          "meta": {},
          "tags": []
        },
        {
          "ancestorTitles": ["DashboardProjectChapterEditor"],
          "fullName": "DashboardProjectChapterEditor mantém em progresso visível ao criar capítulo de manga mesmo se o backend omitir publicationStatus",
          "status": "passed",
          "title": "mantém em progresso visível ao criar capítulo de manga mesmo se o backend omitir publicationStatus",
          "duration": 201.8721999999998,
          "failureMessages": [],
          "meta": {},
          "tags": []
        },
        {
          "ancestorTitles": ["DashboardProjectChapterEditor"],
          "fullName": "DashboardProjectChapterEditor cria um capítulo em sem volume e limpa a busca se o filtro esconder o novo item",
          "status": "passed",
          "title": "cria um capítulo em sem volume e limpa a busca se o filtro esconder o novo item",
          "duration": 76.20129999999881,
          "failureMessages": [],
          "meta": {},
          "tags": []
        },
        {
          "ancestorTitles": ["DashboardProjectChapterEditor"],
          "fullName": "DashboardProjectChapterEditor salva o capítulo e atualiza a URL quando número e volume mudam",
          "status": "passed",
          "title": "salva o capítulo e atualiza a URL quando número e volume mudam",
          "duration": 140.01910000000134,
          "failureMessages": [],
          "meta": {},
          "tags": []
        },
        {
          "ancestorTitles": ["DashboardProjectChapterEditor"],
          "fullName": "DashboardProjectChapterEditor bloqueia o save manual quando a URL do editor ficaria ambigua sem volume",
          "status": "failed",
          "title": "bloqueia o save manual quando a URL do editor ficaria ambigua sem volume",
          "duration": 1077.5848000000005,
          "failureMessages": [
            "Error: Unable to find an element by: [data-testid=\"chapter-save-volume-required-dialog\"]\n\nIgnored nodes: comments, script, style\n\u001b[36m<body\u001b[39m\n  \u001b[33mstyle\u001b[39m=\u001b[32m\"\"\u001b[39m\n\u001b[36m>\u001b[39m\n  \u001b[36m<div>\u001b[39m\n    \u001b[36m<div>\u001b[39m\n      \u001b[36m<button\u001b[39m\n        \u001b[33mdata-testid\u001b[39m=\u001b[32m\"dashboard-shell-user-card\"\u001b[39m\n        \u001b[33mtype\u001b[39m=\u001b[32m\"button\"\u001b[39m\n      \u001b[36m>\u001b[39m\n        \u001b[0mAbrir usuario\u001b[0m\n      \u001b[36m</button>\u001b[39m\n      \u001b[36m<div>\u001b[39m\n        \u001b[0m \u001b[0m\n        \u001b[36m<div\u001b[39m\n          \u001b[33mclass\u001b[39m=\u001b[32m\"space-y-3\"\u001b[39m\n          \u001b[33mdata-testid\u001b[39m=\u001b[32m\"chapter-editor-header-shell\"\u001b[39m\n        \u001b[36m>\u001b[39m\n          \u001b[36m<section\u001b[39m\n            \u001b[33mclass\u001b[39m=\u001b[32m\"overflow-hidden rounded-2xl border border-border/60 bg-card/80 shadow-editor-surface\"\u001b[39m\n            \u001b[33mdata-testid\u001b[39m=\u001b[32m\"chapter-editor-masthead\"\u001b[39m\n          \u001b[36m>\u001b[39m\n            \u001b[36m<div\u001b[39m\n              \u001b[33mclass\u001b[39m=\u001b[32m\"grid gap-5 px-4 py-5 md:px-6 md:py-6 lg:grid-cols-[minmax(0,1fr)_360px] lg:items-start lg:px-8\"\u001b[39m\n            \u001b[36m>\u001b[39m\n              \u001b[36m<div\u001b[39m\n                \u001b[33mclass\u001b[39m=\u001b[32m\"space-y-3\"\u001b[39m\n              \u001b[36m>\u001b[39m\n                \u001b[36m<div\u001b[39m\n                  \u001b[33mclass\u001b[39m=\u001b[32m\"flex flex-wrap items-center gap-2\"\u001b[39m\n                \u001b[36m>\u001b[39m\n                  \u001b[36m<div\u001b[39m\n                    \u001b[33mclass\u001b[39m=\u001b[32m\"inline-flex items-center rounded-full border px-2.5 py-0.5 font-semibold transition-colors focus:outline-hidden focus:ring-2 focus:ring-ring/45 border-transparent bg-secondary text-secondary-foreground hover:bg-secondary/80 text-[10px] uppercase tracking-[0.12em]\"\u001b[39m\n                  \u001b[36m>\u001b[39m\n                    \u001b[0mCapítulo em edição\u001b[0m\n                  \u001b[36m</div>\u001b[39m\n                  \u001b[36m<div\u001b[39m\n                    \u001b[33mclass\u001b[39m=\u001b[32m\"inline-flex items-center rounded-full border px-2.5 py-0.5 font-semibold transition-colors focus:outline-hidden focus:ring-2 focus:ring-ring/45 border-transparent bg-primary text-primary-foreground hover:bg-primary/80 text-[10px] uppercase tracking-[0.12em]\"\u001b[39m\n                  \u001b[36m>\u001b[39m\n                    \u001b[0mPublicado\u001b[0m\n                  \u001b[36m</div>\u001b[39m\n                \u001b[36m</div>\u001b[39m\n                \u001b[36m<div\u001b[39m\n                  \u001b[33mclass\u001b[39m=\u001b[32m\"space-y-2\"\u001b[39m\n                \u001b[36m>\u001b[39m\n                  \u001b[36m<h1\u001b[39m\n                    \u001b[33mclass\u001b[39m=\u001b[32m\"text-2xl font-semibold tracking-tight md:text-[2rem]\"\u001b[39m\n                  \u001b[36m>\u001b[39m\n                    \u001b[0mGerenciamento de Conteúdo\u001b[0m\n                  \u001b[36m</h1>\u001b[39m\n                  \u001b[36m<p\u001b[39m\n                    \u001b[33mclass\u001b[39m=\u001b[32m\"max-w-3xl text-sm leading-6 text-muted-foreground\"\u001b[39m\n                  \u001b[36m>\u001b[39m\n                    \u001b[0mEspaço editorial para organizar capítulos, volumes e publicação de light novels com foco em leitura e escrita contínua.\u001b[0m\n                  \u001b[36m</p>\u001b[39m\n                \u001b[36m</div>\u001b[39m\n              \u001b[36m</div>\u001b[39m\n              \u001b[36m<div\u001b[39m\n                \u001b[33mclass\u001b[39m=\u001b[32m\"rounded-[22px] border border-border/50 bg-background/45 p-4 text-left shadow-dedicated-editor-meta lg:text-right\"\u001b[39m\n              \u001b[36m>\u001b[39m\n                \u001b[36m<p\u001b[39m\n                  \u001b[33mclass\u001b[39m=\u001b[32m\"text-[11px] uppercase tracking-[0.12em] text-muted-foreground\"\u001b[39m\n                \u001b[36m>\u001b[39m\n                  \u001b[0mProjeto\u001b[0m\n                \u001b[36m</p>\u001b[39m\n                \u001b[36m<p\u001b[39m\n                  \u001b[33mclass\u001b[39m=\u001b[32m\"mt-1 text-base font-semibold tracking-tight text-foreground\"\u001b[39m\n                \u001b[36m>\u001b[39m\n                  \u001b[0mProjeto Light Novel\u001b[0m\n                \u001b[36m</p>\u001b[39m\n                \u001b[36m<p\u001b[39m\n                  \u001b[33mclass\u001b[39m=\u001b[32m\"mt-1 text-xs leading-5 text-muted-foreground\"\u001b[39m\n                \u001b[36m>\u001b[39m\n                  \u001b[0mCapítulo 4 sem volume · 1 de 4\u001b[0m\n                \u001b[36m</p>\u001b[39m\n              \u001b[36m</div>\u001b[39m\n            \u001b[36m</div>\u001b[39m\n          \u001b[36m</section>\u001b[39m\n          \u001b[36m<div\u001b[39m\n            \u001b[33mclass\u001b[39m=\u001b[32m\"sticky top-3 z-20 overflow-hidden rounded-2xl border border-border/60 bg-background/92 shadow-dedicated-editor-sticky backdrop-blur supports-backdrop-filter:bg-background/78\"\u001b[39m\n            \u001b[33mdata-testid\u001b[39m=\u001b[32m\"chapter-editor-command-bar\"\u001b[39m\n          \u001b[36m>\u001b[39m\n            \u001b[36m<div\u001b[39m\n              \u001b[33mclass\u001b[39m=\u001b[32m\"space-y-3 px-4 py-3 md:px-6 lg:px-8\"\u001b[39m\n            \u001b[36m>\u001b[39m\n              \u001b[36m<div\u001b[39m\n                \u001b[33mclass\u001b[39m=\u001b[32m\"flex flex-col gap-3 lg:flex-row lg:items-center lg:justify-between\"\u001b[39m\n                \u001b[33mdata-testid\u001b[39m=\u001b[32m\"chapter-editor-action-rail\"\u001b[39m\n              \u001b[36m>\u001b[39m\n                \u001b[36m<div\u001b[39m\n                  \u001b[33mclass\u001b[39m=\u001b[32m\"flex flex-wrap items-center gap-2\"\u001b[39m\n                  \u001b[33mdata-testid\u001b[39m=\u001b[32m\"chapter-editor-top-status-group\"\u001b[39m\n                \u001b[36m>\u001b[39m\n                  \u001b[36m<div\u001b[39m\n                    \u001b[33mclass\u001b[39m=\u001b[32m\"inline-flex items-center rounded-full border px-2.5 py-0.5 font-semibold transition-colors focus:outline-hidden focus:ring-2 focus:ring-ring/45 border-transparent bg-secondary text-secondary-foreground hover:bg-secondary/80 text-[10px] uppercase tracking-[0.12em]\"\u001b[39m\n                  \u001b[36m>\u001b[39m\n                    \u001b[0mSem alterações pendentes\u001b[0m\n                  \u001b[36m</div>\u001b[39m\n                \u001b[36m</div>\u001b[39m\n                \u001b[36m<div\u001b[39m\n                  \u001b[33mclass\u001b[39m=\u001b[32m\"flex flex-wrap items-center gap-2 lg:justify-end\"\u001b[39m\n                  \u001b[33mdata-testid\u001b[39m=\u001b[32m\"chapter-editor-top-actions\"\u001b[39m\n                \u001b[36m>\u001b[39m\n                  \u001b[36m<button\u001b[39m\n                    \u001b[33mclass\u001b[39m=\u001b[32m\"inline-flex items-center justify-center whitespace-nowrap rounded-xl text-center font-semibold shadow-none transition-[background-color,border-color,color] duration-200 focus-visible:outline-hidden focus-visible:ring-2 focus-visible:ring-ring/45 disabled:pointer-events-none disabled:opacity-50 [&_svg]:pointer-events-none [&_svg]:size-4 [&_svg]:shrink-0 border border-primary/70 bg-primary/10 text-foreground hover:border-primary hover:bg-primary hover:text-primary-foreground focus-visible:border-primary focus-visible:bg-primary focus-visible:text-primary-foreground h-9 px-3 text-sm gap-2\"\u001b[39m\n                    \u001b[33mdisabled\u001b[39m=\u001b[32m\"\"\u001b[39m\n                    \u001b[33mtype\u001b[39m=\u001b[32m\"button\"\u001b[39m\n                  \u001b[36m>\u001b[39m\n                    \u001b[0mSalvar alterações\u001b[0m\n                  \u001b[36m</button>\u001b[39m\n                  \u001b[36m<button\u001b[39m\n                    \u001b[33mclass\u001b[39m=\u001b[32m\"inline-flex items-center justify-center whitespace-nowrap rounded-xl text-center font-semibold shadow-none transition-[background-color,border-color,color] duration-200 focus-visible:outline-hidden focus-visible:ring-2 focus-visible:ring-ring/45 disabled:pointer-events-none disabled:opacity-50 [&_svg]:pointer-events-none [&_svg]:size-4 [&_svg]:shrink-0 border border-border/70 bg-background text-foreground/70 hover:border-primary/60 hover:bg-primary/5 hover:text-...\n    at waitForWrapper (D:\\dev\\nekomorto\\node_modules\\@testing-library\\dom\\dist\\wait-for.js:163:27)\n    at D:\\dev\\nekomorto\\node_modules\\@testing-library\\dom\\dist\\query-helpers.js:86:33\n    at findVolumeRequiredSaveDialog (D:/dev/nekomorto/src/pages/DashboardProjectChapterEditor.test.tsx:743:10)\n    at D:/dev/nekomorto/src/pages/DashboardProjectChapterEditor.test.tsx:3757:33\n    at file:///D:/dev/nekomorto/node_modules/@vitest/runner/dist/chunk-artifact.js:1903:20"
          ],
          "meta": {},
          "tags": []
        },
        {
          "ancestorTitles": ["DashboardProjectChapterEditor"],
          "fullName": "DashboardProjectChapterEditor bloqueia a acao secundaria quando a URL do editor ficaria ambigua sem volume",
          "status": "failed",
          "title": "bloqueia a acao secundaria quando a URL do editor ficaria ambigua sem volume",
          "duration": 1238.2623999999996,
          "failureMessages": [
            "Error: Unable to find an element by: [data-testid=\"chapter-save-volume-required-dialog\"]\n\nIgnored nodes: comments, script, style\n\u001b[36m<body\u001b[39m\n  \u001b[33mstyle\u001b[39m=\u001b[32m\"\"\u001b[39m\n\u001b[36m>\u001b[39m\n  \u001b[36m<div>\u001b[39m\n    \u001b[36m<div>\u001b[39m\n      \u001b[36m<button\u001b[39m\n        \u001b[33mdata-testid\u001b[39m=\u001b[32m\"dashboard-shell-user-card\"\u001b[39m\n        \u001b[33mtype\u001b[39m=\u001b[32m\"button\"\u001b[39m\n      \u001b[36m>\u001b[39m\n        \u001b[0mAbrir usuario\u001b[0m\n      \u001b[36m</button>\u001b[39m\n      \u001b[36m<div>\u001b[39m\n        \u001b[0m \u001b[0m\n        \u001b[36m<div\u001b[39m\n          \u001b[33mclass\u001b[39m=\u001b[32m\"space-y-3\"\u001b[39m\n          \u001b[33mdata-testid\u001b[39m=\u001b[32m\"chapter-editor-header-shell\"\u001b[39m\n        \u001b[36m>\u001b[39m\n          \u001b[36m<section\u001b[39m\n            \u001b[33mclass\u001b[39m=\u001b[32m\"overflow-hidden rounded-2xl border border-border/60 bg-card/80 shadow-editor-surface\"\u001b[39m\n            \u001b[33mdata-testid\u001b[39m=\u001b[32m\"chapter-editor-masthead\"\u001b[39m\n          \u001b[36m>\u001b[39m\n            \u001b[36m<div\u001b[39m\n              \u001b[33mclass\u001b[39m=\u001b[32m\"grid gap-5 px-4 py-5 md:px-6 md:py-6 lg:grid-cols-[minmax(0,1fr)_360px] lg:items-start lg:px-8\"\u001b[39m\n            \u001b[36m>\u001b[39m\n              \u001b[36m<div\u001b[39m\n                \u001b[33mclass\u001b[39m=\u001b[32m\"space-y-3\"\u001b[39m\n              \u001b[36m>\u001b[39m\n                \u001b[36m<div\u001b[39m\n                  \u001b[33mclass\u001b[39m=\u001b[32m\"flex flex-wrap items-center gap-2\"\u001b[39m\n                \u001b[36m>\u001b[39m\n                  \u001b[36m<div\u001b[39m\n                    \u001b[33mclass\u001b[39m=\u001b[32m\"inline-flex items-center rounded-full border px-2.5 py-0.5 font-semibold transition-colors focus:outline-hidden focus:ring-2 focus:ring-ring/45 border-transparent bg-secondary text-secondary-foreground hover:bg-secondary/80 text-[10px] uppercase tracking-[0.12em]\"\u001b[39m\n                  \u001b[36m>\u001b[39m\n                    \u001b[0mCapítulo em edição\u001b[0m\n                  \u001b[36m</div>\u001b[39m\n                  \u001b[36m<div\u001b[39m\n                    \u001b[33mclass\u001b[39m=\u001b[32m\"inline-flex items-center rounded-full border px-2.5 py-0.5 font-semibold transition-colors focus:outline-hidden focus:ring-2 focus:ring-ring/45 text-foreground text-[10px] uppercase tracking-[0.12em]\"\u001b[39m\n                  \u001b[36m>\u001b[39m\n                    \u001b[0mRascunho\u001b[0m\n                  \u001b[36m</div>\u001b[39m\n                \u001b[36m</div>\u001b[39m\n                \u001b[36m<div\u001b[39m\n                  \u001b[33mclass\u001b[39m=\u001b[32m\"space-y-2\"\u001b[39m\n                \u001b[36m>\u001b[39m\n                  \u001b[36m<h1\u001b[39m\n                    \u001b[33mclass\u001b[39m=\u001b[32m\"text-2xl font-semibold tracking-tight md:text-[2rem]\"\u001b[39m\n                  \u001b[36m>\u001b[39m\n                    \u001b[0mGerenciamento de Conteúdo\u001b[0m\n                  \u001b[36m</h1>\u001b[39m\n                  \u001b[36m<p\u001b[39m\n                    \u001b[33mclass\u001b[39m=\u001b[32m\"max-w-3xl text-sm leading-6 text-muted-foreground\"\u001b[39m\n                  \u001b[36m>\u001b[39m\n                    \u001b[0mEspaço editorial para organizar capítulos, volumes e publicação de light novels com foco em leitura e escrita contínua.\u001b[0m\n                  \u001b[36m</p>\u001b[39m\n                \u001b[36m</div>\u001b[39m\n              \u001b[36m</div>\u001b[39m\n              \u001b[36m<div\u001b[39m\n                \u001b[33mclass\u001b[39m=\u001b[32m\"rounded-[22px] border border-border/50 bg-background/45 p-4 text-left shadow-dedicated-editor-meta lg:text-right\"\u001b[39m\n              \u001b[36m>\u001b[39m\n                \u001b[36m<p\u001b[39m\n                  \u001b[33mclass\u001b[39m=\u001b[32m\"text-[11px] uppercase tracking-[0.12em] text-muted-foreground\"\u001b[39m\n                \u001b[36m>\u001b[39m\n                  \u001b[0mProjeto\u001b[0m\n                \u001b[36m</p>\u001b[39m\n                \u001b[36m<p\u001b[39m\n                  \u001b[33mclass\u001b[39m=\u001b[32m\"mt-1 text-base font-semibold tracking-tight text-foreground\"\u001b[39m\n                \u001b[36m>\u001b[39m\n                  \u001b[0mProjeto Light Novel\u001b[0m\n                \u001b[36m</p>\u001b[39m\n                \u001b[36m<p\u001b[39m\n                  \u001b[33mclass\u001b[39m=\u001b[32m\"mt-1 text-xs leading-5 text-muted-foreground\"\u001b[39m\n                \u001b[36m>\u001b[39m\n                  \u001b[0mCapítulo 4 sem volume · 1 de 4\u001b[0m\n                \u001b[36m</p>\u001b[39m\n              \u001b[36m</div>\u001b[39m\n            \u001b[36m</div>\u001b[39m\n          \u001b[36m</section>\u001b[39m\n          \u001b[36m<div\u001b[39m\n            \u001b[33mclass\u001b[39m=\u001b[32m\"sticky top-3 z-20 overflow-hidden rounded-2xl border border-border/60 bg-background/92 shadow-dedicated-editor-sticky backdrop-blur supports-backdrop-filter:bg-background/78\"\u001b[39m\n            \u001b[33mdata-testid\u001b[39m=\u001b[32m\"chapter-editor-command-bar\"\u001b[39m\n          \u001b[36m>\u001b[39m\n            \u001b[36m<div\u001b[39m\n              \u001b[33mclass\u001b[39m=\u001b[32m\"space-y-3 px-4 py-3 md:px-6 lg:px-8\"\u001b[39m\n            \u001b[36m>\u001b[39m\n              \u001b[36m<div\u001b[39m\n                \u001b[33mclass\u001b[39m=\u001b[32m\"flex flex-col gap-3 lg:flex-row lg:items-center lg:justify-between\"\u001b[39m\n                \u001b[33mdata-testid\u001b[39m=\u001b[32m\"chapter-editor-action-rail\"\u001b[39m\n              \u001b[36m>\u001b[39m\n                \u001b[36m<div\u001b[39m\n                  \u001b[33mclass\u001b[39m=\u001b[32m\"flex flex-wrap items-center gap-2\"\u001b[39m\n                  \u001b[33mdata-testid\u001b[39m=\u001b[32m\"chapter-editor-top-status-group\"\u001b[39m\n                \u001b[36m>\u001b[39m\n                  \u001b[36m<div\u001b[39m\n                    \u001b[33mclass\u001b[39m=\u001b[32m\"inline-flex items-center rounded-full border px-2.5 py-0.5 font-semibold transition-colors focus:outline-hidden focus:ring-2 focus:ring-ring/45 border-transparent bg-secondary text-secondary-foreground hover:bg-secondary/80 text-[10px] uppercase tracking-[0.12em]\"\u001b[39m\n                  \u001b[36m>\u001b[39m\n                    \u001b[0mSem alterações pendentes\u001b[0m\n                  \u001b[36m</div>\u001b[39m\n                \u001b[36m</div>\u001b[39m\n                \u001b[36m<div\u001b[39m\n                  \u001b[33mclass\u001b[39m=\u001b[32m\"flex flex-wrap items-center gap-2 lg:justify-end\"\u001b[39m\n                  \u001b[33mdata-testid\u001b[39m=\u001b[32m\"chapter-editor-top-actions\"\u001b[39m\n                \u001b[36m>\u001b[39m\n                  \u001b[36m<button\u001b[39m\n                    \u001b[33mclass\u001b[39m=\u001b[32m\"inline-flex items-center justify-center whitespace-nowrap rounded-xl text-center font-semibold shadow-none transition-[background-color,border-color,color] duration-200 focus-visible:outline-hidden focus-visible:ring-2 focus-visible:ring-ring/45 disabled:pointer-events-none disabled:opacity-50 [&_svg]:pointer-events-none [&_svg]:size-4 [&_svg]:shrink-0 border border-border/70 bg-background text-foreground/70 hover:border-primary/60 hover:bg-primary/5 hover:text-foreground focus-visible:border-primary/60 focus-visible:bg-primary/5 focus-visible:text-foreground h-9 px-3 text-sm gap-2\"\u001b[39m\n                    \u001b[33mdisabled\u001b[39m=\u001b[32m\"\"\u001b[39m\n                    \u001b[33mtype\u001b[39m=\u001b[32m\"button\"\u001b[39m\n                  \u001b[36m>\u001b[39m\n                    \u001b[0mSalvar como rascunho\u001b[0m\n                  \u001b[36m</button>\u001b[39m\n                  \u001b[36m<button\u001b[39m\n                    \u001b[33mclass\u001b[39m=\u001b[32m\"inline-flex items-center justify-center whitespace-nowrap rounded-xl text-center font-semibold shadow-none transition-[background-color,border-color,color] duration-200 focus-visible:outline-hidden focus-visible:ring-2 focus-visible:ring-ring/45 disabled:pointer-events-none disabled:opacity-50 [&_svg]:pointer-events-none [&_svg]:size-4 [&_svg]:shrink-0 border border-primary/70 bg-primary/10 text-foreground hover:border-primary hover:bg-primary hover:text-primary-foreground focus-visible:border-primary focus-visible:bg-pr...\n    at waitForWrapper (D:\\dev\\nekomorto\\node_modules\\@testing-library\\dom\\dist\\wait-for.js:163:27)\n    at D:\\dev\\nekomorto\\node_modules\\@testing-library\\dom\\dist\\query-helpers.js:86:33\n    at findVolumeRequiredSaveDialog (D:/dev/nekomorto/src/pages/DashboardProjectChapterEditor.test.tsx:743:10)\n    at D:/dev/nekomorto/src/pages/DashboardProjectChapterEditor.test.tsx:3779:33\n    at runNextTicks (node:internal/process/task_queues:65:5)\n    at processTimers (node:internal/timers:538:9)\n    at file:///D:/dev/nekomorto/node_modules/@vitest/runner/dist/chunk-artifact.js:1903:20"
          ],
          "meta": {},
          "tags": []
        },
        {
          "ancestorTitles": ["DashboardProjectChapterEditor"],
          "fullName": "DashboardProjectChapterEditor bloqueia Ctrl+S quando a URL do editor ficaria ambigua sem volume",
          "status": "failed",
          "title": "bloqueia Ctrl+S quando a URL do editor ficaria ambigua sem volume",
          "duration": 1152.7541999999994,
          "failureMessages": [
            "Error: Unable to find an element by: [data-testid=\"chapter-save-volume-required-dialog\"]\n\nIgnored nodes: comments, script, style\n\u001b[36m<body\u001b[39m\n  \u001b[33mstyle\u001b[39m=\u001b[32m\"\"\u001b[39m\n\u001b[36m>\u001b[39m\n  \u001b[36m<div>\u001b[39m\n    \u001b[36m<div>\u001b[39m\n      \u001b[36m<button\u001b[39m\n        \u001b[33mdata-testid\u001b[39m=\u001b[32m\"dashboard-shell-user-card\"\u001b[39m\n        \u001b[33mtype\u001b[39m=\u001b[32m\"button\"\u001b[39m\n      \u001b[36m>\u001b[39m\n        \u001b[0mAbrir usuario\u001b[0m\n      \u001b[36m</button>\u001b[39m\n      \u001b[36m<div>\u001b[39m\n        \u001b[0m \u001b[0m\n        \u001b[36m<div\u001b[39m\n          \u001b[33mclass\u001b[39m=\u001b[32m\"space-y-3\"\u001b[39m\n          \u001b[33mdata-testid\u001b[39m=\u001b[32m\"chapter-editor-header-shell\"\u001b[39m\n        \u001b[36m>\u001b[39m\n          \u001b[36m<section\u001b[39m\n            \u001b[33mclass\u001b[39m=\u001b[32m\"overflow-hidden rounded-2xl border border-border/60 bg-card/80 shadow-editor-surface\"\u001b[39m\n            \u001b[33mdata-testid\u001b[39m=\u001b[32m\"chapter-editor-masthead\"\u001b[39m\n          \u001b[36m>\u001b[39m\n            \u001b[36m<div\u001b[39m\n              \u001b[33mclass\u001b[39m=\u001b[32m\"grid gap-5 px-4 py-5 md:px-6 md:py-6 lg:grid-cols-[minmax(0,1fr)_360px] lg:items-start lg:px-8\"\u001b[39m\n            \u001b[36m>\u001b[39m\n              \u001b[36m<div\u001b[39m\n                \u001b[33mclass\u001b[39m=\u001b[32m\"space-y-3\"\u001b[39m\n              \u001b[36m>\u001b[39m\n                \u001b[36m<div\u001b[39m\n                  \u001b[33mclass\u001b[39m=\u001b[32m\"flex flex-wrap items-center gap-2\"\u001b[39m\n                \u001b[36m>\u001b[39m\n                  \u001b[36m<div\u001b[39m\n                    \u001b[33mclass\u001b[39m=\u001b[32m\"inline-flex items-center rounded-full border px-2.5 py-0.5 font-semibold transition-colors focus:outline-hidden focus:ring-2 focus:ring-ring/45 border-transparent bg-secondary text-secondary-foreground hover:bg-secondary/80 text-[10px] uppercase tracking-[0.12em]\"\u001b[39m\n                  \u001b[36m>\u001b[39m\n                    \u001b[0mCapítulo em edição\u001b[0m\n                  \u001b[36m</div>\u001b[39m\n                  \u001b[36m<div\u001b[39m\n                    \u001b[33mclass\u001b[39m=\u001b[32m\"inline-flex items-center rounded-full border px-2.5 py-0.5 font-semibold transition-colors focus:outline-hidden focus:ring-2 focus:ring-ring/45 border-transparent bg-primary text-primary-foreground hover:bg-primary/80 text-[10px] uppercase tracking-[0.12em]\"\u001b[39m\n                  \u001b[36m>\u001b[39m\n                    \u001b[0mPublicado\u001b[0m\n                  \u001b[36m</div>\u001b[39m\n                \u001b[36m</div>\u001b[39m\n                \u001b[36m<div\u001b[39m\n                  \u001b[33mclass\u001b[39m=\u001b[32m\"space-y-2\"\u001b[39m\n                \u001b[36m>\u001b[39m\n                  \u001b[36m<h1\u001b[39m\n                    \u001b[33mclass\u001b[39m=\u001b[32m\"text-2xl font-semibold tracking-tight md:text-[2rem]\"\u001b[39m\n                  \u001b[36m>\u001b[39m\n                    \u001b[0mGerenciamento de Conteúdo\u001b[0m\n                  \u001b[36m</h1>\u001b[39m\n                  \u001b[36m<p\u001b[39m\n                    \u001b[33mclass\u001b[39m=\u001b[32m\"max-w-3xl text-sm leading-6 text-muted-foreground\"\u001b[39m\n                  \u001b[36m>\u001b[39m\n                    \u001b[0mEspaço editorial para organizar capítulos, volumes e publicação de light novels com foco em leitura e escrita contínua.\u001b[0m\n                  \u001b[36m</p>\u001b[39m\n                \u001b[36m</div>\u001b[39m\n              \u001b[36m</div>\u001b[39m\n              \u001b[36m<div\u001b[39m\n                \u001b[33mclass\u001b[39m=\u001b[32m\"rounded-[22px] border border-border/50 bg-background/45 p-4 text-left shadow-dedicated-editor-meta lg:text-right\"\u001b[39m\n              \u001b[36m>\u001b[39m\n                \u001b[36m<p\u001b[39m\n                  \u001b[33mclass\u001b[39m=\u001b[32m\"text-[11px] uppercase tracking-[0.12em] text-muted-foreground\"\u001b[39m\n                \u001b[36m>\u001b[39m\n                  \u001b[0mProjeto\u001b[0m\n                \u001b[36m</p>\u001b[39m\n                \u001b[36m<p\u001b[39m\n                  \u001b[33mclass\u001b[39m=\u001b[32m\"mt-1 text-base font-semibold tracking-tight text-foreground\"\u001b[39m\n                \u001b[36m>\u001b[39m\n                  \u001b[0mProjeto Light Novel\u001b[0m\n                \u001b[36m</p>\u001b[39m\n                \u001b[36m<p\u001b[39m\n                  \u001b[33mclass\u001b[39m=\u001b[32m\"mt-1 text-xs leading-5 text-muted-foreground\"\u001b[39m\n                \u001b[36m>\u001b[39m\n                  \u001b[0mCapítulo 4 sem volume · 1 de 4\u001b[0m\n                \u001b[36m</p>\u001b[39m\n              \u001b[36m</div>\u001b[39m\n            \u001b[36m</div>\u001b[39m\n          \u001b[36m</section>\u001b[39m\n          \u001b[36m<div\u001b[39m\n            \u001b[33mclass\u001b[39m=\u001b[32m\"sticky top-3 z-20 overflow-hidden rounded-2xl border border-border/60 bg-background/92 shadow-dedicated-editor-sticky backdrop-blur supports-backdrop-filter:bg-background/78\"\u001b[39m\n            \u001b[33mdata-testid\u001b[39m=\u001b[32m\"chapter-editor-command-bar\"\u001b[39m\n          \u001b[36m>\u001b[39m\n            \u001b[36m<div\u001b[39m\n              \u001b[33mclass\u001b[39m=\u001b[32m\"space-y-3 px-4 py-3 md:px-6 lg:px-8\"\u001b[39m\n            \u001b[36m>\u001b[39m\n              \u001b[36m<div\u001b[39m\n                \u001b[33mclass\u001b[39m=\u001b[32m\"flex flex-col gap-3 lg:flex-row lg:items-center lg:justify-between\"\u001b[39m\n                \u001b[33mdata-testid\u001b[39m=\u001b[32m\"chapter-editor-action-rail\"\u001b[39m\n              \u001b[36m>\u001b[39m\n                \u001b[36m<div\u001b[39m\n                  \u001b[33mclass\u001b[39m=\u001b[32m\"flex flex-wrap items-center gap-2\"\u001b[39m\n                  \u001b[33mdata-testid\u001b[39m=\u001b[32m\"chapter-editor-top-status-group\"\u001b[39m\n                \u001b[36m>\u001b[39m\n                  \u001b[36m<div\u001b[39m\n                    \u001b[33mclass\u001b[39m=\u001b[32m\"inline-flex items-center rounded-full border px-2.5 py-0.5 font-semibold transition-colors focus:outline-hidden focus:ring-2 focus:ring-ring/45 border-transparent bg-secondary text-secondary-foreground hover:bg-secondary/80 text-[10px] uppercase tracking-[0.12em]\"\u001b[39m\n                  \u001b[36m>\u001b[39m\n                    \u001b[0mSem alterações pendentes\u001b[0m\n                  \u001b[36m</div>\u001b[39m\n                \u001b[36m</div>\u001b[39m\n                \u001b[36m<div\u001b[39m\n                  \u001b[33mclass\u001b[39m=\u001b[32m\"flex flex-wrap items-center gap-2 lg:justify-end\"\u001b[39m\n                  \u001b[33mdata-testid\u001b[39m=\u001b[32m\"chapter-editor-top-actions\"\u001b[39m\n                \u001b[36m>\u001b[39m\n                  \u001b[36m<button\u001b[39m\n                    \u001b[33mclass\u001b[39m=\u001b[32m\"inline-flex items-center justify-center whitespace-nowrap rounded-xl text-center font-semibold shadow-none transition-[background-color,border-color,color] duration-200 focus-visible:outline-hidden focus-visible:ring-2 focus-visible:ring-ring/45 disabled:pointer-events-none disabled:opacity-50 [&_svg]:pointer-events-none [&_svg]:size-4 [&_svg]:shrink-0 border border-primary/70 bg-primary/10 text-foreground hover:border-primary hover:bg-primary hover:text-primary-foreground focus-visible:border-primary focus-visible:bg-primary focus-visible:text-primary-foreground h-9 px-3 text-sm gap-2\"\u001b[39m\n                    \u001b[33mdisabled\u001b[39m=\u001b[32m\"\"\u001b[39m\n                    \u001b[33mtype\u001b[39m=\u001b[32m\"button\"\u001b[39m\n                  \u001b[36m>\u001b[39m\n                    \u001b[0mSalvar alterações\u001b[0m\n                  \u001b[36m</button>\u001b[39m\n                  \u001b[36m<button\u001b[39m\n                    \u001b[33mclass\u001b[39m=\u001b[32m\"inline-flex items-center justify-center whitespace-nowrap rounded-xl text-center font-semibold shadow-none transition-[background-color,border-color,color] duration-200 focus-visible:outline-hidden focus-visible:ring-2 focus-visible:ring-ring/45 disabled:pointer-events-none disabled:opacity-50 [&_svg]:pointer-events-none [&_svg]:size-4 [&_svg]:shrink-0 border border-border/70 bg-background text-foreground/70 hover:border-primary/60 hover:bg-primary/5 hover:text-...\n    at waitForWrapper (D:\\dev\\nekomorto\\node_modules\\@testing-library\\dom\\dist\\wait-for.js:163:27)\n    at D:\\dev\\nekomorto\\node_modules\\@testing-library\\dom\\dist\\query-helpers.js:86:33\n    at findVolumeRequiredSaveDialog (D:/dev/nekomorto/src/pages/DashboardProjectChapterEditor.test.tsx:743:10)\n    at D:/dev/nekomorto/src/pages/DashboardProjectChapterEditor.test.tsx:3800:33\n    at file:///D:/dev/nekomorto/node_modules/@vitest/runner/dist/chunk-artifact.js:1903:20"
          ],
          "meta": {},
          "tags": []
        },
        {
          "ancestorTitles": ["DashboardProjectChapterEditor"],
          "fullName": "DashboardProjectChapterEditor fecha o leave dialog e abre o aviso quando salvar e continuar cairia em rota ambigua",
          "status": "failed",
          "title": "fecha o leave dialog e abre o aviso quando salvar e continuar cairia em rota ambigua",
          "duration": 1377.1504000000004,
          "failureMessages": [
            "Error: Unable to find an element by: [data-testid=\"chapter-save-volume-required-dialog\"]\n\nIgnored nodes: comments, script, style\n\u001b[36m<body\u001b[39m\n  \u001b[33mstyle\u001b[39m=\u001b[32m\"\"\u001b[39m\n\u001b[36m>\u001b[39m\n  \u001b[36m<div>\u001b[39m\n    \u001b[36m<div>\u001b[39m\n      \u001b[36m<button\u001b[39m\n        \u001b[33mdata-testid\u001b[39m=\u001b[32m\"dashboard-shell-user-card\"\u001b[39m\n        \u001b[33mtype\u001b[39m=\u001b[32m\"button\"\u001b[39m\n      \u001b[36m>\u001b[39m\n        \u001b[0mAbrir usuario\u001b[0m\n      \u001b[36m</button>\u001b[39m\n      \u001b[36m<div>\u001b[39m\n        \u001b[0m \u001b[0m\n        \u001b[36m<div\u001b[39m\n          \u001b[33mclass\u001b[39m=\u001b[32m\"space-y-3\"\u001b[39m\n          \u001b[33mdata-testid\u001b[39m=\u001b[32m\"chapter-editor-header-shell\"\u001b[39m\n        \u001b[36m>\u001b[39m\n          \u001b[36m<section\u001b[39m\n            \u001b[33mclass\u001b[39m=\u001b[32m\"overflow-hidden rounded-2xl border border-border/60 bg-card/80 shadow-editor-surface\"\u001b[39m\n            \u001b[33mdata-testid\u001b[39m=\u001b[32m\"chapter-editor-masthead\"\u001b[39m\n          \u001b[36m>\u001b[39m\n            \u001b[36m<div\u001b[39m\n              \u001b[33mclass\u001b[39m=\u001b[32m\"grid gap-5 px-4 py-5 md:px-6 md:py-6 lg:grid-cols-[minmax(0,1fr)_360px] lg:items-start lg:px-8\"\u001b[39m\n            \u001b[36m>\u001b[39m\n              \u001b[36m<div\u001b[39m\n                \u001b[33mclass\u001b[39m=\u001b[32m\"space-y-3\"\u001b[39m\n              \u001b[36m>\u001b[39m\n                \u001b[36m<div\u001b[39m\n                  \u001b[33mclass\u001b[39m=\u001b[32m\"space-y-2\"\u001b[39m\n                \u001b[36m>\u001b[39m\n                  \u001b[36m<h1\u001b[39m\n                    \u001b[33mclass\u001b[39m=\u001b[32m\"text-2xl font-semibold tracking-tight md:text-[2rem]\"\u001b[39m\n                  \u001b[36m>\u001b[39m\n                    \u001b[0mGerenciamento de Conteúdo\u001b[0m\n                  \u001b[36m</h1>\u001b[39m\n                  \u001b[36m<p\u001b[39m\n                    \u001b[33mclass\u001b[39m=\u001b[32m\"max-w-3xl text-sm leading-6 text-muted-foreground\"\u001b[39m\n                  \u001b[36m>\u001b[39m\n                    \u001b[0mEspaço editorial para organizar capítulos, volumes e publicação de light novels com foco em leitura e escrita contínua.\u001b[0m\n                  \u001b[36m</p>\u001b[39m\n                \u001b[36m</div>\u001b[39m\n              \u001b[36m</div>\u001b[39m\n              \u001b[36m<div\u001b[39m\n                \u001b[33mclass\u001b[39m=\u001b[32m\"rounded-[22px] border border-border/50 bg-background/45 p-4 text-left shadow-dedicated-editor-meta lg:text-right\"\u001b[39m\n              \u001b[36m>\u001b[39m\n                \u001b[36m<p\u001b[39m\n                  \u001b[33mclass\u001b[39m=\u001b[32m\"text-[11px] uppercase tracking-[0.12em] text-muted-foreground\"\u001b[39m\n                \u001b[36m>\u001b[39m\n                  \u001b[0mProjeto\u001b[0m\n                \u001b[36m</p>\u001b[39m\n                \u001b[36m<p\u001b[39m\n                  \u001b[33mclass\u001b[39m=\u001b[32m\"mt-1 text-base font-semibold tracking-tight text-foreground\"\u001b[39m\n                \u001b[36m>\u001b[39m\n                  \u001b[0mProjeto Light Novel\u001b[0m\n                \u001b[36m</p>\u001b[39m\n                \u001b[36m<p\u001b[39m\n                  \u001b[33mclass\u001b[39m=\u001b[32m\"mt-1 text-xs leading-5 text-muted-foreground\"\u001b[39m\n                \u001b[36m>\u001b[39m\n                  \u001b[0m4 capítulo(s) disponível(is)\u001b[0m\n                \u001b[36m</p>\u001b[39m\n              \u001b[36m</div>\u001b[39m\n            \u001b[36m</div>\u001b[39m\n          \u001b[36m</section>\u001b[39m\n          \u001b[36m<div\u001b[39m\n            \u001b[33mclass\u001b[39m=\u001b[32m\"sticky top-3 z-20 overflow-hidden rounded-2xl border border-border/60 bg-background/92 shadow-dedicated-editor-sticky backdrop-blur supports-backdrop-filter:bg-background/78\"\u001b[39m\n            \u001b[33mdata-testid\u001b[39m=\u001b[32m\"chapter-editor-command-bar\"\u001b[39m\n          \u001b[36m>\u001b[39m\n            \u001b[36m<div\u001b[39m\n              \u001b[33mclass\u001b[39m=\u001b[32m\"space-y-3 px-4 py-3 md:px-6 lg:px-8\"\u001b[39m\n            \u001b[36m>\u001b[39m\n              \u001b[36m<div\u001b[39m\n                \u001b[33mclass\u001b[39m=\u001b[32m\"flex flex-col gap-3 lg:flex-row lg:items-center lg:justify-between\"\u001b[39m\n                \u001b[33mdata-testid\u001b[39m=\u001b[32m\"chapter-editor-action-rail\"\u001b[39m\n              \u001b[36m>\u001b[39m\n                \u001b[36m<div\u001b[39m\n                  \u001b[33mclass\u001b[39m=\u001b[32m\"flex flex-wrap items-center gap-2\"\u001b[39m\n                  \u001b[33mdata-testid\u001b[39m=\u001b[32m\"chapter-editor-top-status-group\"\u001b[39m\n                \u001b[36m>\u001b[39m\n                  \u001b[36m<div\u001b[39m\n                    \u001b[33mclass\u001b[39m=\u001b[32m\"inline-flex items-center rounded-full border px-2.5 py-0.5 font-semibold transition-colors focus:outline-hidden focus:ring-2 focus:ring-ring/45 border-transparent bg-secondary text-secondary-foreground hover:bg-secondary/80 text-[10px] uppercase tracking-[0.12em]\"\u001b[39m\n                  \u001b[36m>\u001b[39m\n                    \u001b[0mSem alterações pendentes\u001b[0m\n                  \u001b[36m</div>\u001b[39m\n                \u001b[36m</div>\u001b[39m\n                \u001b[36m<div\u001b[39m\n                  \u001b[33mclass\u001b[39m=\u001b[32m\"flex flex-wrap items-center gap-2 lg:justify-end\"\u001b[39m\n                  \u001b[33mdata-testid\u001b[39m=\u001b[32m\"chapter-editor-top-actions\"\u001b[39m\n                \u001b[36m/>\u001b[39m\n              \u001b[36m</div>\u001b[39m\n              \u001b[36m<div\u001b[39m\n                \u001b[33mclass\u001b[39m=\u001b[32m\"flex flex-col gap-3 border-t border-border/50 pt-3 lg:flex-row lg:items-center lg:justify-between\"\u001b[39m\n              \u001b[36m>\u001b[39m\n                \u001b[36m<div\u001b[39m\n                  \u001b[33mclass\u001b[39m=\u001b[32m\"flex flex-wrap items-center gap-2\"\u001b[39m\n                  \u001b[33mdata-testid\u001b[39m=\u001b[32m\"chapter-editor-status-bar\"\u001b[39m\n                \u001b[36m>\u001b[39m\n                  \u001b[36m<div\u001b[39m\n                    \u001b[33mclass\u001b[39m=\u001b[32m\"inline-flex items-center rounded-full border px-2.5 py-0.5 font-semibold transition-colors focus:outline-hidden focus:ring-2 focus:ring-ring/45 text-foreground text-[10px] uppercase tracking-[0.12em]\"\u001b[39m\n                  \u001b[36m>\u001b[39m\n                    \u001b[0mNenhum capítulo aberto\u001b[0m\n                  \u001b[36m</div>\u001b[39m\n                  \u001b[36m<span\u001b[39m\n                    \u001b[33mclass\u001b[39m=\u001b[32m\"text-[11px] text-muted-foreground\"\u001b[39m\n                  \u001b[36m>\u001b[39m\n                    \u001b[0mEscolha um capítulo na sidebar, edite um volume na coluna principal ou use as ferramentas EPUB logo abaixo.\u001b[0m\n                  \u001b[36m</span>\u001b[39m\n                \u001b[36m</div>\u001b[39m\n                \u001b[36m<div\u001b[39m\n                  \u001b[33mclass\u001b[39m=\u001b[32m\"flex flex-wrap items-center gap-2 lg:justify-end\"\u001b[39m\n                  \u001b[33mdata-testid\u001b[39m=\u001b[32m\"chapter-editor-secondary-actions\"\u001b[39m\n                \u001b[36m>\u001b[39m\n                  \u001b[36m<a\u001b[39m\n                    \u001b[33mclass\u001b[39m=\u001b[32m\"inline-flex items-center justify-center gap-2 whitespace-nowrap rounded-xl text-center font-semibold shadow-none transition-[background-color,border-color,color] duration-200 focus-visible:outline-hidden focus-visible:ring-2 focus-visible:ring-ring/45 disabled:pointer-events-none disabled:opacity-50 [&_svg]:pointer-events-none [&_svg]:size-4 [&_svg]:shrink-0 border border-border/70 bg-background text-foreground/70 hover:border-primary/60 hover:bg-primary/5 hover:text-foreground focus-visible:border-primary/60 focus-visible:bg-primary/5 focus-visible:text-foreground h-9 px-3 text-sm\"\u001b[39m\n                    \u001b[33mdata-discover\u001b[39m=\u001b[32m\"true\"\u001b[39m\n                    \u001b[33mhref\u001b[39m=\u001b[32m\"/dashboard/projetos?edit=project-ln-1\"\u001b[39m\n                  \u001b[36m>\u001b[39m\n                    \u001b[36m<svg\u001b[39m\n                      \u001b[33maria-hidden\u001b[39m=\u001b[32m\"true\"\u001b[39m\n                      \u001b[33mclass\u001b[39m=\u001b[32m\"lucide lucide-arrow-left h-4 w-4\"\u001b[39m\n                      \u001b[33mfill\u001b[39m=\u001b[32m\"none\"\u001b[39m\n    ...\n    at waitForWrapper (D:\\dev\\nekomorto\\node_modules\\@testing-library\\dom\\dist\\wait-for.js:163:27)\n    at D:\\dev\\nekomorto\\node_modules\\@testing-library\\dom\\dist\\query-helpers.js:86:33\n    at findVolumeRequiredSaveDialog (D:/dev/nekomorto/src/pages/DashboardProjectChapterEditor.test.tsx:743:10)\n    at D:/dev/nekomorto/src/pages/DashboardProjectChapterEditor.test.tsx:3828:33\n    at file:///D:/dev/nekomorto/node_modules/@vitest/runner/dist/chunk-artifact.js:1903:20"
          ],
          "meta": {},
          "tags": []
        },
        {
          "ancestorTitles": ["DashboardProjectChapterEditor"],
          "fullName": "DashboardProjectChapterEditor preserva o volume atual na URL ao salvar um capítulo ambíguo quando a resposta volta sem volume",
          "status": "passed",
          "title": "preserva o volume atual na URL ao salvar um capítulo ambíguo quando a resposta volta sem volume",
          "duration": 539.9022999999997,
          "failureMessages": [],
          "meta": {},
          "tags": []
        },
        {
          "ancestorTitles": ["DashboardProjectChapterEditor"],
          "fullName": "DashboardProjectChapterEditor preserva ?volume=0 ao salvar um capítulo legado ambíguo quando a resposta volta sem volume",
          "status": "passed",
          "title": "preserva ?volume=0 ao salvar um capítulo legado ambíguo quando a resposta volta sem volume",
          "duration": 191.7599999999984,
          "failureMessages": [],
          "meta": {},
          "tags": []
        },
        {
          "ancestorTitles": ["DashboardProjectChapterEditor"],
          "fullName": "DashboardProjectChapterEditor usa o volume salvo como hint canônico quando o usuário muda o volume e a resposta volta sem esse campo",
          "status": "passed",
          "title": "usa o volume salvo como hint canônico quando o usuário muda o volume e a resposta volta sem esse campo",
          "duration": 89.28849999999875,
          "failureMessages": [],
          "meta": {},
          "tags": []
        },
        {
          "ancestorTitles": ["DashboardProjectChapterEditor"],
          "fullName": "DashboardProjectChapterEditor salva como rascunho com persistência imediata pelo botão contextual",
          "status": "passed",
          "title": "salva como rascunho com persistência imediata pelo botão contextual",
          "duration": 99.72030000000086,
          "failureMessages": [],
          "meta": {},
          "tags": []
        },
        {
          "ancestorTitles": ["DashboardProjectChapterEditor"],
          "fullName": "DashboardProjectChapterEditor publica um rascunho em um clique",
          "status": "passed",
          "title": "publica um rascunho em um clique",
          "duration": 122.14099999999962,
          "failureMessages": [],
          "meta": {},
          "tags": []
        },
        {
          "ancestorTitles": ["DashboardProjectChapterEditor"],
          "fullName": "DashboardProjectChapterEditor bloqueia a publicação local quando o capítulo não tem conteúdo nem fonte completa",
          "status": "passed",
          "title": "bloqueia a publicação local quando o capítulo não tem conteúdo nem fonte completa",
          "duration": 116.96010000000024,
          "failureMessages": [],
          "meta": {},
          "tags": []
        },
        {
          "ancestorTitles": ["DashboardProjectChapterEditor"],
          "fullName": "DashboardProjectChapterEditor preserva o volume atual na URL ao alterar o status de um capítulo ambíguo quando a resposta volta sem volume",
          "status": "passed",
          "title": "preserva o volume atual na URL ao alterar o status de um capítulo ambíguo quando a resposta volta sem volume",
          "duration": 191.09159999999974,
          "failureMessages": [],
          "meta": {},
          "tags": []
        },
        {
          "ancestorTitles": ["DashboardProjectChapterEditor"],
          "fullName": "DashboardProjectChapterEditor preserva ?volume=0 ao alterar o status de um capítulo legado ambíguo quando a resposta volta sem volume",
          "status": "passed",
          "title": "preserva ?volume=0 ao alterar o status de um capítulo legado ambíguo quando a resposta volta sem volume",
          "duration": 65.02080000000205,
          "failureMessages": [],
          "meta": {},
          "tags": []
        },
        {
          "ancestorTitles": ["DashboardProjectChapterEditor"],
          "fullName": "DashboardProjectChapterEditor move um capítulo publicado para rascunho em um clique",
          "status": "passed",
          "title": "move um capítulo publicado para rascunho em um clique",
          "duration": 66.2576999999983,
          "failureMessages": [],
          "meta": {},
          "tags": []
        },
        {
          "ancestorTitles": ["DashboardProjectChapterEditor"],
          "fullName": "DashboardProjectChapterEditor salva pelo atalho Ctrl+S usando o fluxo manual",
          "status": "passed",
          "title": "salva pelo atalho Ctrl+S usando o fluxo manual",
          "duration": 98.20569999999861,
          "failureMessages": [],
          "meta": {},
          "tags": []
        },
        {
          "ancestorTitles": ["DashboardProjectChapterEditor"],
          "fullName": "DashboardProjectChapterEditor abre um modal ao fechar capítulo com alterações não salvas",
          "status": "passed",
          "title": "abre um modal ao fechar capítulo com alterações não salvas",
          "duration": 183.71730000000025,
          "failureMessages": [],
          "meta": {},
          "tags": []
        },
        {
          "ancestorTitles": ["DashboardProjectChapterEditor"],
          "fullName": "DashboardProjectChapterEditor exibe e confirma a exclusão imediata do capítulo",
          "status": "passed",
          "title": "exibe e confirma a exclusão imediata do capítulo",
          "duration": 166.27930000000197,
          "failureMessages": [],
          "meta": {},
          "tags": []
        },
        {
          "ancestorTitles": ["DashboardProjectChapterEditor"],
          "fullName": "DashboardProjectChapterEditor importa EPUB, persiste o projeto e navega para o primeiro capítulo importado",
          "status": "passed",
          "title": "importa EPUB, persiste o projeto e navega para o primeiro capítulo importado",
          "duration": 173.41869999999835,
          "failureMessages": [],
          "meta": {},
          "tags": []
        },
        {
          "ancestorTitles": ["DashboardProjectChapterEditor"],
          "fullName": "DashboardProjectChapterEditor usa a quantidade de capítulos importados quando o payload EPUB não retorna summary",
          "status": "passed",
          "title": "usa a quantidade de capítulos importados quando o payload EPUB não retorna summary",
          "duration": 250.16569999999774,
          "failureMessages": [],
          "meta": {},
          "tags": []
        },
        {
          "ancestorTitles": ["DashboardProjectChapterEditor"],
          "fullName": "DashboardProjectChapterEditor importa EPUB por job assíncrono quando a capability está disponível",
          "status": "passed",
          "title": "importa EPUB por job assíncrono quando a capability está disponível",
          "duration": 88.16119999999864,
          "failureMessages": [],
          "meta": {},
          "tags": []
        },
        {
          "ancestorTitles": ["DashboardProjectChapterEditor"],
          "fullName": "DashboardProjectChapterEditor faz fallback para a rota sincrona quando a rota de jobs retorna 404",
          "status": "passed",
          "title": "faz fallback para a rota sincrona quando a rota de jobs retorna 404",
          "duration": 50.47409999999945,
          "failureMessages": [],
          "meta": {},
          "tags": []
        },
        {
          "ancestorTitles": ["DashboardProjectChapterEditor"],
          "fullName": "DashboardProjectChapterEditor exporta EPUB no estado neutro usando o snapshot atual da página",
          "status": "passed",
          "title": "exporta EPUB no estado neutro usando o snapshot atual da página",
          "duration": 80.5086999999985,
          "failureMessages": [],
          "meta": {},
          "tags": []
        },
        {
          "ancestorTitles": ["DashboardProjectChapterEditor"],
          "fullName": "DashboardProjectChapterEditor mostra estado de capability desconhecido quando o contrato da API falha",
          "status": "passed",
          "title": "mostra estado de capability desconhecido quando o contrato da API falha",
          "duration": 25.995199999997567,
          "failureMessages": [],
          "meta": {},
          "tags": []
        },
        {
          "ancestorTitles": ["DashboardProjectChapterEditor"],
          "fullName": "DashboardProjectChapterEditor permite acessar o editor com grant de projetos sem permissions legadas",
          "status": "passed",
          "title": "permite acessar o editor com grant de projetos sem permissions legadas",
          "duration": 35.063099999999395,
          "failureMessages": [],
          "meta": {},
          "tags": []
        },
        {
          "ancestorTitles": ["DashboardProjectChapterEditor"],
          "fullName": "DashboardProjectChapterEditor permite acessar o editor para owner secundario sem permissions legadas",
          "status": "passed",
          "title": "permite acessar o editor para owner secundario sem permissions legadas",
          "duration": 37.610899999999674,
          "failureMessages": [],
          "meta": {},
          "tags": []
        },
        {
          "ancestorTitles": ["DashboardProjectChapterEditor"],
          "fullName": "DashboardProjectChapterEditor bloqueia o acesso sem permissão de projetos",
          "status": "passed",
          "title": "bloqueia o acesso sem permissão de projetos",
          "duration": 3.4711999999999534,
          "failureMessages": [],
          "meta": {},
          "tags": []
        },
        {
          "ancestorTitles": ["DashboardProjectChapterEditor"],
          "fullName": "DashboardProjectChapterEditor envia kind=error quando o capítulo exige volume na URL",
          "status": "passed",
          "title": "envia kind=error quando o capítulo exige volume na URL",
          "duration": 3.443300000002637,
          "failureMessages": [],
          "meta": {},
          "tags": []
        },
        {
          "ancestorTitles": ["DashboardProjectChapterEditor"],
          "fullName": "DashboardProjectChapterEditor compensa o scroll para acompanhar o card do volume ao fechar o capítulo",
          "status": "passed",
          "title": "compensa o scroll para acompanhar o card do volume ao fechar o capítulo",
          "duration": 147.3757000000005,
          "failureMessages": [],
          "meta": {},
          "tags": []
        },
        {
          "ancestorTitles": ["DashboardProjectChapterEditor"],
          "fullName": "DashboardProjectChapterEditor mantem a ordem manual ao criar capitulo novo em projeto ja reordenado",
          "status": "passed",
          "title": "mantem a ordem manual ao criar capitulo novo em projeto ja reordenado",
          "duration": 74.30330000000322,
          "failureMessages": [],
          "meta": {},
          "tags": []
        },
        {
          "ancestorTitles": ["DashboardProjectChapterEditor"],
          "fullName": "DashboardProjectChapterEditor faz fallback para o estado neutro quando a rota aponta para um capitulo inexistente",
          "status": "passed",
          "title": "faz fallback para o estado neutro quando a rota aponta para um capitulo inexistente",
          "duration": 35.05000000000291,
          "failureMessages": [],
          "meta": {},
          "tags": []
        },
        {
          "ancestorTitles": ["DashboardProjectChapterEditor"],
          "fullName": "DashboardProjectChapterEditor faz fallback para o estado neutro quando a rota recebe um numero de capitulo invalido",
          "status": "passed",
          "title": "faz fallback para o estado neutro quando a rota recebe um numero de capitulo invalido",
          "duration": 37.890199999998,
          "failureMessages": [],
          "meta": {},
          "tags": []
        },
        {
          "ancestorTitles": ["DashboardProjectChapterEditor"],
          "fullName": "DashboardProjectChapterEditor preserva o volume valido ao cair para o estado neutro por rota de capitulo invalida",
          "status": "passed",
          "title": "preserva o volume valido ao cair para o estado neutro por rota de capitulo invalida",
          "duration": 37.780800000000454,
          "failureMessages": [],
          "meta": {},
          "tags": []
        },
        {
          "ancestorTitles": ["DashboardProjectChapterEditor"],
          "fullName": "DashboardProjectChapterEditor limpa a selecao de volume ao cair para o estado neutro com volume invalido na URL",
          "status": "passed",
          "title": "limpa a selecao de volume ao cair para o estado neutro com volume invalido na URL",
          "duration": 66.40209999999934,
          "failureMessages": [],
          "meta": {},
          "tags": []
        }
      ],
      "startTime": 1778371887837,
      "endTime": 1778371904627.402,
      "status": "failed",
      "message": "",
      "name": "D:/dev/nekomorto/src/pages/DashboardProjectChapterEditor.test.tsx"
    }
  ]
}
