{"numTotalTestSuites":2,"numPassedTestSuites":0,"numFailedTestSuites":2,"numPendingTestSuites":0,"numTotalTests":18,"numPassedTests":16,"numFailedTests":2,"numPendingTests":0,"numTodoTests":0,"snapshot":{"added":0,"failure":false,"filesAdded":0,"filesRemoved":0,"filesRemovedList":[],"filesUnmatched":0,"filesUpdated":0,"matched":0,"total":0,"unchecked":0,"uncheckedKeysByFile":[],"unmatched":0,"updated":0,"didUpdate":false},"startTime":1777410783552,"success":false,"testResults":[{"assertionResults":[{"ancestorTitles":["DashboardSettings autosave"],"fullName":"DashboardSettings autosave usa tablist com scroll horizontal invisivel no mobile e triggers sem compressao","status":"passed","title":"usa tablist com scroll horizontal invisivel no mobile e triggers sem compressao","duration":199.9484,"failureMessages":[],"meta":{},"tags":[]},{"ancestorTitles":["DashboardSettings autosave"],"fullName":"DashboardSettings autosave mantem o botao manual desabilitado enquanto as configuracoes carregam","status":"failed","title":"mantem o botao manual desabilitado enquanto as configuracoes carregam","duration":2.7369999999998527,"failureMessages":["ReferenceError: __testing is not defined\n    at D:/dev/nekomorto/src/pages/DashboardSettings.autosave.test.tsx:220:5\n    at file:///D:/dev/nekomorto/node_modules/@vitest/runner/dist/chunk-artifact.js:302:11\n    at file:///D:/dev/nekomorto/node_modules/@vitest/runner/dist/chunk-artifact.js:1903:26\n    at file:///D:/dev/nekomorto/node_modules/@vitest/runner/dist/chunk-artifact.js:2326:20\n    at new Promise (<anonymous>)\n    at runWithCancel (file:///D:/dev/nekomorto/node_modules/@vitest/runner/dist/chunk-artifact.js:2323:10)\n    at file:///D:/dev/nekomorto/node_modules/@vitest/runner/dist/chunk-artifact.js:2305:20\n    at new Promise (<anonymous>)\n    at runWithTimeout (file:///D:/dev/nekomorto/node_modules/@vitest/runner/dist/chunk-artifact.js:2272:10)\n    at file:///D:/dev/nekomorto/node_modules/@vitest/runner/dist/chunk-artifact.js:2955:64"],"meta":{},"tags":[]},{"ancestorTitles":["DashboardSettings autosave"],"fullName":"DashboardSettings autosave nao mostra falha ao salvar quando o autosave em andamento conclui com sucesso","status":"passed","title":"nao mostra falha ao salvar quando o autosave em andamento conclui com sucesso","duration":1528.6816,"failureMessages":[],"meta":{},"tags":[]},{"ancestorTitles":["DashboardSettings autosave"],"fullName":"DashboardSettings autosave editar ajustes gerais dispara apenas PUT /api/settings","status":"passed","title":"editar ajustes gerais dispara apenas PUT /api/settings","duration":1507.8526000000002,"failureMessages":[],"meta":{},"tags":[]},{"ancestorTitles":["DashboardSettings autosave"],"fullName":"DashboardSettings autosave bloqueia save manual antes de resolver settings e salva após o carregamento","status":"failed","title":"bloqueia save manual antes de resolver settings e salva após o carregamento","duration":1.4243999999998778,"failureMessages":["ReferenceError: __testing is not defined\n    at D:/dev/nekomorto/src/pages/DashboardSettings.autosave.test.tsx:322:5\n    at file:///D:/dev/nekomorto/node_modules/@vitest/runner/dist/chunk-artifact.js:302:11\n    at file:///D:/dev/nekomorto/node_modules/@vitest/runner/dist/chunk-artifact.js:1903:26\n    at file:///D:/dev/nekomorto/node_modules/@vitest/runner/dist/chunk-artifact.js:2326:20\n    at new Promise (<anonymous>)\n    at runWithCancel (file:///D:/dev/nekomorto/node_modules/@vitest/runner/dist/chunk-artifact.js:2323:10)\n    at file:///D:/dev/nekomorto/node_modules/@vitest/runner/dist/chunk-artifact.js:2305:20\n    at new Promise (<anonymous>)\n    at runWithTimeout (file:///D:/dev/nekomorto/node_modules/@vitest/runner/dist/chunk-artifact.js:2272:10)\n    at file:///D:/dev/nekomorto/node_modules/@vitest/runner/dist/chunk-artifact.js:2955:64"],"meta":{},"tags":[]},{"ancestorTitles":["DashboardSettings autosave"],"fullName":"DashboardSettings autosave troca de aba nao força save imediato durante blur interno","status":"passed","title":"troca de aba nao força save imediato durante blur interno","duration":1600.4429,"failureMessages":[],"meta":{},"tags":[]},{"ancestorTitles":["DashboardSettings autosave"],"fullName":"DashboardSettings autosave blur para fora da tela faz flush imediato das configuracoes pendentes","status":"passed","title":"blur para fora da tela faz flush imediato das configuracoes pendentes","duration":182.0636999999997,"failureMessages":[],"meta":{},"tags":[]},{"ancestorTitles":["DashboardSettings autosave"],"fullName":"DashboardSettings autosave envia theme.mode no payload de configuracoes","status":"passed","title":"envia theme.mode no payload de configuracoes","duration":1426.5298999999995,"failureMessages":[],"meta":{},"tags":[]},{"ancestorTitles":["DashboardSettings autosave"],"fullName":"DashboardSettings autosave envia theme.useAccentInProgressCard no payload de configuracoes","status":"passed","title":"envia theme.useAccentInProgressCard no payload de configuracoes","duration":1498.7792000000009,"failureMessages":[],"meta":{},"tags":[]},{"ancestorTitles":["DashboardSettings autosave"],"fullName":"DashboardSettings autosave limpa campos legados do leitor no payload de configuracoes","status":"passed","title":"limpa campos legados do leitor no payload de configuracoes","duration":1430.0329000000002,"failureMessages":[],"meta":{},"tags":[]},{"ancestorTitles":["DashboardSettings autosave"],"fullName":"DashboardSettings autosave envia os novos campos de preset do leitor no payload de configuracoes","status":"passed","title":"envia os novos campos de preset do leitor no payload de configuracoes","duration":1617.9588999999996,"failureMessages":[],"meta":{},"tags":[]},{"ancestorTitles":["DashboardSettings autosave"],"fullName":"DashboardSettings autosave editar tradução dispara apenas PUT /api/tag-translations","status":"passed","title":"editar tradução dispara apenas PUT /api/tag-translations","duration":1469.2504000000008,"failureMessages":[],"meta":{},"tags":[]},{"ancestorTitles":["DashboardSettings autosave"],"fullName":"DashboardSettings autosave carrega mais tags automaticamente ao aproximar o scroll do fim","status":"passed","title":"carrega mais tags automaticamente ao aproximar o scroll do fim","duration":323.6431999999986,"failureMessages":[],"meta":{},"tags":[]},{"ancestorTitles":["DashboardSettings autosave"],"fullName":"DashboardSettings autosave editar tipo de link dispara apenas PUT /api/link-types","status":"passed","title":"editar tipo de link dispara apenas PUT /api/link-types","duration":1496.8646000000008,"failureMessages":[],"meta":{},"tags":[]},{"ancestorTitles":["DashboardSettings autosave"],"fullName":"DashboardSettings autosave registra beforeunload quando há alteração pendente","status":"passed","title":"registra beforeunload quando há alteração pendente","duration":347.8636999999999,"failureMessages":[],"meta":{},"tags":[]},{"ancestorTitles":["DashboardSettings autosave"],"fullName":"DashboardSettings autosave renderiza a prévia do footer com nome em uppercase","status":"passed","title":"renderiza a prévia do footer com nome em uppercase","duration":269.7525999999998,"failureMessages":[],"meta":{},"tags":[]},{"ancestorTitles":["DashboardSettings autosave"],"fullName":"DashboardSettings autosave reordena redes sociais do footer via drag-and-drop e salva a nova ordem","status":"passed","title":"reordena redes sociais do footer via drag-and-drop e salva a nova ordem","duration":1598.425900000002,"failureMessages":[],"meta":{},"tags":[]},{"ancestorTitles":["DashboardSettings autosave"],"fullName":"DashboardSettings autosave aplica reveal ao bloco de autosave no header","status":"passed","title":"aplica reveal ao bloco de autosave no header","duration":51.03759999999966,"failureMessages":[],"meta":{},"tags":[]}],"startTime":1777410785433,"endTime":1777410801987.0376,"status":"failed","message":"","name":"D:/dev/nekomorto/src/pages/DashboardSettings.autosave.test.tsx"}]}