{"numTotalTestSuites":850,"numPassedTestSuites":842,"numFailedTestSuites":8,"numPendingTestSuites":0,"numTotalTests":2289,"numPassedTests":2284,"numFailedTests":5,"numPendingTests":0,"numTodoTests":0,"snapshot":{"added":0,"failure":false,"filesAdded":0,"filesRemoved":0,"filesRemovedList":[],"filesUnmatched":0,"filesUpdated":0,"matched":0,"total":0,"unchecked":0,"uncheckedKeysByFile":[],"unmatched":0,"updated":0,"didUpdate":false},"startTime":1777410517391,"success":false,"testResults":[{"assertionResults":[{"ancestorTitles":["App route loading fallback"],"fullName":"App route loading fallback mostra fallback compartilhado quando as rotas lazy ainda nao carregaram","status":"passed","title":"mostra fallback compartilhado quando as rotas lazy ainda nao carregaram","duration":361.5097999999998,"failureMessages":[],"meta":{},"tags":[]}],"startTime":1777410613256,"endTime":1777410613617.5098,"status":"passed","message":"","name":"D:/dev/nekomorto/src/App.loading-fallback.test.tsx"},{"assertionResults":[{"ancestorTitles":["ScrollToTop"],"fullName":"ScrollToTop preserva o scroll na navegacao de volume e volta a rolar em navegacao normal","status":"passed","title":"preserva o scroll na navegacao de volume e volta a rolar em navegacao normal","duration":365.5027,"failureMessages":[],"meta":{},"tags":[]},{"ancestorTitles":["ScrollToTop"],"fullName":"ScrollToTop preserva o scroll em replace in-place de query quando preserveScroll esta no state","status":"passed","title":"preserva o scroll em replace in-place de query quando preserveScroll esta no state","duration":27.029700000000048,"failureMessages":[],"meta":{},"tags":[]},{"ancestorTitles":["ScrollToTop"],"fullName":"ScrollToTop centraliza alvos que pedem scroll no meio da tela ao navegar por hash","status":"passed","title":"centraliza alvos que pedem scroll no meio da tela ao navegar por hash","duration":22.431100000000242,"failureMessages":[],"meta":{},"tags":[]}],"startTime":1777410612313,"endTime":1777410612728.4312,"status":"passed","message":"","name":"D:/dev/nekomorto/src/App.scroll-to-top.test.tsx"},{"assertionResults":[{"ancestorTitles":["App toast defer"],"fullName":"App toast defer nao monta toaster no first render e agenda gate idle com delay de 4000ms","status":"passed","title":"nao monta toaster no first render e agenda gate idle com delay de 4000ms","duration":86.94989999999962,"failureMessages":[],"meta":{},"tags":[]},{"ancestorTitles":["App toast defer"],"fullName":"App toast defer monta toaster quando o callback idle e executado","status":"passed","title":"monta toaster quando o callback idle e executado","duration":319.67509999999993,"failureMessages":[],"meta":{},"tags":[]}],"startTime":1777410614067,"endTime":1777410614473.675,"status":"passed","message":"","name":"D:/dev/nekomorto/src/App.toast-defer.test.tsx"},{"assertionResults":[{"ancestorTitles":["DashboardPreferencesProvider"],"fullName":"DashboardPreferencesProvider carrega preferencias uma vez por currentUser.id e nao reentra em loading com novo objeto do mesmo usuario","status":"passed","title":"carrega preferencias uma vez por currentUser.id e nao reentra em loading com novo objeto do mesmo usuario","duration":37.0299,"failureMessages":[],"meta":{},"tags":[]},{"ancestorTitles":["DashboardPreferencesProvider"],"fullName":"DashboardPreferencesProvider recarrega preferencias quando o currentUser.id muda","status":"passed","title":"recarrega preferencias quando o currentUser.id muda","duration":6.240399999999681,"failureMessages":[],"meta":{},"tags":[]}],"startTime":1777410623020,"endTime":1777410623063.2405,"status":"passed","message":"","name":"D:/dev/nekomorto/src/hooks/dashboard-preferences-provider.test.tsx"},{"assertionResults":[{"ancestorTitles":["DashboardSessionProvider"],"fullName":"DashboardSessionProvider revalida o bootstrap uma vez por mount sem voltar ao loading bloqueante","status":"passed","title":"revalida o bootstrap uma vez por mount sem voltar ao loading bloqueante","duration":40.31660000000011,"failureMessages":[],"meta":{},"tags":[]}],"startTime":1777410623988,"endTime":1777410624028.3167,"status":"passed","message":"","name":"D:/dev/nekomorto/src/hooks/dashboard-session-provider.test.tsx"},{"assertionResults":[{"ancestorTitles":["GlobalShortcutsProvider"],"fullName":"GlobalShortcutsProvider abre a busca com / fora de elementos interativos","status":"passed","title":"abre a busca com / fora de elementos interativos","duration":32.50709999999981,"failureMessages":[],"meta":{},"tags":[]},{"ancestorTitles":["GlobalShortcutsProvider"],"fullName":"GlobalShortcutsProvider ignora / em elementos interativos","status":"passed","title":"ignora / em elementos interativos","duration":323.3888000000002,"failureMessages":[],"meta":{},"tags":[]},{"ancestorTitles":["GlobalShortcutsProvider"],"fullName":"GlobalShortcutsProvider navega com g seguido de d usando o resolver registrado","status":"passed","title":"navega com g seguido de d usando o resolver registrado","duration":12.762099999999919,"failureMessages":[],"meta":{},"tags":[]},{"ancestorTitles":["GlobalShortcutsProvider"],"fullName":"GlobalShortcutsProvider cancela o chord quando expira ou quando a segunda tecla é inválida","status":"passed","title":"cancela o chord quando expira ou quando a segunda tecla é inválida","duration":6.340300000000298,"failureMessages":[],"meta":{},"tags":[]}],"startTime":1777410615878,"endTime":1777410616253.3403,"status":"passed","message":"","name":"D:/dev/nekomorto/src/hooks/global-shortcuts-provider.test.tsx"},{"assertionResults":[{"ancestorTitles":["SiteSettingsProvider initiallyLoaded"],"fullName":"SiteSettingsProvider initiallyLoaded revalida via /api/public/bootstrap quando initiallyLoaded=true","status":"passed","title":"revalida via /api/public/bootstrap quando initiallyLoaded=true","duration":51.60649999999987,"failureMessages":[],"meta":{},"tags":[]},{"ancestorTitles":["SiteSettingsProvider initiallyLoaded"],"fullName":"SiteSettingsProvider initiallyLoaded carrega configuracoes quando inicialmente nao carregado","status":"passed","title":"carrega configuracoes quando inicialmente nao carregado","duration":16.90969999999993,"failureMessages":[],"meta":{},"tags":[]}],"startTime":1777410620656,"endTime":1777410620724.9097,"status":"passed","message":"","name":"D:/dev/nekomorto/src/hooks/site-settings-provider.initially-loaded.test.tsx"},{"assertionResults":[{"ancestorTitles":["ThemeModeProvider"],"fullName":"ThemeModeProvider follows global mode when preference is global","status":"passed","title":"follows global mode when preference is global","duration":56.26299999999992,"failureMessages":[],"meta":{},"tags":[]},{"ancestorTitles":["ThemeModeProvider"],"fullName":"ThemeModeProvider keeps local override above global mode","status":"passed","title":"keeps local override above global mode","duration":40.93049999999994,"failureMessages":[],"meta":{},"tags":[]},{"ancestorTitles":["ThemeModeProvider"],"fullName":"ThemeModeProvider returns to global mode after clearing override","status":"passed","title":"returns to global mode after clearing override","duration":402.8894,"failureMessages":[],"meta":{},"tags":[]},{"ancestorTitles":["ThemeModeProvider"],"fullName":"ThemeModeProvider normalizes unknown local preference to global","status":"passed","title":"normalizes unknown local preference to global","duration":7.146099999999933,"failureMessages":[],"meta":{},"tags":[]},{"ancestorTitles":["ThemeModeProvider"],"fullName":"ThemeModeProvider updates theme-color when the accent changes","status":"passed","title":"updates theme-color when the accent changes","duration":36.16660000000002,"failureMessages":[],"meta":{},"tags":[]},{"ancestorTitles":["ThemeModeProvider"],"fullName":"ThemeModeProvider uses the same theme color across routes for the same accent","status":"passed","title":"uses the same theme color across routes for the same accent","duration":76.92509999999993,"failureMessages":[],"meta":{},"tags":[]},{"ancestorTitles":["ThemeModeProvider"],"fullName":"ThemeModeProvider temporarily disables transitions while switching theme mode","status":"passed","title":"temporarily disables transitions while switching theme mode","duration":79.05209999999988,"failureMessages":[],"meta":{},"tags":[]},{"ancestorTitles":["ThemeModeProvider"],"fullName":"ThemeModeProvider does not create the temporary transition style when only the accent changes","status":"passed","title":"does not create the temporary transition style when only the accent changes","duration":22.71979999999985,"failureMessages":[],"meta":{},"tags":[]},{"ancestorTitles":["ThemeModeProvider"],"fullName":"ThemeModeProvider cleans up temporary theme transition on unmount","status":"passed","title":"cleans up temporary theme transition on unmount","duration":10.171499999999924,"failureMessages":[],"meta":{},"tags":[]},{"ancestorTitles":["ThemeModeProvider"],"fullName":"ThemeModeProvider keeps semantic badges tied to theme tokens in light mode without dark selectors","status":"passed","title":"keeps semantic badges tied to theme tokens in light mode without dark selectors","duration":13.073999999999614,"failureMessages":[],"meta":{},"tags":[]}],"startTime":1777410613919,"endTime":1777410614665.074,"status":"passed","message":"","name":"D:/dev/nekomorto/src/hooks/theme-mode-provider.test.tsx"},{"assertionResults":[{"ancestorTitles":["useAutosave"],"fullName":"useAutosave salva uma vez após várias edições rápidas dentro do debounce","status":"passed","title":"salva uma vez após várias edições rápidas dentro do debounce","duration":21.698399999999765,"failureMessages":[],"meta":{},"tags":[]},{"ancestorTitles":["useAutosave"],"fullName":"useAutosave quando há request em voo, salva novamente apenas o snapshot mais recente","status":"passed","title":"quando há request em voo, salva novamente apenas o snapshot mais recente","duration":3.802299999999832,"failureMessages":[],"meta":{},"tags":[]},{"ancestorTitles":["useAutosave"],"fullName":"useAutosave respeita retry máximo e encerra em erro após falhas consecutivas","status":"passed","title":"respeita retry máximo e encerra em erro após falhas consecutivas","duration":2.787800000000061,"failureMessages":[],"meta":{},"tags":[]},{"ancestorTitles":["useAutosave"],"fullName":"useAutosave flushNow ignora debounce e salva imediatamente","status":"passed","title":"flushNow ignora debounce e salva imediatamente","duration":2.465700000000197,"failureMessages":[],"meta":{},"tags":[]},{"ancestorTitles":["useAutosave"],"fullName":"useAutosave flushNow retorna true quando o baseline e inicializado ao ficar pronto","status":"passed","title":"flushNow retorna true quando o baseline e inicializado ao ficar pronto","duration":2.0640000000003056,"failureMessages":[],"meta":{},"tags":[]},{"ancestorTitles":["useAutosave"],"fullName":"useAutosave flushNow aguarda save em voo e persiste o snapshot mais recente","status":"passed","title":"flushNow aguarda save em voo e persiste o snapshot mais recente","duration":3.4506000000001222,"failureMessages":[],"meta":{},"tags":[]},{"ancestorTitles":["useAutosave"],"fullName":"useAutosave flushNow retorna false apenas quando o save falha apos retries","status":"passed","title":"flushNow retorna false apenas quando o save falha apos retries","duration":1.7743000000000393,"failureMessages":[],"meta":{},"tags":[]}],"startTime":1777410624624,"endTime":1777410624662.7744,"status":"passed","message":"","name":"D:/dev/nekomorto/src/hooks/use-autosave.test.ts"},{"assertionResults":[{"ancestorTitles":["useDeferredVisibility"],"fullName":"useDeferredVisibility observa um sentinel montado depois do render inicial","status":"passed","title":"observa um sentinel montado depois do render inicial","duration":336.7905999999998,"failureMessages":[],"meta":{},"tags":[]},{"ancestorTitles":["useDeferredVisibility"],"fullName":"useDeferredVisibility promove initialVisible para true depois do mount","status":"passed","title":"promove initialVisible para true depois do mount","duration":62.61879999999974,"failureMessages":[],"meta":{},"tags":[]}],"startTime":1777410619154,"endTime":1777410619553.619,"status":"passed","message":"","name":"D:/dev/nekomorto/src/hooks/use-deferred-visibility.test.tsx"},{"assertionResults":[{"ancestorTitles":["useDynamicSynopsisClamp"],"fullName":"useDynamicSynopsisClamp desconta padding vertical do column ao calcular as linhas da sinopse","status":"passed","title":"desconta padding vertical do column ao calcular as linhas da sinopse","duration":34.51110000000017,"failureMessages":[],"meta":{},"tags":[]},{"ancestorTitles":["useDynamicSynopsisClamp"],"fullName":"useDynamicSynopsisClamp nunca produz linhas negativas quando a altura util fica abaixo de zero","status":"passed","title":"nunca produz linhas negativas quando a altura util fica abaixo de zero","duration":8.604000000000042,"failureMessages":[],"meta":{},"tags":[]},{"ancestorTitles":["useDynamicSynopsisClamp"],"fullName":"useDynamicSynopsisClamp aplica um teto responsivo por largura do card antes de considerar a altura util","status":"passed","title":"aplica um teto responsivo por largura do card antes de considerar a altura util","duration":12.406799999999976,"failureMessages":[],"meta":{},"tags":[]},{"ancestorTitles":["useDynamicSynopsisClamp"],"fullName":"useDynamicSynopsisClamp recalcula cards diferentes no mesmo container usando o teto especifico de cada largura","status":"passed","title":"recalcula cards diferentes no mesmo container usando o teto especifico de cada largura","duration":8.000900000000001,"failureMessages":[],"meta":{},"tags":[]}],"startTime":1777410618032,"endTime":1777410618095.001,"status":"passed","message":"","name":"D:/dev/nekomorto/src/hooks/use-dynamic-synopsis-clamp.test.tsx"},{"assertionResults":[{"ancestorTitles":["useEditorScrollLock"],"fullName":"useEditorScrollLock adiciona e remove classes ao alternar enabled","status":"passed","title":"adiciona e remove classes ao alternar enabled","duration":18.996099999999842,"failureMessages":[],"meta":{},"tags":[]},{"ancestorTitles":["useEditorScrollLock"],"fullName":"useEditorScrollLock mantem classes ativas ate o ultimo cleanup em mounts simultaneos","status":"passed","title":"mantem classes ativas ate o ultimo cleanup em mounts simultaneos","duration":4.170999999999822,"failureMessages":[],"meta":{},"tags":[]}],"startTime":1777410626818,"endTime":1777410626841.171,"status":"passed","message":"","name":"D:/dev/nekomorto/src/hooks/use-editor-scroll-lock.test.tsx"},{"assertionResults":[{"ancestorTitles":["useIsMobile"],"fullName":"useIsMobile suporta MediaQueryList legado via addListener/removeListener","status":"passed","title":"suporta MediaQueryList legado via addListener/removeListener","duration":16.604299999999967,"failureMessages":[],"meta":{},"tags":[]}],"startTime":1777410630286,"endTime":1777410630302.6042,"status":"passed","message":"","name":"D:/dev/nekomorto/src/hooks/use-mobile.test.tsx"},{"assertionResults":[{"ancestorTitles":["usePageMeta accessibility metadata"],"fullName":"usePageMeta accessibility metadata writes og:image:alt and twitter:image:alt","status":"passed","title":"writes og:image:alt and twitter:image:alt","duration":35.265300000000025,"failureMessages":[],"meta":{},"tags":[]},{"ancestorTitles":["usePageMeta accessibility metadata"],"fullName":"usePageMeta accessibility metadata falls back to the site default alt text","status":"passed","title":"falls back to the site default alt text","duration":7.563799999999901,"failureMessages":[],"meta":{},"tags":[]},{"ancestorTitles":["usePageMeta accessibility metadata"],"fullName":"usePageMeta accessibility metadata usa a variante og quando ela estiver disponivel","status":"passed","title":"usa a variante og quando ela estiver disponivel","duration":24.515099999999848,"failureMessages":[],"meta":{},"tags":[]},{"ancestorTitles":["usePageMeta accessibility metadata"],"fullName":"usePageMeta accessibility metadata truncates long description across standard, og and twitter tags","status":"passed","title":"truncates long description across standard, og and twitter tags","duration":45.34500000000003,"failureMessages":[],"meta":{},"tags":[]},{"ancestorTitles":["usePageMeta accessibility metadata"],"fullName":"usePageMeta accessibility metadata keeps theme-color equal to the accent across route changes","status":"passed","title":"keeps theme-color equal to the accent across route changes","duration":40.686800000000176,"failureMessages":[],"meta":{},"tags":[]},{"ancestorTitles":["usePageMeta accessibility metadata"],"fullName":"usePageMeta accessibility metadata updates theme-color when the accent changes","status":"passed","title":"updates theme-color when the accent changes","duration":27.774900000000116,"failureMessages":[],"meta":{},"tags":[]}],"startTime":1777410620219,"endTime":1777410620399.775,"status":"passed","message":"","name":"D:/dev/nekomorto/src/hooks/use-page-meta.a11y.test.tsx"},{"assertionResults":[{"ancestorTitles":["usePublicBootstrap store"],"fullName":"usePublicBootstrap store deduplica fetch concorrente entre consumidores","status":"passed","title":"deduplica fetch concorrente entre consumidores","duration":45.6416999999999,"failureMessages":[],"meta":{},"tags":[]},{"ancestorTitles":["usePublicBootstrap store"],"fullName":"usePublicBootstrap store revalida quando o cache fica stale e atualiza com novo payload","status":"passed","title":"revalida quando o cache fica stale e atualiza com novo payload","duration":11.232899999999972,"failureMessages":[],"meta":{},"tags":[]},{"ancestorTitles":["usePublicBootstrap store"],"fullName":"usePublicBootstrap store preserva dados anteriores quando refetch falha por erro de rede","status":"passed","title":"preserva dados anteriores quando refetch falha por erro de rede","duration":476.87710000000015,"failureMessages":[],"meta":{},"tags":[]},{"ancestorTitles":["usePublicBootstrap store"],"fullName":"usePublicBootstrap store revalida imediatamente quando o bootstrap inicial vem em modo critical-home","status":"passed","title":"revalida imediatamente quando o bootstrap inicial vem em modo critical-home","duration":7.145799999999781,"failureMessages":[],"meta":{},"tags":[]},{"ancestorTitles":["usePublicBootstrap store"],"fullName":"usePublicBootstrap store preserva inProgressItems ao normalizar o payload buscado","status":"passed","title":"preserva inProgressItems ao normalizar o payload buscado","duration":3.731000000000222,"failureMessages":[],"meta":{},"tags":[]},{"ancestorTitles":["usePublicBootstrap store"],"fullName":"usePublicBootstrap store expõe lastFetchedAt e só revalida quando a idade mínima expira","status":"passed","title":"expõe lastFetchedAt e só revalida quando a idade mínima expira","duration":52.0625,"failureMessages":[],"meta":{},"tags":[]}],"startTime":1777410609861,"endTime":1777410610458.0625,"status":"passed","message":"","name":"D:/dev/nekomorto/src/hooks/use-public-bootstrap.store.test.tsx"},{"assertionResults":[{"ancestorTitles":["usePublicCurrentUser"],"fullName":"usePublicCurrentUser dedupes /api/public/me across concurrent consumers","status":"passed","title":"dedupes /api/public/me across concurrent consumers","duration":39.259000000000015,"failureMessages":[],"meta":{},"tags":[]}],"startTime":1777410625212,"endTime":1777410625251.259,"status":"passed","message":"","name":"D:/dev/nekomorto/src/hooks/use-public-current-user.test.tsx"},{"assertionResults":[{"ancestorTitles":["useReveal"],"fullName":"useReveal marca elemento como visivel quando ja esta no viewport","status":"passed","title":"marca elemento como visivel quando ja esta no viewport","duration":31.661499999999705,"failureMessages":[],"meta":{},"tags":[]},{"ancestorTitles":["useReveal"],"fullName":"useReveal respeita prefers-reduced-motion e exibe elemento sem animacao de entrada","status":"passed","title":"respeita prefers-reduced-motion e exibe elemento sem animacao de entrada","duration":4.2654999999999745,"failureMessages":[],"meta":{},"tags":[]},{"ancestorTitles":["useReveal"],"fullName":"useReveal revela elemento adicionado via MutationObserver mesmo sem interseccao","status":"passed","title":"revela elemento adicionado via MutationObserver mesmo sem interseccao","duration":18.726799999999912,"failureMessages":[],"meta":{},"tags":[]},{"ancestorTitles":["useReveal"],"fullName":"useReveal mantem elemento visivel quando IntersectionObserver nao existe","status":"passed","title":"mantem elemento visivel quando IntersectionObserver nao existe","duration":21.574999999999818,"failureMessages":[],"meta":{},"tags":[]},{"ancestorTitles":["useReveal"],"fullName":"useReveal nao executa leitura sincrona de layout no fluxo inicial","status":"passed","title":"nao executa leitura sincrona de layout no fluxo inicial","duration":23.46050000000014,"failureMessages":[],"meta":{},"tags":[]},{"ancestorTitles":["useReveal"],"fullName":"useReveal nao registra reveal em rotas de post","status":"passed","title":"nao registra reveal em rotas de post","duration":11.051699999999983,"failureMessages":[],"meta":{},"tags":[]}],"startTime":1777410616992,"endTime":1777410617103.0518,"status":"passed","message":"","name":"D:/dev/nekomorto/src/hooks/use-reveal.test.tsx"},{"assertionResults":[{"ancestorTitles":["AppLoadingFallback"],"fullName":"AppLoadingFallback renderiza spinner com accent compartilhada e label padrão","status":"passed","title":"renderiza spinner com accent compartilhada e label padrão","duration":296.09360000000015,"failureMessages":[],"meta":{},"tags":[]},{"ancestorTitles":["AppLoadingFallback"],"fullName":"AppLoadingFallback usa layout full-screen quando solicitado","status":"passed","title":"usa layout full-screen quando solicitado","duration":11.531600000000253,"failureMessages":[],"meta":{},"tags":[]}],"startTime":1777410615402,"endTime":1777410615709.5315,"status":"passed","message":"","name":"D:/dev/nekomorto/src/components/AppLoadingFallback.test.tsx"},{"assertionResults":[{"ancestorTitles":["CommentsSection auto-refresh"],"fullName":"CommentsSection auto-refresh recarrega comentarios automaticamente apos envio aprovado de staff","status":"passed","title":"recarrega comentarios automaticamente apos envio aprovado de staff","duration":236.5989999999997,"failureMessages":[],"meta":{},"tags":[]},{"ancestorTitles":["CommentsSection auto-refresh"],"fullName":"CommentsSection auto-refresh nao recarrega lista apos envio pendente de usuario comum","status":"passed","title":"nao recarrega lista apos envio pendente de usuario comum","duration":99.66460000000006,"failureMessages":[],"meta":{},"tags":[]},{"ancestorTitles":["CommentsSection auto-refresh"],"fullName":"CommentsSection auto-refresh moderador confirma exclusão antes de chamar DELETE e recebe toast","status":"passed","title":"moderador confirma exclusão antes de chamar DELETE e recebe toast","duration":206.7720000000004,"failureMessages":[],"meta":{},"tags":[]}],"startTime":1777410586853,"endTime":1777410587395.772,"status":"passed","message":"","name":"D:/dev/nekomorto/src/components/CommentsSection.autorefresh.test.tsx"},{"assertionResults":[{"ancestorTitles":["DashboardAutosaveStatus mobile layout"],"fullName":"DashboardAutosaveStatus mobile layout usa container em coluna no mobile e linha no desktop","status":"passed","title":"usa container em coluna no mobile e linha no desktop","duration":51.881900000000314,"failureMessages":[],"meta":{},"tags":[]},{"ancestorTitles":["DashboardAutosaveStatus mobile layout"],"fullName":"DashboardAutosaveStatus mobile layout mantem toggle e botao manual com largura responsiva","status":"passed","title":"mantem toggle e botao manual com largura responsiva","duration":521.4709000000003,"failureMessages":[],"meta":{},"tags":[]},{"ancestorTitles":["DashboardAutosaveStatus mobile layout"],"fullName":"DashboardAutosaveStatus mobile layout usa tom discreto no mobile quando autosave esta ativo e sem erro","status":"passed","title":"usa tom discreto no mobile quando autosave esta ativo e sem erro","duration":102.18589999999995,"failureMessages":[],"meta":{},"tags":[]},{"ancestorTitles":["DashboardAutosaveStatus mobile layout"],"fullName":"DashboardAutosaveStatus mobile layout destaca o botao no mobile quando status esta em erro","status":"passed","title":"destaca o botao no mobile quando status esta em erro","duration":111.17739999999958,"failureMessages":[],"meta":{},"tags":[]},{"ancestorTitles":["DashboardAutosaveStatus mobile layout"],"fullName":"DashboardAutosaveStatus mobile layout destaca o botao no mobile quando autosave esta desativado","status":"passed","title":"destaca o botao no mobile quando autosave esta desativado","duration":69.5308,"failureMessages":[],"meta":{},"tags":[]}],"startTime":1777410606253,"endTime":1777410607109.5308,"status":"passed","message":"","name":"D:/dev/nekomorto/src/components/DashboardAutosaveStatus.mobile-layout.test.tsx"},{"assertionResults":[{"ancestorTitles":["DashboardHeader mobile search layout"],"fullName":"DashboardHeader mobile search layout mantem o header fixo preparado para compensar scroll lock","status":"passed","title":"mantem o header fixo preparado para compensar scroll lock","duration":91.26040000000012,"failureMessages":[],"meta":{},"tags":[]},{"ancestorTitles":["DashboardHeader mobile search layout"],"fullName":"DashboardHeader mobile search layout habilita busca mobile, nao faz fetch eager e renderiza sugestoes remotas","status":"passed","title":"habilita busca mobile, nao faz fetch eager e renderiza sugestoes remotas","duration":1430.2971000000002,"failureMessages":[],"meta":{},"tags":[]},{"ancestorTitles":["DashboardHeader mobile search layout"],"fullName":"DashboardHeader mobile search layout mantem badges de projetos remotos em uma linha sem cortar o rodape do card","status":"passed","title":"mantem badges de projetos remotos em uma linha sem cortar o rodape do card","duration":437.6534999999999,"failureMessages":[],"meta":{},"tags":[]},{"ancestorTitles":["DashboardHeader mobile search layout"],"fullName":"DashboardHeader mobile search layout mantem a ordem no desktop com links antes da busca e busca antes das acoes","status":"passed","title":"mantem a ordem no desktop com links antes da busca e busca antes das acoes","duration":101.98739999999998,"failureMessages":[],"meta":{},"tags":[]},{"ancestorTitles":["DashboardHeader mobile search layout"],"fullName":"DashboardHeader mobile search layout abre a busca com / e ignora Ctrl/Cmd+K dentro do campo de busca","status":"passed","title":"abre a busca com / e ignora Ctrl/Cmd+K dentro do campo de busca","duration":63.395100000000184,"failureMessages":[],"meta":{},"tags":[]},{"ancestorTitles":["DashboardHeader mobile search layout"],"fullName":"DashboardHeader mobile search layout nao redireciona e exibe toast quando logout falha","status":"passed","title":"nao redireciona e exibe toast quando logout falha","duration":505.0101999999997,"failureMessages":[],"meta":{},"tags":[]},{"ancestorTitles":["DashboardHeader mobile search layout"],"fullName":"DashboardHeader mobile search layout renderiza toggle de tema sem fetch publico eager","status":"passed","title":"renderiza toggle de tema sem fetch publico eager","duration":92.4998999999998,"failureMessages":[],"meta":{},"tags":[]},{"ancestorTitles":["DashboardHeader mobile search layout"],"fullName":"DashboardHeader mobile search layout monta os menus do cabecalho somente quando abertos","status":"passed","title":"monta os menus do cabecalho somente quando abertos","duration":424.52999999999975,"failureMessages":[],"meta":{},"tags":[]}],"startTime":1777410570955,"endTime":1777410574101.53,"status":"passed","message":"","name":"D:/dev/nekomorto/src/components/DashboardHeader.mobile-search-layout.test.tsx"},{"assertionResults":[{"ancestorTitles":["DashboardShell avatar render"],"fullName":"DashboardShell avatar render mantem o avatar centralizado e totalmente contido no card quando colapsado","status":"passed","title":"mantem o avatar centralizado e totalmente contido no card quando colapsado","duration":52.9679000000001,"failureMessages":[],"meta":{},"tags":[]},{"ancestorTitles":["DashboardShell avatar render"],"fullName":"DashboardShell avatar render ja aplica a geometria final do avatar no inicio do colapso","status":"passed","title":"ja aplica a geometria final do avatar no inicio do colapso","duration":64.53200000000015,"failureMessages":[],"meta":{},"tags":[]},{"ancestorTitles":["DashboardShell avatar render"],"fullName":"DashboardShell avatar render mantem o avatar expandido ate o texto realmente aparecer na abertura","status":"passed","title":"mantem o avatar expandido ate o texto realmente aparecer na abertura","duration":30.028899999999794,"failureMessages":[],"meta":{},"tags":[]},{"ancestorTitles":["DashboardShell avatar render"],"fullName":"DashboardShell avatar render renderiza fallback de iniciais no estado colapsado sem deslocar o avatar","status":"passed","title":"renderiza fallback de iniciais no estado colapsado sem deslocar o avatar","duration":33.24189999999999,"failureMessages":[],"meta":{},"tags":[]},{"ancestorTitles":["DashboardShell avatar render"],"fullName":"DashboardShell avatar render mantem um unico avatar e anima o texto de forma simetrica entre expandir e colapsar","status":"passed","title":"mantem um unico avatar e anima o texto de forma simetrica entre expandir e colapsar","duration":38.03839999999991,"failureMessages":[],"meta":{},"tags":[]},{"ancestorTitles":["DashboardShell avatar render"],"fullName":"DashboardShell avatar render mostra o papel do usuário no lugar do @username","status":"passed","title":"mostra o papel do usuário no lugar do @username","duration":18.688700000000154,"failureMessages":[],"meta":{},"tags":[]},{"ancestorTitles":["DashboardShell avatar render"],"fullName":"DashboardShell avatar render dispara o clique no card inteiro quando o perfil pode ser aberto","status":"passed","title":"dispara o clique no card inteiro quando o perfil pode ser aberto","duration":154.63689999999997,"failureMessages":[],"meta":{},"tags":[]},{"ancestorTitles":["DashboardShell avatar render"],"fullName":"DashboardShell avatar render aplica revision na mesma URL canonica do avatar","status":"passed","title":"aplica revision na mesma URL canonica do avatar","duration":15.429600000000391,"failureMessages":[],"meta":{},"tags":[]},{"ancestorTitles":["DashboardShell avatar render"],"fullName":"DashboardShell avatar render mantem proxy same-origin do Discord e adiciona revision visual","status":"passed","title":"mantem proxy same-origin do Discord e adiciona revision visual","duration":15.005099999999857,"failureMessages":[],"meta":{},"tags":[]}],"startTime":1777410604327,"endTime":1777410604750.0051,"status":"passed","message":"","name":"D:/dev/nekomorto/src/components/DashboardShell.avatar-render.test.tsx"},{"assertionResults":[{"ancestorTitles":["DashboardShell menu permissions"],"fullName":"DashboardShell menu permissions renders only allowed dashboard entries from grants","status":"passed","title":"renders only allowed dashboard entries from grants","duration":1422.3537999999999,"failureMessages":[],"meta":{},"tags":[]},{"ancestorTitles":["DashboardShell menu permissions"],"fullName":"DashboardShell menu permissions exibe Configurações quando grant de configuracoes esta habilitado","status":"passed","title":"exibe Configurações quando grant de configuracoes esta habilitado","duration":216.26220000000012,"failureMessages":[],"meta":{},"tags":[]},{"ancestorTitles":["DashboardShell menu permissions"],"fullName":"DashboardShell menu permissions respeita grants explicitos na navegação","status":"passed","title":"respeita grants explicitos na navegação","duration":44.74629999999979,"failureMessages":[],"meta":{},"tags":[]},{"ancestorTitles":["DashboardShell menu permissions"],"fullName":"DashboardShell menu permissions oculta Segurança para admin não-owner e mostra para owner","status":"passed","title":"oculta Segurança para admin não-owner e mostra para owner","duration":43.05510000000004,"failureMessages":[],"meta":{},"tags":[]},{"ancestorTitles":["DashboardShell menu permissions"],"fullName":"DashboardShell menu permissions mantém estado neutro durante loading sem reaproveitar usuário anterior","status":"passed","title":"mantém estado neutro durante loading sem reaproveitar usuário anterior","duration":81.29689999999982,"failureMessages":[],"meta":{},"tags":[]},{"ancestorTitles":["DashboardShell menu permissions"],"fullName":"DashboardShell menu permissions adds and removes the dashboard scrollbar gutter class with the shell lifecycle","status":"passed","title":"adds and removes the dashboard scrollbar gutter class with the shell lifecycle","duration":32.796600000000126,"failureMessages":[],"meta":{},"tags":[]}],"startTime":1777410587835,"endTime":1777410589675.7966,"status":"passed","message":"","name":"D:/dev/nekomorto/src/components/DashboardShell.menu-permissions.test.tsx"},{"assertionResults":[{"ancestorTitles":["DiscordInviteCard"],"fullName":"DiscordInviteCard renderiza os textos configurados","status":"passed","title":"renderiza os textos configurados","duration":1152.462,"failureMessages":[],"meta":{},"tags":[]},{"ancestorTitles":["DiscordInviteCard"],"fullName":"DiscordInviteCard usa a ctaUrl configurada quando preenchida","status":"passed","title":"usa a ctaUrl configurada quando preenchida","duration":207.30690000000004,"failureMessages":[],"meta":{},"tags":[]},{"ancestorTitles":["DiscordInviteCard"],"fullName":"DiscordInviteCard faz fallback para community.discordUrl quando ctaUrl estiver vazia","status":"passed","title":"faz fallback para community.discordUrl quando ctaUrl estiver vazia","duration":41.44489999999996,"failureMessages":[],"meta":{},"tags":[]},{"ancestorTitles":["DiscordInviteCard"],"fullName":"DiscordInviteCard nao exibe redes sociais do footer","status":"passed","title":"nao exibe redes sociais do footer","duration":33.85470000000032,"failureMessages":[],"meta":{},"tags":[]}],"startTime":1777410611101,"endTime":1777410612536.8547,"status":"passed","message":"","name":"D:/dev/nekomorto/src/components/DiscordInviteCard.test.tsx"},{"assertionResults":[{"ancestorTitles":["Footer copyright text"],"fullName":"Footer copyright text allows overriding the footer shell background","status":"passed","title":"allows overriding the footer shell background","duration":273.7957000000001,"failureMessages":[],"meta":{},"tags":[]},{"ancestorTitles":["Footer copyright text"],"fullName":"Footer copyright text renders copyright as plain text and legal links separately","status":"passed","title":"renders copyright as plain text and legal links separately","duration":300.2826,"failureMessages":[],"meta":{},"tags":[]},{"ancestorTitles":["Footer copyright text"],"fullName":"Footer copyright text uses an opaque footer shell without external top margin","status":"passed","title":"uses an opaque footer shell without external top margin","duration":81.44560000000001,"failureMessages":[],"meta":{},"tags":[]}],"startTime":1777410601477,"endTime":1777410602132.4456,"status":"passed","message":"","name":"D:/dev/nekomorto/src/components/Footer.link-distinction.test.tsx"},{"assertionResults":[{"ancestorTitles":["Footer social icon theme tint"],"fullName":"Footer social icon theme tint usa mask para icone social custom e mantem tint por currentColor","status":"passed","title":"usa mask para icone social custom e mantem tint por currentColor","duration":407.01110000000017,"failureMessages":[],"meta":{},"tags":[]}],"startTime":1777410598851,"endTime":1777410599258.011,"status":"passed","message":"","name":"D:/dev/nekomorto/src/components/Footer.social-icon-theme.test.tsx"},{"assertionResults":[{"ancestorTitles":["Header discord avatar proxy"],"fullName":"Header discord avatar proxy resolve o avatar do usuario atual para o proxy same-origin antes do menu do header","status":"passed","title":"resolve o avatar do usuario atual para o proxy same-origin antes do menu do header","duration":159.91300000000024,"failureMessages":[],"meta":{},"tags":[]},{"ancestorTitles":["Header discord avatar proxy"],"fullName":"Header discord avatar proxy anexa a revision em avatars locais para invalidar cache na navbar publica","status":"passed","title":"anexa a revision em avatars locais para invalidar cache na navbar publica","duration":31.376800000000003,"failureMessages":[],"meta":{},"tags":[]}],"startTime":1777410603755,"endTime":1777410603946.3767,"status":"passed","message":"","name":"D:/dev/nekomorto/src/components/Header.discord-avatar.test.tsx"},{"assertionResults":[{"ancestorTitles":["Header mobile search layout"],"fullName":"Header mobile search layout não agenda preload de menus em idle no mobile","status":"passed","title":"não agenda preload de menus em idle no mobile","duration":48.71149999999989,"failureMessages":[],"meta":{},"tags":[]},{"ancestorTitles":["Header mobile search layout"],"fullName":"Header mobile search layout schedules menu preload on idle on desktop","status":"passed","title":"schedules menu preload on idle on desktop","duration":65.50340000000006,"failureMessages":[],"meta":{},"tags":[]},{"ancestorTitles":["Header mobile search layout"],"fullName":"Header mobile search layout disables idle menu preload on reading and posting routes","status":"passed","title":"disables idle menu preload on reading and posting routes","duration":40.01090000000022,"failureMessages":[],"meta":{},"tags":[]},{"ancestorTitles":["Header mobile search layout"],"fullName":"Header mobile search layout aplica gradiente abaixo do header fixo apenas após scroll","status":"passed","title":"aplica gradiente abaixo do header fixo apenas após scroll","duration":296.962,"failureMessages":[],"meta":{},"tags":[]},{"ancestorTitles":["Header mobile search layout"],"fullName":"Header mobile search layout não aplica gradiente no variant static, mesmo com scroll","status":"passed","title":"não aplica gradiente no variant static, mesmo com scroll","duration":45.35269999999991,"failureMessages":[],"meta":{},"tags":[]},{"ancestorTitles":["Header mobile search layout"],"fullName":"Header mobile search layout não aplica gradiente quando o header fixo desabilita a sombra inferior","status":"passed","title":"não aplica gradiente quando o header fixo desabilita a sombra inferior","duration":79.69920000000002,"failureMessages":[],"meta":{},"tags":[]},{"ancestorTitles":["Header mobile search layout"],"fullName":"Header mobile search layout não dispara fetch de perfil quando a revalidação idle não executa","status":"passed","title":"não dispara fetch de perfil quando a revalidação idle não executa","duration":29.10839999999962,"failureMessages":[],"meta":{},"tags":[]},{"ancestorTitles":["Header mobile search layout"],"fullName":"Header mobile search layout busca /api/public/me imediatamente quando nao ha bootstrap de usuario","status":"passed","title":"busca /api/public/me imediatamente quando nao ha bootstrap de usuario","duration":18.960000000000036,"failureMessages":[],"meta":{},"tags":[]},{"ancestorTitles":["Header mobile search layout"],"fullName":"Header mobile search layout revalida imediatamente /api/public/me quando bootstrap SSR e anonimo","status":"passed","title":"revalida imediatamente /api/public/me quando bootstrap SSR e anonimo","duration":30.2192,"failureMessages":[],"meta":{},"tags":[]},{"ancestorTitles":["Header mobile search layout"],"fullName":"Header mobile search layout agenda revalidacao de /api/public/me quando bootstrap SSR possui usuario","status":"passed","title":"agenda revalidacao de /api/public/me quando bootstrap SSR possui usuario","duration":99.57899999999972,"failureMessages":[],"meta":{},"tags":[]},{"ancestorTitles":["Header mobile search layout"],"fullName":"Header mobile search layout oculta clusters, centraliza busca e restaura estado ao fechar no mobile","status":"passed","title":"oculta clusters, centraliza busca e restaura estado ao fechar no mobile","duration":498.59349999999995,"failureMessages":[],"meta":{},"tags":[]},{"ancestorTitles":["Header mobile search layout"],"fullName":"Header mobile search layout dispara busca com debounce e renderiza sugestoes remotas","status":"passed","title":"dispara busca com debounce e renderiza sugestoes remotas","duration":349.9184,"failureMessages":[],"meta":{},"tags":[]},{"ancestorTitles":["Header mobile search layout"],"fullName":"Header mobile search layout mantem itens renderizados e oculta loading durante nova busca em andamento","status":"passed","title":"mantem itens renderizados e oculta loading durante nova busca em andamento","duration":549.0029999999997,"failureMessages":[],"meta":{},"tags":[]},{"ancestorTitles":["Header mobile search layout"],"fullName":"Header mobile search layout exibe loading quando busca esta carregando e ainda nao ha itens","status":"passed","title":"exibe loading quando busca esta carregando e ainda nao ha itens","duration":303.35050000000047,"failureMessages":[],"meta":{},"tags":[]},{"ancestorTitles":["Header mobile search layout"],"fullName":"Header mobile search layout mantem badges de projetos remotos em uma linha com overflow oculto","status":"passed","title":"mantem badges de projetos remotos em uma linha com overflow oculto","duration":435.71540000000005,"failureMessages":[],"meta":{},"tags":[]},{"ancestorTitles":["Header mobile search layout"],"fullName":"Header mobile search layout aplica o clamp seguro calculado quando o hook retorna menos linhas para a sinopse","status":"passed","title":"aplica o clamp seguro calculado quando o hook retorna menos linhas para a sinopse","duration":364.3705,"failureMessages":[],"meta":{},"tags":[]},{"ancestorTitles":["Header mobile search layout"],"fullName":"Header mobile search layout usa fallback local quando a busca remota falha","status":"passed","title":"usa fallback local quando a busca remota falha","duration":392.3341999999993,"failureMessages":[],"meta":{},"tags":[]},{"ancestorTitles":["Header mobile search layout"],"fullName":"Header mobile search layout mantem a ordem no desktop com links antes da busca e busca antes das acoes","status":"passed","title":"mantem a ordem no desktop com links antes da busca e busca antes das acoes","duration":47.03889999999956,"failureMessages":[],"meta":{},"tags":[]},{"ancestorTitles":["Header mobile search layout"],"fullName":"Header mobile search layout usa breakpoint lg para navbar completa, hamburguer e nome do usuario","status":"passed","title":"usa breakpoint lg para navbar completa, hamburguer e nome do usuario","duration":99.70000000000073,"failureMessages":[],"meta":{},"tags":[]},{"ancestorTitles":["Header mobile search layout"],"fullName":"Header mobile search layout renderiza toggle de tema no header","status":"passed","title":"renderiza toggle de tema no header","duration":40.4380000000001,"failureMessages":[],"meta":{},"tags":[]},{"ancestorTitles":["Header mobile search layout"],"fullName":"Header mobile search layout abre a busca com / quando o foco nao esta em elementos interativos","status":"passed","title":"abre a busca com / quando o foco nao esta em elementos interativos","duration":33.53700000000026,"failureMessages":[],"meta":{},"tags":[]},{"ancestorTitles":["Header mobile search layout"],"fullName":"Header mobile search layout ignora / quando o foco esta em um botao","status":"passed","title":"ignora / quando o foco esta em um botao","duration":38.92309999999998,"failureMessages":[],"meta":{},"tags":[]},{"ancestorTitles":["Header mobile search layout"],"fullName":"Header mobile search layout não redireciona e exibe toast quando logout falha","status":"passed","title":"não redireciona e exibe toast quando logout falha","duration":613.5613999999996,"failureMessages":[],"meta":{},"tags":[]},{"ancestorTitles":["Header mobile search layout"],"fullName":"Header mobile search layout renderiza poster otimizado para thumbnails remotos da busca","status":"passed","title":"renderiza poster otimizado para thumbnails remotos da busca","duration":889.1751999999997,"failureMessages":[],"meta":{},"tags":[]}],"startTime":1777410535809,"endTime":1777410541220.1753,"status":"passed","message":"","name":"D:/dev/nekomorto/src/components/Header.mobile-search-layout.test.tsx"},{"assertionResults":[{"ancestorTitles":["HeroSection cover fit"],"fullName":"HeroSection cover fit renderiza o slide com altura responsiva e imagem em cover central","status":"passed","title":"renderiza o slide com altura responsiva e imagem em cover central","duration":1033.7914,"failureMessages":[],"meta":{},"tags":[]},{"ancestorTitles":["HeroSection cover fit"],"fullName":"HeroSection cover fit mantem badge de ultimo lancamento acima de tipo/status no mobile","status":"passed","title":"mantem badge de ultimo lancamento acima de tipo/status no mobile","duration":177.6293999999998,"failureMessages":[],"meta":{},"tags":[]},{"ancestorTitles":["HeroSection cover fit"],"fullName":"HeroSection cover fit aplica animacao escalonada em tipo, separador, status e titulo no modo carrossel","status":"passed","title":"aplica animacao escalonada em tipo, separador, status e titulo no modo carrossel","duration":279.1675,"failureMessages":[],"meta":{},"tags":[]},{"ancestorTitles":["HeroSection cover fit"],"fullName":"HeroSection cover fit monta a estrutura completa do carrossel no primeiro render mesmo antes do idle","status":"passed","title":"monta a estrutura completa do carrossel no primeiro render mesmo antes do idle","duration":57.45170000000007,"failureMessages":[],"meta":{},"tags":[]},{"ancestorTitles":["HeroSection cover fit"],"fullName":"HeroSection cover fit remove as animacoes de entrada do primeiro slide quando o shell inicial existe","status":"passed","title":"remove as animacoes de entrada do primeiro slide quando o shell inicial existe","duration":34.146400000000085,"failureMessages":[],"meta":{},"tags":[]},{"ancestorTitles":["HeroSection cover fit"],"fullName":"HeroSection cover fit inicia autoplay do carrossel em 6s","status":"passed","title":"inicia autoplay do carrossel em 6s","duration":96.58800000000019,"failureMessages":[],"meta":{},"tags":[]},{"ancestorTitles":["HeroSection cover fit"],"fullName":"HeroSection cover fit retoma autoplay 3s depois de interacao manual e volta a avancar apos 6s","status":"passed","title":"retoma autoplay 3s depois de interacao manual e volta a avancar apos 6s","duration":142.91450000000032,"failureMessages":[],"meta":{},"tags":[]},{"ancestorTitles":["HeroSection cover fit"],"fullName":"HeroSection cover fit renderiza overlay superior para contraste da navbar no tema claro","status":"passed","title":"renderiza overlay superior para contraste da navbar no tema claro","duration":62.041499999999814,"failureMessages":[],"meta":{},"tags":[]},{"ancestorTitles":["HeroSection cover fit"],"fullName":"HeroSection cover fit nao renderiza overlay superior no tema escuro","status":"passed","title":"nao renderiza overlay superior no tema escuro","duration":61.35410000000047,"failureMessages":[],"meta":{},"tags":[]},{"ancestorTitles":["HeroSection cover fit"],"fullName":"HeroSection cover fit prioriza o ultimo lancamento de manga quando o bootstrap publico o inclui nos updates","status":"passed","title":"prioriza o ultimo lancamento de manga quando o bootstrap publico o inclui nos updates","duration":90.5634,"failureMessages":[],"meta":{},"tags":[]}],"startTime":1777410582662,"endTime":1777410584697.5635,"status":"passed","message":"","name":"D:/dev/nekomorto/src/components/HeroSection.cover-fit.test.tsx"},{"assertionResults":[{"ancestorTitles":["HeroSection home hero readiness"],"fullName":"HeroSection home hero readiness dispatches the hero ready event once after the primary image loads","status":"passed","title":"dispatches the hero ready event once after the primary image loads","duration":283.5220999999997,"failureMessages":[],"meta":{},"tags":[]},{"ancestorTitles":["HeroSection home hero readiness"],"fullName":"HeroSection home hero readiness dispatches the hero ready event when the primary image is already complete","status":"passed","title":"dispatches the hero ready event when the primary image is already complete","duration":57.47470000000021,"failureMessages":[],"meta":{},"tags":[]},{"ancestorTitles":["HeroSection home hero readiness"],"fullName":"HeroSection home hero readiness dispatches the hero ready event when the primary image errors","status":"passed","title":"dispatches the hero ready event when the primary image errors","duration":34.0927999999999,"failureMessages":[],"meta":{},"tags":[]}],"startTime":1777410609244,"endTime":1777410609619.0928,"status":"passed","message":"","name":"D:/dev/nekomorto/src/components/HeroSection.home-hero-ready.test.tsx"},{"assertionResults":[{"ancestorTitles":["ImageLibraryDialog accordion context"],"fullName":"ImageLibraryDialog accordion context uploads iniciam com apenas o contexto atual expandido","status":"passed","title":"uploads iniciam com apenas o contexto atual expandido","duration":940.4126000000001,"failureMessages":[],"meta":{},"tags":[]},{"ancestorTitles":["ImageLibraryDialog accordion context"],"fullName":"ImageLibraryDialog accordion context uploads aplicam fallback para ancestral mais proximo quando contexto nao existe","status":"passed","title":"uploads aplicam fallback para ancestral mais proximo quando contexto nao existe","duration":488.6066999999998,"failureMessages":[],"meta":{},"tags":[]},{"ancestorTitles":["ImageLibraryDialog accordion context"],"fullName":"ImageLibraryDialog accordion context nao sobrescreve escolha manual enquanto aberto e reaplica defaults ao reabrir","status":"passed","title":"nao sobrescreve escolha manual enquanto aberto e reaplica defaults ao reabrir","duration":1033.7174999999997,"failureMessages":[],"meta":{},"tags":[]},{"ancestorTitles":["ImageLibraryDialog accordion context"],"fullName":"ImageLibraryDialog accordion context imagens de projeto em by-project abrem apenas projeto e pasta de contexto","status":"passed","title":"imagens de projeto em by-project abrem apenas projeto e pasta de contexto","duration":1096.9038,"failureMessages":[],"meta":{},"tags":[]},{"ancestorTitles":["ImageLibraryDialog accordion context"],"fullName":"ImageLibraryDialog accordion context imagens de projeto aplicam fallback ancestral para pasta quando capitulo nao existe","status":"passed","title":"imagens de projeto aplicam fallback ancestral para pasta quando capitulo nao existe","duration":489.3809999999994,"failureMessages":[],"meta":{},"tags":[]},{"ancestorTitles":["ImageLibraryDialog accordion context"],"fullName":"ImageLibraryDialog accordion context faz fallback do filtro inicial para todas as pastas quando o contexto atual e uma pasta de projeto removida do dropdown","status":"passed","title":"faz fallback do filtro inicial para todas as pastas quando o contexto atual e uma pasta de projeto removida do dropdown","duration":349.9507000000003,"failureMessages":[],"meta":{},"tags":[]},{"ancestorTitles":["ImageLibraryDialog accordion context"],"fullName":"ImageLibraryDialog accordion context usa rotulos nao ambiguos no topo quando a biblioteca mistura varias raizes de projeto","status":"passed","title":"usa rotulos nao ambiguos no topo quando a biblioteca mistura varias raizes de projeto","duration":283.28629999999976,"failureMessages":[],"meta":{},"tags":[]},{"ancestorTitles":["ImageLibraryDialog accordion context"],"fullName":"ImageLibraryDialog accordion context remove uploads duplicados do topo em bibliotecas de projeto especificas e preserva uploads exclusivos","status":"passed","title":"remove uploads duplicados do topo em bibliotecas de projeto especificas e preserva uploads exclusivos","duration":330.1349,"failureMessages":[],"meta":{},"tags":[]}],"startTime":1777410542592,"endTime":1777410547604.135,"status":"passed","message":"","name":"D:/dev/nekomorto/src/components/ImageLibraryDialog.accordion-context.test.tsx"},{"assertionResults":[{"ancestorTitles":["ImageLibraryDialog alt text editor"],"fullName":"ImageLibraryDialog alt text editor abre a edicao de texto alternativo para uploads e salva no endpoint dedicado","status":"passed","title":"abre a edicao de texto alternativo para uploads e salva no endpoint dedicado","duration":1567.7212999999997,"failureMessages":[],"meta":{},"tags":[]}],"startTime":1777410571661,"endTime":1777410573228.7212,"status":"passed","message":"","name":"D:/dev/nekomorto/src/components/ImageLibraryDialog.alt-text.test.tsx"},{"assertionResults":[{"ancestorTitles":["ImageLibraryDialog avatar crop flow"],"fullName":"ImageLibraryDialog avatar crop flow mantem o foco do menu contextual fora de ancestrais aria-hidden","status":"passed","title":"mantem o foco do menu contextual fora de ancestrais aria-hidden","duration":1446.5380000000005,"failureMessages":[],"meta":{},"tags":[]},{"ancestorTitles":["ImageLibraryDialog avatar crop flow"],"fullName":"ImageLibraryDialog avatar crop flow abre editor de avatar somente quando cropAvatar estiver habilitado","status":"passed","title":"abre editor de avatar somente quando cropAvatar estiver habilitado","duration":1889.3701,"failureMessages":[],"meta":{},"tags":[]},{"ancestorTitles":["ImageLibraryDialog avatar crop flow"],"fullName":"ImageLibraryDialog avatar crop flow aplica crop e envia upload com slot deterministico do usuario","status":"passed","title":"aplica crop e envia upload com slot deterministico do usuario","duration":1088.1151999999993,"failureMessages":[],"meta":{},"tags":[]},{"ancestorTitles":["ImageLibraryDialog avatar crop flow"],"fullName":"ImageLibraryDialog avatar crop flow exibe toast de sucesso ao importar imagem por URL","status":"passed","title":"exibe toast de sucesso ao importar imagem por URL","duration":752.2067999999999,"failureMessages":[],"meta":{},"tags":[]},{"ancestorTitles":["ImageLibraryDialog avatar crop flow"],"fullName":"ImageLibraryDialog avatar crop flow exibe toast de sucesso ao enviar imagem por arquivo","status":"passed","title":"exibe toast de sucesso ao enviar imagem por arquivo","duration":435.5627999999997,"failureMessages":[],"meta":{},"tags":[]},{"ancestorTitles":["ImageLibraryDialog avatar crop flow"],"fullName":"ImageLibraryDialog avatar crop flow exibe toast de sucesso ao renomear imagem","status":"passed","title":"exibe toast de sucesso ao renomear imagem","duration":648.2868999999992,"failureMessages":[],"meta":{},"tags":[]},{"ancestorTitles":["ImageLibraryDialog avatar crop flow"],"fullName":"ImageLibraryDialog avatar crop flow exibe toast de sucesso ao excluir imagem","status":"passed","title":"exibe toast de sucesso ao excluir imagem","duration":425.2574999999997,"failureMessages":[],"meta":{},"tags":[]},{"ancestorTitles":["ImageLibraryDialog avatar crop flow"],"fullName":"ImageLibraryDialog avatar crop flow oculta acoes de gestao quando o fluxo de avatar usa permissao limitada","status":"passed","title":"oculta acoes de gestao quando o fluxo de avatar usa permissao limitada","duration":156.92109999999957,"failureMessages":[],"meta":{},"tags":[]},{"ancestorTitles":["ImageLibraryDialog avatar crop flow"],"fullName":"ImageLibraryDialog avatar crop flow bloqueia salvar no fluxo de avatar quando a selecao nao e o slot final recortado","status":"passed","title":"bloqueia salvar no fluxo de avatar quando a selecao nao e o slot final recortado","duration":442.3151000000016,"failureMessages":[],"meta":{},"tags":[]},{"ancestorTitles":["ImageLibraryDialog avatar crop flow"],"fullName":"ImageLibraryDialog avatar crop flow impede aplicar crop sem cropSlot e nao envia upload","status":"passed","title":"impede aplicar crop sem cropSlot e nao envia upload","duration":588.4216000000015,"failureMessages":[],"meta":{},"tags":[]},{"ancestorTitles":["ImageLibraryDialog avatar crop flow"],"fullName":"ImageLibraryDialog avatar crop flow mantem visivel o avatar atual legado e oculta outros avatares finais no fluxo de avatar","status":"passed","title":"mantem visivel o avatar atual legado e oculta outros avatares finais no fluxo de avatar","duration":451.22990000000027,"failureMessages":[],"meta":{},"tags":[]},{"ancestorTitles":["ImageLibraryDialog avatar crop flow"],"fullName":"ImageLibraryDialog avatar crop flow revela o upload retornado no fluxo de avatar mesmo quando a busca o esconderia","status":"passed","title":"revela o upload retornado no fluxo de avatar mesmo quando a busca o esconderia","duration":337.29110000000037,"failureMessages":[],"meta":{},"tags":[]},{"ancestorTitles":["ImageLibraryDialog avatar crop flow"],"fullName":"ImageLibraryDialog avatar crop flow autoabre o cropper apos upload no fluxo de avatar","status":"passed","title":"autoabre o cropper apos upload no fluxo de avatar","duration":271.0645999999997,"failureMessages":[],"meta":{},"tags":[]},{"ancestorTitles":["ImageLibraryDialog avatar crop flow"],"fullName":"ImageLibraryDialog avatar crop flow autoabre o cropper apos importar por URL no fluxo de avatar","status":"passed","title":"autoabre o cropper apos importar por URL no fluxo de avatar","duration":299.65819999999985,"failureMessages":[],"meta":{},"tags":[]},{"ancestorTitles":["ImageLibraryDialog avatar crop flow"],"fullName":"ImageLibraryDialog avatar crop flow reabre o cropper em dedupe hit mesmo quando a URL retornada ja estava selecionada","status":"passed","title":"reabre o cropper em dedupe hit mesmo quando a URL retornada ja estava selecionada","duration":281.2494999999999,"failureMessages":[],"meta":{},"tags":[]},{"ancestorTitles":["ImageLibraryDialog avatar crop flow"],"fullName":"ImageLibraryDialog avatar crop flow nao autoabre o cropper quando o upload retornado ja e o avatar final slot-managed","status":"passed","title":"nao autoabre o cropper quando o upload retornado ja e o avatar final slot-managed","duration":294.34839999999895,"failureMessages":[],"meta":{},"tags":[]},{"ancestorTitles":["ImageLibraryDialog avatar crop flow"],"fullName":"ImageLibraryDialog avatar crop flow atualiza thumbnail e cropper com cache-bust quando o avatar final reutiliza a mesma URL","status":"passed","title":"atualiza thumbnail e cropper com cache-bust quando o avatar final reutiliza a mesma URL","duration":422.4998999999989,"failureMessages":[],"meta":{},"tags":[]},{"ancestorTitles":["ImageLibraryDialog avatar crop flow"],"fullName":"ImageLibraryDialog avatar crop flow mantem apenas a imagem salva selecionada ao fechar e reabrir no fluxo de avatar","status":"passed","title":"mantem apenas a imagem salva selecionada ao fechar e reabrir no fluxo de avatar","duration":654.2802000000011,"failureMessages":[],"meta":{},"tags":[]},{"ancestorTitles":["ImageLibraryDialog avatar crop flow"],"fullName":"ImageLibraryDialog avatar crop flow gera o PNG final a partir do canvas atual do cropper","status":"passed","title":"gera o PNG final a partir do canvas atual do cropper","duration":0.6437000000005355,"failureMessages":[],"meta":{},"tags":[]},{"ancestorTitles":["ImageLibraryDialog avatar crop flow"],"fullName":"ImageLibraryDialog avatar crop flow falha de forma controlada quando o cropper nao expõe state/image/coordenadas","status":"passed","title":"falha de forma controlada quando o cropper nao expõe state/image/coordenadas","duration":1.7586999999984982,"failureMessages":[],"meta":{},"tags":[]},{"ancestorTitles":["ImageLibraryDialog avatar crop flow"],"fullName":"ImageLibraryDialog avatar crop flow nao envia upload quando o cropper nao consegue fornecer o recorte atual","status":"passed","title":"nao envia upload quando o cropper nao consegue fornecer o recorte atual","duration":345.1360999999997,"failureMessages":[],"meta":{},"tags":[]}],"startTime":1777410522247,"endTime":1777410533479.136,"status":"passed","message":"","name":"D:/dev/nekomorto/src/components/ImageLibraryDialog.avatar-crop.test.tsx"},{"assertionResults":[{"ancestorTitles":["ImageLibraryDialog cancel button"],"fullName":"ImageLibraryDialog cancel button renderiza o botao Cancelar no footer principal","status":"passed","title":"renderiza o botao Cancelar no footer principal","duration":557.7219999999998,"failureMessages":[],"meta":{},"tags":[]},{"ancestorTitles":["ImageLibraryDialog cancel button"],"fullName":"ImageLibraryDialog cancel button fecha sem salvar quando clica em Cancelar","status":"passed","title":"fecha sem salvar quando clica em Cancelar","duration":593.0034,"failureMessages":[],"meta":{},"tags":[]},{"ancestorTitles":["ImageLibraryDialog cancel button"],"fullName":"ImageLibraryDialog cancel button exibe acao para uploads e mantem o modal aberto quando a navegacao e cancelada","status":"passed","title":"exibe acao para uploads e mantem o modal aberto quando a navegacao e cancelada","duration":425.6184999999996,"failureMessages":[],"meta":{},"tags":[]}],"startTime":1777410585087,"endTime":1777410586663.6184,"status":"passed","message":"","name":"D:/dev/nekomorto/src/components/ImageLibraryDialog.cancel-button.test.tsx"},{"assertionResults":[{"ancestorTitles":["ImageLibraryDialog focal point editor"],"fullName":"ImageLibraryDialog focal point editor renderiza a imagem inteira em contain e ignora interacoes fora da area util","status":"passed","title":"renderiza a imagem inteira em contain e ignora interacoes fora da area util","duration":1837.2196,"failureMessages":[],"meta":{},"tags":[]},{"ancestorTitles":["ImageLibraryDialog focal point editor"],"fullName":"ImageLibraryDialog focal point editor move e redimensiona a caixa mantendo drafts independentes por preset","status":"passed","title":"move e redimensiona a caixa mantendo drafts independentes por preset","duration":907.2069000000001,"failureMessages":[],"meta":{},"tags":[]}],"startTime":1777410570912,"endTime":1777410573656.2068,"status":"passed","message":"","name":"D:/dev/nekomorto/src/components/ImageLibraryDialog.focal-point.test.tsx"},{"assertionResults":[{"ancestorTitles":["ImageLibraryDialog loading state"],"fullName":"ImageLibraryDialog loading state renderiza skeleton enquanto a listagem inicial ainda nao respondeu","status":"passed","title":"renderiza skeleton enquanto a listagem inicial ainda nao respondeu","duration":400.2048999999997,"failureMessages":[],"meta":{},"tags":[]},{"ancestorTitles":["ImageLibraryDialog loading state"],"fullName":"ImageLibraryDialog loading state marca a importacao por URL como ocupada enquanto o request ainda esta pendente","status":"passed","title":"marca a importacao por URL como ocupada enquanto o request ainda esta pendente","duration":557.0066000000002,"failureMessages":[],"meta":{},"tags":[]},{"ancestorTitles":["ImageLibraryDialog loading state"],"fullName":"ImageLibraryDialog loading state exibe erro de permissao quando a listagem de uploads falha com 403","status":"passed","title":"exibe erro de permissao quando a listagem de uploads falha com 403","duration":241.07970000000023,"failureMessages":[],"meta":{},"tags":[]},{"ancestorTitles":["ImageLibraryDialog loading state"],"fullName":"ImageLibraryDialog loading state nao repete a listagem sem scopeUserId quando o backend responde 403","status":"passed","title":"nao repete a listagem sem scopeUserId quando o backend responde 403","duration":293.8085000000001,"failureMessages":[],"meta":{},"tags":[]}],"startTime":1777410581053,"endTime":1777410582545.8086,"status":"passed","message":"","name":"D:/dev/nekomorto/src/components/ImageLibraryDialog.loading-state.test.tsx"},{"assertionResults":[{"ancestorTitles":["ImageLibraryDialog mobile layout"],"fullName":"ImageLibraryDialog mobile layout aplica classes responsivas para aliviar o layout no mobile","status":"passed","title":"aplica classes responsivas para aliviar o layout no mobile","duration":1349.9520000000002,"failureMessages":[],"meta":{},"tags":[]}],"startTime":1777410600269,"endTime":1777410601618.952,"status":"passed","message":"","name":"D:/dev/nekomorto/src/components/ImageLibraryDialog.mobile-layout.test.tsx"},{"assertionResults":[{"ancestorTitles":["ImageLibraryDialog project groups"],"fullName":"ImageLibraryDialog project groups agrupa por projeto e pasta, exibindo itens so apos expandir a pasta","status":"passed","title":"agrupa por projeto e pasta, exibindo itens so apos expandir a pasta","duration":1699.6131999999998,"failureMessages":[],"meta":{},"tags":[]},{"ancestorTitles":["ImageLibraryDialog project groups"],"fullName":"ImageLibraryDialog project groups ordena projetos e pastas com comparacao natural","status":"passed","title":"ordena projetos e pastas com comparacao natural","duration":526.1382000000003,"failureMessages":[],"meta":{},"tags":[]}],"startTime":1777410563659,"endTime":1777410565885.1382,"status":"passed","message":"","name":"D:/dev/nekomorto/src/components/ImageLibraryDialog.project-groups.test.tsx"},{"assertionResults":[{"ancestorTitles":["ImageLibraryDialog project image scope"],"fullName":"ImageLibraryDialog project image scope omite a secao de imagens de projeto quando includeProjectImages esta desativado","status":"passed","title":"omite a secao de imagens de projeto quando includeProjectImages esta desativado","duration":508.37890000000016,"failureMessages":[],"meta":{},"tags":[]},{"ancestorTitles":["ImageLibraryDialog project image scope"],"fullName":"ImageLibraryDialog project image scope nao consulta /api/uploads/project-images por padrao","status":"passed","title":"nao consulta /api/uploads/project-images por padrao","duration":167.51819999999998,"failureMessages":[],"meta":{},"tags":[]},{"ancestorTitles":["ImageLibraryDialog project image scope"],"fullName":"ImageLibraryDialog project image scope mantem a secao visivel com mensagem vazia quando includeProjectImages esta ativo","status":"passed","title":"mantem a secao visivel com mensagem vazia quando includeProjectImages esta ativo","duration":260.596,"failureMessages":[],"meta":{},"tags":[]},{"ancestorTitles":["ImageLibraryDialog project image scope"],"fullName":"ImageLibraryDialog project image scope ignora itens de projeto fora de /uploads/projects/","status":"passed","title":"ignora itens de projeto fora de /uploads/projects/","duration":244.3961000000004,"failureMessages":[],"meta":{},"tags":[]}],"startTime":1777410579138,"endTime":1777410580318.396,"status":"passed","message":"","name":"D:/dev/nekomorto/src/components/ImageLibraryDialog.project-images-scope.test.tsx"},{"assertionResults":[{"ancestorTitles":["ImageLibraryDialog selection state"],"fullName":"ImageLibraryDialog selection state preserva pre-selecao existente apos carregar os itens","status":"passed","title":"preserva pre-selecao existente apos carregar os itens","duration":1509.8982,"failureMessages":[],"meta":{},"tags":[]},{"ancestorTitles":["ImageLibraryDialog selection state"],"fullName":"ImageLibraryDialog selection state considera URL absoluta equivalente como selecionada","status":"passed","title":"considera URL absoluta equivalente como selecionada","duration":652.9956999999999,"failureMessages":[],"meta":{},"tags":[]},{"ancestorTitles":["ImageLibraryDialog selection state"],"fullName":"ImageLibraryDialog selection state mantem a pre-selecao visivel quando a API inclui URL fora das pastas listadas","status":"passed","title":"mantem a pre-selecao visivel quando a API inclui URL fora das pastas listadas","duration":460.52729999999974,"failureMessages":[],"meta":{},"tags":[]},{"ancestorTitles":["ImageLibraryDialog selection state"],"fullName":"ImageLibraryDialog selection state limpa automaticamente selecao quando URL nao existe na biblioteca","status":"passed","title":"limpa automaticamente selecao quando URL nao existe na biblioteca","duration":413.60069999999996,"failureMessages":[],"meta":{},"tags":[]},{"ancestorTitles":["ImageLibraryDialog selection state"],"fullName":"ImageLibraryDialog selection state permite desselecionar item pre-selecionado","status":"passed","title":"permite desselecionar item pre-selecionado","duration":472.40200000000004,"failureMessages":[],"meta":{},"tags":[]},{"ancestorTitles":["ImageLibraryDialog selection state"],"fullName":"ImageLibraryDialog selection state limpa a selecao atual pelo botao do footer","status":"passed","title":"limpa a selecao atual pelo botao do footer","duration":246.6748000000007,"failureMessages":[],"meta":{},"tags":[]},{"ancestorTitles":["ImageLibraryDialog selection state"],"fullName":"ImageLibraryDialog selection state nao reseta selecao do usuario em rerender com arrays equivalentes de filtros","status":"passed","title":"nao reseta selecao do usuario em rerender com arrays equivalentes de filtros","duration":763.7528000000002,"failureMessages":[],"meta":{},"tags":[]},{"ancestorTitles":["ImageLibraryDialog selection state"],"fullName":"ImageLibraryDialog selection state nao oculta arquivos avatar fora do fluxo de crop de avatar","status":"passed","title":"nao oculta arquivos avatar fora do fluxo de crop de avatar","duration":464.0569000000005,"failureMessages":[],"meta":{},"tags":[]}],"startTime":1777410555887,"endTime":1777410560871.057,"status":"passed","message":"","name":"D:/dev/nekomorto/src/components/ImageLibraryDialog.selection-state.test.tsx"},{"assertionResults":[{"ancestorTitles":["ImageLibraryDialog upload folder focus"],"fullName":"ImageLibraryDialog upload folder focus abre com filtro inicial focado na pasta de capitulo","status":"passed","title":"abre com filtro inicial focado na pasta de capitulo","duration":894.6892000000003,"failureMessages":[],"meta":{},"tags":[]},{"ancestorTitles":["ImageLibraryDialog upload folder focus"],"fullName":"ImageLibraryDialog upload folder focus permite navegar manualmente para outras pastas do projeto","status":"passed","title":"permite navegar manualmente para outras pastas do projeto","duration":1439.8217000000004,"failureMessages":[],"meta":{},"tags":[]},{"ancestorTitles":["ImageLibraryDialog upload folder focus"],"fullName":"ImageLibraryDialog upload folder focus revela upload deduplicado em outra pasta mesmo fora do fluxo de avatar","status":"passed","title":"revela upload deduplicado em outra pasta mesmo fora do fluxo de avatar","duration":340.0151999999998,"failureMessages":[],"meta":{},"tags":[]},{"ancestorTitles":["ImageLibraryDialog upload folder focus"],"fullName":"ImageLibraryDialog upload folder focus materializa e salva um upload deduplicado que pertence a outro projeto","status":"passed","title":"materializa e salva um upload deduplicado que pertence a outro projeto","duration":528.1648999999998,"failureMessages":[],"meta":{},"tags":[]},{"ancestorTitles":["ImageLibraryDialog upload folder focus"],"fullName":"ImageLibraryDialog upload folder focus mantem o upload deduplicado visivel apos rerender com currentSelectionUrls equivalentes","status":"passed","title":"mantem o upload deduplicado visivel apos rerender com currentSelectionUrls equivalentes","duration":447.6283000000003,"failureMessages":[],"meta":{},"tags":[]},{"ancestorTitles":["ImageLibraryDialog upload folder focus"],"fullName":"ImageLibraryDialog upload folder focus prefere o card de upload quando o item revelado continua visivel no topo","status":"passed","title":"prefere o card de upload quando o item revelado continua visivel no topo","duration":266.21019999999953,"failureMessages":[],"meta":{},"tags":[]},{"ancestorTitles":["ImageLibraryDialog upload folder focus"],"fullName":"ImageLibraryDialog upload folder focus faz fallback para o card de projeto quando o upload do topo foi desduplicado na biblioteca de projeto escopada","status":"passed","title":"faz fallback para o card de projeto quando o upload do topo foi desduplicado na biblioteca de projeto escopada","duration":228.52980000000025,"failureMessages":[],"meta":{},"tags":[]},{"ancestorTitles":["ImageLibraryDialog upload folder focus"],"fullName":"ImageLibraryDialog upload folder focus faz fallback para o card de projeto quando o upload do topo foi desduplicado na biblioteca ampla","status":"passed","title":"faz fallback para o card de projeto quando o upload do topo foi desduplicado na biblioteca ampla","duration":387.8764000000001,"failureMessages":[],"meta":{},"tags":[]},{"ancestorTitles":["ImageLibraryDialog upload folder focus"],"fullName":"ImageLibraryDialog upload folder focus abre o dropdown de pasta com as opcoes visiveis acima do modal","status":"passed","title":"abre o dropdown de pasta com as opcoes visiveis acima do modal","duration":270.28950000000077,"failureMessages":[],"meta":{},"tags":[]},{"ancestorTitles":["ImageLibraryDialog upload folder focus"],"fullName":"ImageLibraryDialog upload folder focus remove caminhos de projeto do dropdown quando imagens de projeto estao habilitadas","status":"passed","title":"remove caminhos de projeto do dropdown quando imagens de projeto estao habilitadas","duration":237.09850000000006,"failureMessages":[],"meta":{},"tags":[]},{"ancestorTitles":["ImageLibraryDialog upload folder focus"],"fullName":"ImageLibraryDialog upload folder focus oculta o dropdown de pasta quando so restam uploads em projects","status":"passed","title":"oculta o dropdown de pasta quando so restam uploads em projects","duration":142.8131999999996,"failureMessages":[],"meta":{},"tags":[]},{"ancestorTitles":["ImageLibraryDialog upload folder focus"],"fullName":"ImageLibraryDialog upload folder focus oculta 'Todas as pastas' quando o fluxo de avatar so pode navegar em users","status":"passed","title":"oculta 'Todas as pastas' quando o fluxo de avatar so pode navegar em users","duration":163.65499999999975,"failureMessages":[],"meta":{},"tags":[]},{"ancestorTitles":["ImageLibraryDialog upload folder focus"],"fullName":"ImageLibraryDialog upload folder focus carrega apenas os roots explicitamente autorizados no avatar","status":"passed","title":"carrega apenas os roots explicitamente autorizados no avatar","duration":386.03300000000036,"failureMessages":[],"meta":{},"tags":[]},{"ancestorTitles":["ImageLibraryDialog upload folder focus"],"fullName":"ImageLibraryDialog upload folder focus colapsa subpastas de projeto para a raiz com titulo fora do editor de projetos","status":"passed","title":"colapsa subpastas de projeto para a raiz com titulo fora do editor de projetos","duration":853.0917000000009,"failureMessages":[],"meta":{},"tags":[]},{"ancestorTitles":["ImageLibraryDialog upload folder focus"],"fullName":"ImageLibraryDialog upload folder focus mantem o request normal de branding com folder escopado e __all__","status":"passed","title":"mantem o request normal de branding com folder escopado e __all__","duration":358.3053,"failureMessages":[],"meta":{},"tags":[]},{"ancestorTitles":["ImageLibraryDialog upload folder focus"],"fullName":"ImageLibraryDialog upload folder focus revela novamente o retorno do segundo upload depois de um dedupe hit inicial","status":"passed","title":"revela novamente o retorno do segundo upload depois de um dedupe hit inicial","duration":391.52419999999984,"failureMessages":[],"meta":{},"tags":[]}],"startTime":1777410533878,"endTime":1777410541214.5242,"status":"passed","message":"","name":"D:/dev/nekomorto/src/components/ImageLibraryDialog.upload-folder-focus.test.tsx"},{"assertionResults":[{"ancestorTitles":["LatestEpisodeCard border styles"],"fullName":"LatestEpisodeCard border styles aplica o shell de animacao novo nos cards internos","status":"passed","title":"aplica o shell de animacao novo nos cards internos","duration":540.6747999999998,"failureMessages":[],"meta":{},"tags":[]},{"ancestorTitles":["LatestEpisodeCard border styles"],"fullName":"LatestEpisodeCard border styles renderiza poster otimizado para as imagens das atualizacoes","status":"passed","title":"renderiza poster otimizado para as imagens das atualizacoes","duration":105.06939999999986,"failureMessages":[],"meta":{},"tags":[]},{"ancestorTitles":["LatestEpisodeCard border styles"],"fullName":"LatestEpisodeCard border styles oculta badges de unidade e volume no mobile mesmo para unidade Extra","status":"passed","title":"oculta badges de unidade e volume no mobile mesmo para unidade Extra","duration":75.35289999999986,"failureMessages":[],"meta":{},"tags":[]},{"ancestorTitles":["LatestEpisodeCard border styles"],"fullName":"LatestEpisodeCard border styles mantem a pill de ajuste com o destaque ambar no novo shell","status":"passed","title":"mantem a pill de ajuste com o destaque ambar no novo shell","duration":88.75540000000001,"failureMessages":[],"meta":{},"tags":[]}],"startTime":1777410606963,"endTime":1777410607772.7554,"status":"passed","message":"","name":"D:/dev/nekomorto/src/components/LatestEpisodeCard.border.test.tsx"},{"assertionResults":[{"ancestorTitles":["PostContentEditor color pickers"],"fullName":"PostContentEditor color pickers aplica a cor do texto sem travar o scroll da pagina","status":"passed","title":"aplica a cor do texto sem travar o scroll da pagina","duration":919.8642000000004,"failureMessages":[],"meta":{},"tags":[]},{"ancestorTitles":["PostContentEditor color pickers"],"fullName":"PostContentEditor color pickers mantem o popover de gradiente aberto ao usar os color pickers internos","status":"passed","title":"mantem o popover de gradiente aberto ao usar os color pickers internos","duration":646.6760999999997,"failureMessages":[],"meta":{},"tags":[]}],"startTime":1777410569442,"endTime":1777410571008.676,"status":"passed","message":"","name":"D:/dev/nekomorto/src/components/PostContentEditor.color-picker.test.tsx"},{"assertionResults":[{"ancestorTitles":["PostContentEditor security"],"fullName":"PostContentEditor security sanitizes preview HTML before rendering it","status":"passed","title":"sanitizes preview HTML before rendering it","duration":685.4678999999996,"failureMessages":[],"meta":{},"tags":[]}],"startTime":1777410609245,"endTime":1777410609930.468,"status":"passed","message":"","name":"D:/dev/nekomorto/src/components/PostContentEditor.security.test.tsx"},{"assertionResults":[{"ancestorTitles":["ProjectEmbedCard"],"fullName":"ProjectEmbedCard ordena tags por traducao exibida, mantem badges no rodape e usa clamp padrao de duas linhas","status":"passed","title":"ordena tags por traducao exibida, mantem badges no rodape e usa clamp padrao de duas linhas","duration":156.34029999999984,"failureMessages":[],"meta":{},"tags":[]},{"ancestorTitles":["ProjectEmbedCard"],"fullName":"ProjectEmbedCard renderiza a capa lateral edge-to-edge com proporcao 9:14 e largura fixa","status":"passed","title":"renderiza a capa lateral edge-to-edge com proporcao 9:14 e largura fixa","duration":368.3472999999999,"failureMessages":[],"meta":{},"tags":[]},{"ancestorTitles":["ProjectEmbedCard"],"fullName":"ProjectEmbedCard mapeia o clamp dinamico para classes explicitas e oculta a sinopse com zero linhas","status":"passed","title":"mapeia o clamp dinamico para classes explicitas e oculta a sinopse com zero linhas","duration":45.83609999999999,"failureMessages":[],"meta":{},"tags":[]},{"ancestorTitles":["ProjectEmbedCard"],"fullName":"ProjectEmbedCard renderiza posterThumb com fallback semantico para poster quando a API entrega apenas poster","status":"passed","title":"renderiza posterThumb com fallback semantico para poster quando a API entrega apenas poster","duration":187.3074999999999,"failureMessages":[],"meta":{},"tags":[]}],"startTime":1777410606735,"endTime":1777410607492.3076,"status":"passed","message":"","name":"D:/dev/nekomorto/src/components/ProjectEmbedCard.test.tsx"},{"assertionResults":[{"ancestorTitles":["public bootstrap dedupe"],"fullName":"public bootstrap dedupe faz uma unica chamada para /api/public/bootstrap com multiplos consumidores","status":"passed","title":"faz uma unica chamada para /api/public/bootstrap com multiplos consumidores","duration":396.0426000000002,"failureMessages":[],"meta":{},"tags":[]}],"startTime":1777410612880,"endTime":1777410613276.0425,"status":"passed","message":"","name":"D:/dev/nekomorto/src/components/public-bootstrap.dedupe.test.tsx"},{"assertionResults":[{"ancestorTitles":["PublicInteractiveCardShell"],"fullName":"PublicInteractiveCardShell renderiza as camadas de shadow no preset padrao","status":"passed","title":"renderiza as camadas de shadow no preset padrao","duration":13.74409999999989,"failureMessages":
[...]
7839999999997,"failureMessages":[],"meta":{},"tags":[]},{"ancestorTitles":["CompactPagination"],"fullName":"CompactPagination renderiza uma janela compacta no meio da faixa","status":"passed","title":"renderiza uma janela compacta no meio da faixa","duration":90.38340000000017,"failureMessages":[],"meta":{},"tags":[]},{"ancestorTitles":["CompactPagination"],"fullName":"CompactPagination expande a janela perto do inicio e do fim","status":"passed","title":"expande a janela perto do inicio e do fim","duration":170.91840000000002,"failureMessages":[],"meta":{},"tags":[]},{"ancestorTitles":["CompactPagination"],"fullName":"CompactPagination remove o foco residual quando um link recebe foco por interacao de ponteiro","status":"passed","title":"remove o foco residual quando um link recebe foco por interacao de ponteiro","duration":159.37360000000035,"failureMessages":[],"meta":{},"tags":[]},{"ancestorTitles":["CompactPagination"],"fullName":"CompactPagination mantem o foco quando o link recebe foco sem interacao de ponteiro","status":"passed","title":"mantem o foco quando o link recebe foco sem interacao de ponteiro","duration":96.71489999999994,"failureMessages":[],"meta":{},"tags":[]},{"ancestorTitles":["CompactPagination"],"fullName":"CompactPagination limpa a modalidade de ponteiro apos keydown para preservar o foco de teclado","status":"passed","title":"limpa a modalidade de ponteiro apos keydown para preservar o foco de teclado","duration":32.647500000000036,"failureMessages":[],"meta":{},"tags":[]},{"ancestorTitles":["CompactPagination"],"fullName":"CompactPagination desabilita navegacao e impede cliques enquanto disabled estiver ativo","status":"passed","title":"desabilita navegacao e impede cliques enquanto disabled estiver ativo","duration":113.57420000000002,"failureMessages":[],"meta":{},"tags":[]}],"startTime":1777410597935,"endTime":1777410598989.5742,"status":"passed","message":"","name":"D:/dev/nekomorto/src/components/ui/compact-pagination.test.tsx"},{"assertionResults":[{"ancestorTitles":["Dialog mobile rounded"],"fullName":"Dialog mobile rounded aplica rounded-lg e respiro lateral mobile no conteudo","status":"passed","title":"aplica rounded-lg e respiro lateral mobile no conteudo","duration":248.8412000000003,"failureMessages":[],"meta":{},"tags":[]},{"ancestorTitles":["Dialog mobile rounded"],"fullName":"Dialog mobile rounded permite sobrescrever largura e max-width via className","status":"passed","title":"permite sobrescrever largura e max-width via className","duration":74.19290000000001,"failureMessages":[],"meta":{},"tags":[]},{"ancestorTitles":["Dialog mobile rounded"],"fullName":"Dialog mobile rounded permite customizar separadamente o wrapper e o overlay","status":"passed","title":"permite customizar separadamente o wrapper e o overlay","duration":71.63559999999961,"failureMessages":[],"meta":{},"tags":[]}],"startTime":1777410590638,"endTime":1777410591032.6355,"status":"passed","message":"","name":"D:/dev/nekomorto/src/components/ui/dialog.mobile-rounded.test.tsx"},{"assertionResults":[{"ancestorTitles":["DropdownMenu scroll lock"],"fullName":"DropdownMenu scroll lock nao aplica lock de scroll por padrao (modal=false)","status":"passed","title":"nao aplica lock de scroll por padrao (modal=false)","duration":1781.1275999999998,"failureMessages":[],"meta":{},"tags":[]},{"ancestorTitles":["DropdownMenu scroll lock"],"fullName":"DropdownMenu scroll lock aplica lock de scroll quando modal=true","status":"passed","title":"aplica lock de scroll quando modal=true","duration":302.7385000000004,"failureMessages":[],"meta":{},"tags":[]}],"startTime":1777410599084,"endTime":1777410601167.7385,"status":"passed","message":"","name":"D:/dev/nekomorto/src/components/ui/dropdown-menu.scroll-lock.test.tsx"},{"assertionResults":[{"ancestorTitles":["Input line-height contract"],"fullName":"Input line-height contract keeps desktop font-size responsive without reintroducing text-sm line-height","status":"passed","title":"keeps desktop font-size responsive without reintroducing text-sm line-height","duration":48.465400000000045,"failureMessages":[],"meta":{},"tags":[]}],"startTime":1777410625579,"endTime":1777410625627.4653,"status":"passed","message":"","name":"D:/dev/nekomorto/src/components/ui/input.line-height.test.tsx"},{"assertionResults":[{"ancestorTitles":["PillButton"],"fullName":"PillButton reutiliza o foco compartilhado e o tamanho minimo de pill","status":"passed","title":"reutiliza o foco compartilhado e o tamanho minimo de pill","duration":327.6023,"failureMessages":[],"meta":{},"tags":[]},{"ancestorTitles":["PillButton"],"fullName":"PillButton expoe tons compartilhados para pills interativas","status":"passed","title":"expoe tons compartilhados para pills interativas","duration":53.9087999999997,"failureMessages":[],"meta":{},"tags":[]},{"ancestorTitles":["PillButton"],"fullName":"PillButton mantem a pill neutra independente de accent customizado claro","status":"passed","title":"mantem a pill neutra independente de accent customizado claro","duration":18.323499999999967,"failureMessages":[],"meta":{},"tags":[]}],"startTime":1777410598888,"endTime":1777410599288.3235,"status":"passed","message":"","name":"D:/dev/nekomorto/src/components/ui/pill-button.test.tsx"},{"assertionResults":[{"ancestorTitles":["Sidebar desktop toggle"],"fullName":"Sidebar desktop toggle alterna a sidebar desktop e atualiza o offset compartilhado","status":"passed","title":"alterna a sidebar desktop e atualiza o offset compartilhado","duration":409.942,"failureMessages":[],"meta":{},"tags":[]},{"ancestorTitles":["Sidebar desktop toggle"],"fullName":"Sidebar desktop toggle inicializa a partir do cookie e persiste o novo estado desktop","status":"passed","title":"inicializa a partir do cookie e persiste o novo estado desktop","duration":86.69120000000021,"failureMessages":[],"meta":{},"tags":[]}],"startTime":1777410612698,"endTime":1777410613194.6912,"status":"passed","message":"","name":"D:/dev/nekomorto/src/components/ui/sidebar.desktop-toggle.test.tsx"},{"assertionResults":[{"ancestorTitles":["Sidebar mobile toggle"],"fullName":"Sidebar mobile toggle abre e fecha a sidebar mobile pelo mesmo trigger com matchMedia legado","status":"passed","title":"abre e fecha a sidebar mobile pelo mesmo trigger com matchMedia legado","duration":521.9760000000001,"failureMessages":[],"meta":{},"tags":[]}],"startTime":1777410604266,"endTime":1777410604787.976,"status":"passed","message":"","name":"D:/dev/nekomorto/src/components/ui/sidebar.mobile-toggle.test.tsx"},{"assertionResults":[{"ancestorTitles":["SidebarMenuButton tooltip mounting"],"fullName":"SidebarMenuButton tooltip mounting monta tooltip apenas quando a sidebar desktop esta colapsada","status":"passed","title":"monta tooltip apenas quando a sidebar desktop esta colapsada","duration":85.27069999999958,"failureMessages":[],"meta":{},"tags":[]},{"ancestorTitles":["SidebarMenuButton tooltip mounting"],"fullName":"SidebarMenuButton tooltip mounting nao monta tooltip quando a sidebar desktop esta expandida","status":"passed","title":"nao monta tooltip quando a sidebar desktop esta expandida","duration":381.88099999999986,"failureMessages":[],"meta":{},"tags":[]},{"ancestorTitles":["SidebarMenuButton tooltip mounting"],"fullName":"SidebarMenuButton tooltip mounting nao monta tooltip em mobile mesmo com a sidebar colapsada","status":"passed","title":"nao monta tooltip em mobile mesmo com a sidebar colapsada","duration":10.211900000000242,"failureMessages":[],"meta":{},"tags":[]}],"startTime":1777410620345,"endTime":1777410620822.212,"status":"passed","message":"","name":"D:/dev/nekomorto/src/components/ui/sidebar.tooltip-mount.test.tsx"},{"assertionResults":[{"ancestorTitles":["Table"],"fullName":"Table aplica hover arredondado nas celulas e deixa a linha sem fundo proprio","status":"passed","title":"aplica hover arredondado nas celulas e deixa a linha sem fundo proprio","duration":963.6252999999999,"failureMessages":[],"meta":{},"tags":[]}],"startTime":1777410617747,"endTime":1777410618710.6252,"status":"passed","message":"","name":"D:/dev/nekomorto/src/components/ui/table.test.tsx"},{"assertionResults":[{"ancestorTitles":["client lexical serialize"],"fullName":"client lexical serialize normaliza um estado com keyword node","status":"passed","title":"normaliza um estado com keyword node","duration":8.929699999999684,"failureMessages":[],"meta":{},"tags":[]},{"ancestorTitles":["client lexical serialize"],"fullName":"client lexical serialize normaliza um estado com specialText node","status":"passed","title":"normaliza um estado com specialText node","duration":1.2825000000002547,"failureMessages":[],"meta":{},"tags":[]},{"ancestorTitles":["client lexical serialize"],"fullName":"client lexical serialize mantem o fallback canonico para root vazio","status":"passed","title":"mantem o fallback canonico para root vazio","duration":0.25500000000010914,"failureMessages":[],"meta":{},"tags":[]},{"ancestorTitles":["client lexical serialize"],"fullName":"client lexical serialize normaliza um estado com image node serializado","status":"passed","title":"normaliza um estado com image node serializado","duration":1.197099999999864,"failureMessages":[],"meta":{},"tags":[]},{"ancestorTitles":["client lexical serialize"],"fullName":"client lexical serialize normaliza um estado com epub-image node serializado","status":"passed","title":"normaliza um estado com epub-image node serializado","duration":1.0377000000003136,"failureMessages":[],"meta":{},"tags":[]},{"ancestorTitles":["client lexical serialize"],"fullName":"client lexical serialize normaliza um estado com epub-paragraph node serializado","status":"passed","title":"normaliza um estado com epub-paragraph node serializado","duration":3.258299999999963,"failureMessages":[],"meta":{},"tags":[]},{"ancestorTitles":["client lexical serialize"],"fullName":"client lexical serialize normaliza um estado com epub-heading node serializado","status":"passed","title":"normaliza um estado com epub-heading node serializado","duration":1.3476000000000568,"failureMessages":[],"meta":{},"tags":[]},{"ancestorTitles":["client lexical serialize"],"fullName":"client lexical serialize normaliza um estado com epub-anchor node serializado","status":"passed","title":"normaliza um estado com epub-anchor node serializado","duration":1.7074000000002343,"failureMessages":[],"meta":{},"tags":[]},{"ancestorTitles":["client lexical serialize"],"fullName":"client lexical serialize preserva font-size inline ao converter html para lexical","status":"passed","title":"preserva font-size inline ao converter html para lexical","duration":9.918900000000122,"failureMessages":[],"meta":{},"tags":[]},{"ancestorTitles":["client lexical serialize"],"fullName":"client lexical serialize preserva font-size inline e italico ao converter html para lexical","status":"passed","title":"preserva font-size inline e italico ao converter html para lexical","duration":4.397899999999936,"failureMessages":[],"meta":{},"tags":[]}],"startTime":1777410624384,"endTime":1777410624418.398,"status":"passed","message":"","name":"D:/dev/nekomorto/src/lib/lexical/serialize.test.ts"},{"assertionResults":[{"ancestorTitles":["normalizeLexicalViewerJson"],"fullName":"normalizeLexicalViewerJson fecha colapsaveis no estado do viewer sem alterar o payload original","status":"passed","title":"fecha colapsaveis no estado do viewer sem alterar o payload original","duration":7.931799999999839,"failureMessages":[],"meta":{},"tags":[]},{"ancestorTitles":["normalizeLexicalViewerJson"],"fullName":"normalizeLexicalViewerJson remove linhas vazias dentro de titulos e conteudos de colapsaveis","status":"passed","title":"remove linhas vazias dentro de titulos e conteudos de colapsaveis","duration":2.6035000000001673,"failureMessages":[],"meta":{},"tags":[]}],"startTime":1777410634974,"endTime":1777410634984.6035,"status":"passed","message":"","name":"D:/dev/nekomorto/src/lib/lexical/viewer.test.ts"},{"assertionResults":[{"ancestorTitles":["CollapsibleContainerNode"],"fullName":"CollapsibleContainerNode nao aplica o atributo open no createDOM quando o colapsavel nasce fechado no chrome","status":"passed","title":"nao aplica o atributo open no createDOM quando o colapsavel nasce fechado no chrome","duration":2.4307000000001153,"failureMessages":[],"meta":{},"tags":[]},{"ancestorTitles":["CollapsibleContainerNode"],"fullName":"CollapsibleContainerNode aplica o atributo open no createDOM quando o colapsavel nasce aberto no chrome","status":"passed","title":"aplica o atributo open no createDOM quando o colapsavel nasce aberto no chrome","duration":0.8750999999999749,"failureMessages":[],"meta":{},"tags":[]},{"ancestorTitles":["CollapsibleContainerNode"],"fullName":"CollapsibleContainerNode omite o atributo open quando o colapsavel esta fechado","status":"passed","title":"omite o atributo open quando o colapsavel esta fechado","duration":0.7627999999999702,"failureMessages":[],"meta":{},"tags":[]},{"ancestorTitles":["CollapsibleContainerNode"],"fullName":"CollapsibleContainerNode mantem o atributo open quando o colapsavel esta aberto","status":"passed","title":"mantem o atributo open quando o colapsavel esta aberto","duration":0.30169999999998254,"failureMessages":[],"meta":{},"tags":[]}],"startTime":1777410627808,"endTime":1777410627813.3018,"status":"passed","message":"","name":"D:/dev/nekomorto/src/lexical-playground/plugins/CollapsiblePlugin/CollapsibleContainerNode.test.ts"},{"assertionResults":[{"ancestorTitles":["KeywordsPlugin matcher"],"fullName":"KeywordsPlugin matcher matches keywords at start, middle, and end boundaries","status":"passed","title":"matches keywords at start, middle, and end boundaries","duration":3.138500000000022,"failureMessages":[],"meta":{},"tags":[]},{"ancestorTitles":["KeywordsPlugin matcher"],"fullName":"KeywordsPlugin matcher does not match keywords embedded in a word","status":"passed","title":"does not match keywords embedded in a word","duration":0.25030000000015207,"failureMessages":[],"meta":{},"tags":[]}],"startTime":1777410653841,"endTime":1777410653845.2502,"status":"passed","message":"","name":"D:/dev/nekomorto/src/lexical-playground/plugins/KeywordsPlugin/index.test.ts"},{"assertionResults":[{"ancestorTitles":["isToolbarStickyStuck"],"fullName":"isToolbarStickyStuck returns false when toolbar is below sticky threshold","status":"passed","title":"returns false when toolbar is below sticky threshold","duration":1.3578999999999724,"failureMessages":[],"meta":{},"tags":[]},{"ancestorTitles":["isToolbarStickyStuck"],"fullName":"isToolbarStickyStuck returns true when toolbar hits sticky threshold exactly","status":"passed","title":"returns true when toolbar hits sticky threshold exactly","duration":0.28510000000005675,"failureMessages":[],"meta":{},"tags":[]},{"ancestorTitles":["isToolbarStickyStuck"],"fullName":"isToolbarStickyStuck returns true when toolbar is above sticky threshold","status":"passed","title":"returns true when toolbar is above sticky threshold","duration":0.2258999999999105,"failureMessages":[],"meta":{},"tags":[]},{"ancestorTitles":["isToolbarStickyStuck"],"fullName":"isToolbarStickyStuck respects one pixel tolerance","status":"passed","title":"respects one pixel tolerance","duration":0.169999999999618,"failureMessages":[],"meta":{},"tags":[]}],"startTime":1777410663365,"endTime":1777410663367.2852,"status":"passed","message":"","name":"D:/dev/nekomorto/src/lexical-playground/plugins/ToolbarPlugin/sticky-state.test.ts"},{"assertionResults":[{"ancestorTitles":["getPostStatusLabel"],"fullName":"getPostStatusLabel should return 'Publicado' for 'published' status","status":"passed","title":"should return 'Publicado' for 'published' status","duration":1.3849999999997635,"failureMessages":[],"meta":{},"tags":[]},{"ancestorTitles":["getPostStatusLabel"],"fullName":"getPostStatusLabel should return 'Agendado' for 'scheduled' status","status":"passed","title":"should return 'Agendado' for 'scheduled' status","duration":0.18820000000005166,"failureMessages":[],"meta":{},"tags":[]},{"ancestorTitles":["getPostStatusLabel"],"fullName":"getPostStatusLabel should return 'Rascunho' for 'draft' status","status":"passed","title":"should return 'Rascunho' for 'draft' status","duration":0.13499999999976353,"failureMessages":[],"meta":{},"tags":[]},{"ancestorTitles":["getPostStatusLabel"],"fullName":"getPostStatusLabel should return 'Rascunho' for any other status (default case)","status":"passed","title":"should return 'Rascunho' for any other status (default case)","duration":0.11619999999993524,"failureMessages":[],"meta":{},"tags":[]}],"startTime":1777410664003,"endTime":1777410664005.1882,"status":"passed","message":"","name":"D:/dev/nekomorto/src/components/dashboard/post-editor/dashboard-posts-types.test.ts"},{"assertionResults":[{"ancestorTitles":["ProjectEditorImageLibraryDialog selection memoization"],"fullName":"ProjectEditorImageLibraryDialog selection memoization mantem currentSelectionUrls estavel quando a selecao nao muda","status":"passed","title":"mantem currentSelectionUrls estavel quando a selecao nao muda","duration":12.972900000000209,"failureMessages":[],"meta":{},"tags":[]}],"startTime":1777410631687,"endTime":1777410631699.973,"status":"passed","message":"","name":"D:/dev/nekomorto/src/components/dashboard/project-editor/ProjectEditorImageLibraryDialog.props.test.tsx"},{"assertionResults":[{"ancestorTitles":["ProjectEditorImageLibraryDialog"],"fullName":"ProjectEditorImageLibraryDialog materializa e salva um upload deduplicado de outro projeto","status":"passed","title":"materializa e salva um upload deduplicado de outro projeto","duration":2087.8989,"failureMessages":[],"meta":{},"tags":[]}],"startTime":1777410565114,"endTime":1777410567201.899,"status":"passed","message":"","name":"D:/dev/nekomorto/src/components/dashboard/project-editor/ProjectEditorImageLibraryDialog.test.tsx"},{"assertionResults":[{"ancestorTitles":["useDashboardProjectsEditorPersistence"],"fullName":"useDashboardProjectsEditorPersistence refaz o bootstrap público após salvar o projeto","status":"passed","title":"refaz o bootstrap público após salvar o projeto","duration":17.132900000000063,"failureMessages":[],"meta":{},"tags":[]},{"ancestorTitles":["useDashboardProjectsEditorPersistence"],"fullName":"useDashboardProjectsEditorPersistence refaz o bootstrap público após excluir o projeto","status":"passed","title":"refaz o bootstrap público após excluir o projeto","duration":2.236699999999928,"failureMessages":[],"meta":{},"tags":[]},{"ancestorTitles":["useDashboardProjectsEditorPersistence"],"fullName":"useDashboardProjectsEditorPersistence refaz o bootstrap público após restaurar o projeto","status":"passed","title":"refaz o bootstrap público após restaurar o projeto","duration":1.7817000000000007,"failureMessages":[],"meta":{},"tags":[]},{"ancestorTitles":["useDashboardProjectsEditorPersistence"],"fullName":"useDashboardProjectsEditorPersistence abre a seção de episódios e bloqueia o save local quando há publicação sem acesso público real","status":"passed","title":"abre a seção de episódios e bloqueia o save local quando há publicação sem acesso público real","duration":3.309099999999944,"failureMessages":[],"meta":{},"tags":[]}],"startTime":1777410626655,"endTime":1777410626679.309,"status":"passed","message":"","name":"D:/dev/nekomorto/src/components/dashboard/project-editor/useDashboardProjectsEditorPersistence.test.tsx"},{"assertionResults":[{"ancestorTitles":["ViewerPollNode"],"fullName":"ViewerPollNode cria host block-level com largura previsivel no viewer publico","status":"passed","title":"cria host block-level com largura previsivel no viewer publico","duration":9.342200000000048,"failureMessages":[],"meta":{},"tags":[]}],"startTime":1777410635813,"endTime":1777410635822.3423,"status":"passed","message":"","name":"D:/dev/nekomorto/src/components/lexical/viewer-nodes/ViewerPollNode.test.tsx"}]}